<?xml version="1.0" encoding="utf-8"?>
<TestRun id="a4d34df3-2c31-4798-9c74-092be40029e6" name="david@CYBER-TOWER 2026-08-01 22:45:58" runUser="CYBER-TOWER\david" xmlns="http://microsoft.com/schemas/VisualStudio/TeamTest/2010">
  <Times creation="2026-08-01T22:45:58.6608212+02:00" queuing="2026-08-01T22:45:58.6608213+02:00" start="2026-08-01T22:45:57.9946874+02:00" finish="2026-08-01T22:45:58.6642832+02:00" />
  <TestSettings name="default" id="39b98d3e-0de5-4e62-96fb-6888f185385e">
    <Deployment runDeploymentRoot="david_CYBER-TOWER_2026-08-01_22_45_58" />
  </TestSettings>
  <Results>
    <UnitTestResult executionId="87d14957-8ea5-44be-83e1-ee2f15d385dd" testId="16dfb3b3-5cd7-8a8f-bb12-d8f1efe2e958" testName="BrainFeedback_ProjectResetRejectsLateResponse" computerName="CYBER-TOWER" duration="00:00:00.0029989" startTime="2026-08-01T22:45:58.5940400+02:00" endTime="2026-08-01T22:45:58.5984638+02:00" testType="13cdc9d9-ddb5-4fa4-a97d-d965ccfc6d4b" outcome="Passed" testListId="8c84fa94-04c1-424b-9868-57a2d4851a1d" relativeResultsDirectory="87d14957-8ea5-44be-83e1-ee2f15d385dd" />
    <UnitTestResult executionId="eb5113fd-b503-40a0-9c8b-b0d67c436ee1" testId="144c1203-7f4c-812c-8221-c24240cd374d" testName="AudioAnalysis_ProjectTransitionRejectsLateError" computerName="CYBER-TOWER" duration="00:00:00.0334160" startTime="2026-08-01T22:45:58.5401381+02:00" endTime="2026-08-01T22:45:58.5842374+02:00" testType="13cdc9d9-ddb5-4fa4-a97d-d965ccfc6d4b" outcome="Passed" testListId="8c84fa94-04c1-424b-9868-57a2d4851a1d" relativeResultsDirectory="eb5113fd-b503-40a0-9c8b-b0d67c436ee1" />
    <UnitTestResult executionId="e5eeaa5f-08ac-479f-be27-2bfc05f616a4" testId="19ab4099-d163-8c50-92c9-0619ffa46d6f" testName="PacingGeneration_ProjectTransitionRejectsLateError" computerName="CYBER-TOWER" duration="00:00:00.0069741" startTime="2026-08-01T22:45:58.5865718+02:00" endTime="2026-08-01T22:45:58.5938882+02:00" testType="13cdc9d9-ddb5-4fa4-a97d-d965ccfc6d4b" outcome="Passed" testListId="8c84fa94-04c1-424b-9868-57a2d4851a1d" relativeResultsDirectory="e5eeaa5f-08ac-479f-be27-2bfc05f616a4" />
  </Results>
  <TestDefinitions>
    <UnitTest name="PacingGeneration_ProjectTransitionRejectsLateError" storage="c:\users\david\documents\pb_studio_amd_version\pbstudio.ui.tests\bin\release\net9.0-windows\pbstudio.ui.tests.dll" id="19ab4099-d163-8c50-92c9-0619ffa46d6f">
      <Execution id="e5eeaa5f-08ac-479f-be27-2bfc05f616a4" />
      <TestMethod codeBase="C:\Users\david\Documents\Pb_studio_AMD_version\PBStudio.UI.Tests\bin\Release\net9.0-windows\PBStudio.UI.Tests.dll" adapterTypeName="executor://mstestadapter/v4" className="PBStudio.UI.Tests.ProjectSwitchUiPublicationTests" name="PacingGeneration_ProjectTransitionRejectsLateError" />
    </UnitTest>
    <UnitTest name="AudioAnalysis_ProjectTransitionRejectsLateError" storage="c:\users\david\documents\pb_studio_amd_version\pbstudio.ui.tests\bin\release\net9.0-windows\pbstudio.ui.tests.dll" id="144c1203-7f4c-812c-8221-c24240cd374d">
      <Execution id="eb5113fd-b503-40a0-9c8b-b0d67c436ee1" />
      <TestMethod codeBase="C:\Users\david\Documents\Pb_studio_AMD_version\PBStudio.UI.Tests\bin\Release\net9.0-windows\PBStudio.UI.Tests.dll" adapterTypeName="executor://mstestadapter/v4" className="PBStudio.UI.Tests.ProjectSwitchUiPublicationTests" name="AudioAnalysis_ProjectTransitionRejectsLateError" />
    </UnitTest>
    <UnitTest name="BrainFeedback_ProjectResetRejectsLateResponse" storage="c:\users\david\documents\pb_studio_amd_version\pbstudio.ui.tests\bin\release\net9.0-windows\pbstudio.ui.tests.dll" id="16dfb3b3-5cd7-8a8f-bb12-d8f1efe2e958">
      <Execution id="87d14957-8ea5-44be-83e1-ee2f15d385dd" />
      <TestMethod codeBase="C:\Users\david\Documents\Pb_studio_AMD_version\PBStudio.UI.Tests\bin\Release\net9.0-windows\PBStudio.UI.Tests.dll" adapterTypeName="executor://mstestadapter/v4" className="PBStudio.UI.Tests.ProjectSwitchUiPublicationTests" name="BrainFeedback_ProjectResetRejectsLateResponse" />
    </UnitTest>
  </TestDefinitions>
  <TestEntries>
    <TestEntry testId="16dfb3b3-5cd7-8a8f-bb12-d8f1efe2e958" executionId="87d14957-8ea5-44be-83e1-ee2f15d385dd" testListId="8c84fa94-04c1-424b-9868-57a2d4851a1d" />
    <TestEntry testId="144c1203-7f4c-812c-8221-c24240cd374d" executionId="eb5113fd-b503-40a0-9c8b-b0d67c436ee1" testListId="8c84fa94-04c1-424b-9868-57a2d4851a1d" />
    <TestEntry testId="19ab4099-d163-8c50-92c9-0619ffa46d6f" executionId="e5eeaa5f-08ac-479f-be27-2bfc05f616a4" testListId="8c84fa94-04c1-424b-9868-57a2d4851a1d" />
  </TestEntries>
  <TestLists>
    <TestList name="Ergebnisse nicht in einer Liste" id="8c84fa94-04c1-424b-9868-57a2d4851a1d" />
    <TestList name="Alle geladenen Ergebnisse" id="19431567-8539-422a-85d7-44ee4e166bda" />
  </TestLists>
  <ResultSummary outcome="Completed">
    <Counters total="3" executed="3" passed="3" failed="0" error="0" timeout="0" aborted="0" inconclusive="0" passedButRunAborted="0" notRunnable="0" notExecuted="0" disconnected="0" warning="0" completed="0" inProgress="0" pending="0" />
  </ResultSummary>
</TestRun>