<?xml version="1.0" encoding="utf-8"?>
<TestRun id="51a6e287-64f1-471c-8572-3482ab0f7819" name="david@CYBER-TOWER 2026-09-14 22:05:44" runUser="CYBER-TOWER\david" xmlns="http://microsoft.com/schemas/VisualStudio/TeamTest/2010">
  <Times creation="2026-09-14T22:05:44.8944395+02:00" queuing="2026-09-14T22:05:44.8944396+02:00" start="2026-09-14T22:05:44.3821513+02:00" finish="2026-09-14T22:05:45.7550856+02:00" />
  <TestSettings name="default" id="5df67123-647f-4fbc-a9fd-4bd4895cd233">
    <Deployment runDeploymentRoot="david_CYBER-TOWER_2026-09-14_22_05_44" />
  </TestSettings>
  <Results>
    <UnitTestResult executionId="12daebf1-0d91-45f0-bcca-35388283d583" testId="16dfb3b3-5cd7-8a8f-bb12-d8f1efe2e958" testName="BrainFeedback_ProjectResetRejectsLateResponse" computerName="CYBER-TOWER" duration="00:00:00.0009761" startTime="2026-09-14T22:05:45.0888733+02:00" endTime="2026-09-14T22:05:45.0898683+02:00" testType="13cdc9d9-ddb5-4fa4-a97d-d965ccfc6d4b" outcome="Passed" testListId="8c84fa94-04c1-424b-9868-57a2d4851a1d" relativeResultsDirectory="12daebf1-0d91-45f0-bcca-35388283d583" />
    <UnitTestResult executionId="f494cfa4-4030-48d2-ae50-4927652a84c7" testId="1a85b9d0-ed10-8ad1-8a4d-c0b3d964fc8a" testName="BrainFeedback_RetryIdIsStableOnlyWithinSameProject" computerName="CYBER-TOWER" duration="00:00:00.0101783" startTime="2026-09-14T22:05:44.8650599+02:00" endTime="2026-09-14T22:05:44.8752591+02:00" testType="13cdc9d9-ddb5-4fa4-a97d-d965ccfc6d4b" outcome="Passed" testListId="8c84fa94-04c1-424b-9868-57a2d4851a1d" relativeResultsDirectory="f494cfa4-4030-48d2-ae50-4927652a84c7" />
    <UnitTestResult executionId="f980ece0-ce11-4de5-bd77-b1cce4ef7048" testId="1d87ef74-17e2-8535-86d5-5c4ceb10045c" testName="VideoBatch_CompletedClipStillReachesPlannerAndSortPreservesIdentity" computerName="CYBER-TOWER" duration="00:00:00.1655636" startTime="2026-09-14T22:05:44.6396381+02:00" endTime="2026-09-14T22:05:44.8153120+02:00" testType="13cdc9d9-ddb5-4fa4-a97d-d965ccfc6d4b" outcome="Passed" testListId="8c84fa94-04c1-424b-9868-57a2d4851a1d" relativeResultsDirectory="f980ece0-ce11-4de5-bd77-b1cce4ef7048" />
    <UnitTestResult executionId="c8ed7951-f3ad-4af9-97aa-5661ec549922" testId="114c8c5b-7a77-80d7-aa1c-dfc45a6bfa66" testName="ModelDtos_DeserializeBackendJsonTruth" computerName="CYBER-TOWER" duration="00:00:00.0040328" startTime="2026-09-14T22:05:45.2725780+02:00" endTime="2026-09-14T22:05:45.2766282+02:00" testType="13cdc9d9-ddb5-4fa4-a97d-d965ccfc6d4b" outcome="Passed" testListId="8c84fa94-04c1-424b-9868-57a2d4851a1d" relativeResultsDirectory="c8ed7951-f3ad-4af9-97aa-5661ec549922" />
    <UnitTestResult executionId="d3c1af11-b016-4f32-84a3-894e35000110" testId="1e847777-d735-8eba-813f-3a1042c11793" testName="LearningPlayback_PublishesCutBoundsAndCompletionState" computerName="CYBER-TOWER" duration="00:00:00.0010119" startTime="2026-09-14T22:05:45.0563319+02:00" endTime="2026-09-14T22:05:45.0573584+02:00" testType="13cdc9d9-ddb5-4fa4-a97d-d965ccfc6d4b" outcome="Passed" testListId="8c84fa94-04c1-424b-9868-57a2d4851a1d" relativeResultsDirectory="d3c1af11-b016-4f32-84a3-894e35000110" />
    <UnitTestResult executionId="7160e36d-4c33-4e0c-a8ba-f78d0bba7e42" testId="146b3c6a-d74b-8add-b2a1-51070661d9f2" testName="SettingsLoadFailure_IsImmediatelyVisibleToViewModel" computerName="CYBER-TOWER" duration="00:00:00.0030304" startTime="2026-09-14T22:05:45.2788796+02:00" endTime="2026-09-14T22:05:45.2819333+02:00" testType="13cdc9d9-ddb5-4fa4-a97d-d965ccfc6d4b" outcome="Passed" testListId="8c84fa94-04c1-424b-9868-57a2d4851a1d" relativeResultsDirectory="7160e36d-4c33-4e0c-a8ba-f78d0bba7e42" />
    <UnitTestResult executionId="91531a9e-a931-41f6-9883-81db73802501" testId="10faa58a-2ebe-8edb-8fd6-40e718b73675" testName="UnsafeKeyboardRemoval_DoesNotMutateTimeline" computerName="CYBER-TOWER" duration="00:00:00.0002404" startTime="2026-09-14T22:05:45.2536471+02:00" endTime="2026-09-14T22:05:45.2539014+02:00" testType="13cdc9d9-ddb5-4fa4-a97d-d965ccfc6d4b" outcome="Passed" testListId="8c84fa94-04c1-424b-9868-57a2d4851a1d" relativeResultsDirectory="91531a9e-a931-41f6-9883-81db73802501" />
    <UnitTestResult executionId="3696fc2d-bbe6-4a70-83f4-96a81f14dd49" testId="10322c7a-66b0-8a9d-83ce-32f8fd64d853" testName="Brain_RatingGateAllowsOnlyOneFeedbackForSelectedCut" computerName="CYBER-TOWER" duration="00:00:00.0027434" startTime="2026-09-14T22:05:45.0526566+02:00" endTime="2026-09-14T22:05:45.0554153+02:00" testType="13cdc9d9-ddb5-4fa4-a97d-d965ccfc6d4b" outcome="Passed" testListId="8c84fa94-04c1-424b-9868-57a2d4851a1d" relativeResultsDirectory="3696fc2d-bbe6-4a70-83f4-96a81f14dd49" />
    <UnitTestResult executionId="fb9ef667-c9a2-49af-bc73-41b91b680aff" testId="1ac260c2-bd8e-8cf2-b84d-ebd1403f1994" testName="VideoSelection_ProjectClosingClearsBatchStateBeforeReusedId" computerName="CYBER-TOWER" duration="00:00:00.0037711" startTime="2026-09-14T22:05:45.0728466+02:00" endTime="2026-09-14T22:05:45.0766348+02:00" testType="13cdc9d9-ddb5-4fa4-a97d-d965ccfc6d4b" outcome="Passed" testListId="8c84fa94-04c1-424b-9868-57a2d4851a1d" relativeResultsDirectory="fb9ef667-c9a2-49af-bc73-41b91b680aff" />
    <UnitTestResult executionId="7e2b5b38-eeb5-4942-bc3c-e17ead8b18c9" testId="1ada28c6-f1e8-84c0-a31d-99f279d33662" testName="Save_AtomicallyPersistsAndVerifiesCurrentSettings" computerName="CYBER-TOWER" duration="00:00:00.0103065" startTime="2026-09-14T22:05:45.0981860+02:00" endTime="2026-09-14T22:05:45.1085095+02:00" testType="13cdc9d9-ddb5-4fa4-a97d-d965ccfc6d4b" outcome="Passed" testListId="8c84fa94-04c1-424b-9868-57a2d4851a1d" relativeResultsDirectory="7e2b5b38-eeb5-4942-bc3c-e17ead8b18c9" />
    <UnitTestResult executionId="5e1e0b3b-c080-4606-bebc-387bc7cb75b3" testId="10702632-f2dd-8da0-adcc-7ec6f6e64520" testName="ChatClear_BackendFalsePreservesLocalMessages" computerName="CYBER-TOWER" duration="00:00:00.0016512" startTime="2026-09-14T22:05:45.2766380+02:00" endTime="2026-09-14T22:05:45.2783289+02:00" testType="13cdc9d9-ddb5-4fa4-a97d-d965ccfc6d4b" outcome="Passed" testListId="8c84fa94-04c1-424b-9868-57a2d4851a1d" relativeResultsDirectory="5e1e0b3b-c080-4606-bebc-387bc7cb75b3" />
    <UnitTestResult executionId="753e9783-6e71-401f-b4c8-eeb7a4cf8e42" testId="1e0b4879-8097-8fd8-90ab-1b65cf703528" testName="ResultDtos_DeserializeNegativeBackendTruth" computerName="CYBER-TOWER" duration="00:00:00.0012008" startTime="2026-09-14T22:05:45.2616603+02:00" endTime="2026-09-14T22:05:45.2628824+02:00" testType="13cdc9d9-ddb5-4fa4-a97d-d965ccfc6d4b" outcome="Passed" testListId="8c84fa94-04c1-424b-9868-57a2d4851a1d" relativeResultsDirectory="753e9783-6e71-401f-b4c8-eeb7a4cf8e42" />
    <UnitTestResult executionId="19e9a3b1-4fec-42f8-b4ef-9804e6187428" testId="1e7b904e-1df8-8ef5-accb-8734c6ceb696" testName="AudioAdapter_PreservesGeneratedPartialResultAndEvidence" computerName="CYBER-TOWER" duration="00:00:00.0037706" startTime="2026-09-14T22:05:45.2545469+02:00" endTime="2026-09-14T22:05:45.2583549+02:00" testType="13cdc9d9-ddb5-4fa4-a97d-d965ccfc6d4b" outcome="Passed" testListId="8c84fa94-04c1-424b-9868-57a2d4851a1d" relativeResultsDirectory="19e9a3b1-4fec-42f8-b4ef-9804e6187428" />
    <UnitTestResult executionId="6f0eb7a6-3f40-496b-bf7c-9ab837fc8eb2" testId="137ffbe6-67d1-8855-adf6-db28164fc61c" testName="SingleVramAdapter_ProducesOneModelSnapshotWithoutShapeDrift" computerName="CYBER-TOWER" duration="00:00:00.0006119" startTime="2026-09-14T22:05:45.2610201+02:00" endTime="2026-09-14T22:05:45.2616505+02:00" testType="13cdc9d9-ddb5-4fa4-a97d-d965ccfc6d4b" outcome="Passed" testListId="8c84fa94-04c1-424b-9868-57a2d4851a1d" relativeResultsDirectory="6f0eb7a6-3f40-496b-bf7c-9ab837fc8eb2" />
    <UnitTestResult executionId="822a8cf4-0c55-4e34-85da-375b8c6922c8" testId="1cb5ecd6-3199-89b1-9997-243c6c255d15" testName="DisposedClient_DoesNotReceiveFutureCapabilityMutation" computerName="CYBER-TOWER" duration="00:00:00.0000917" startTime="2026-09-14T22:05:45.2439187+02:00" endTime="2026-09-14T22:05:45.2440327+02:00" testType="13cdc9d9-ddb5-4fa4-a97d-d965ccfc6d4b" outcome="Passed" testListId="8c84fa94-04c1-424b-9868-57a2d4851a1d" relativeResultsDirectory="822a8cf4-0c55-4e34-85da-375b8c6922c8" />
    <UnitTestResult executionId="8662aba6-4557-4f43-b83a-e8a99d2c5624" testId="1ef48d92-6ac1-89e4-be48-80d969beb0c1" testName="SendDuringRevalidation_WaitsThenSendsOnceAfterVerification" computerName="CYBER-TOWER" duration="00:00:00.0664591" startTime="2026-09-14T22:05:45.1133879+02:00" endTime="2026-09-14T22:05:45.1798828+02:00" testType="13cdc9d9-ddb5-4fa4-a97d-d965ccfc6d4b" outcome="Passed" testListId="8c84fa94-04c1-424b-9868-57a2d4851a1d" relativeResultsDirectory="8662aba6-4557-4f43-b83a-e8a99d2c5624" />
    <UnitTestResult executionId="3fa4be11-6775-4dbb-8887-c3132cf247af" testId="18910e25-23d0-8c81-ba52-e070a1217142" testName="AnchorWrites_DisableEditingUntilOrderedWriteCompletes" computerName="CYBER-TOWER" duration="00:00:00.0069953" startTime="2026-09-14T22:05:45.0390500+02:00" endTime="2026-09-14T22:05:45.0460713+02:00" testType="13cdc9d9-ddb5-4fa4-a97d-d965ccfc6d4b" outcome="Passed" testListId="8c84fa94-04c1-424b-9868-57a2d4851a1d" relativeResultsDirectory="3fa4be11-6775-4dbb-8887-c3132cf247af" />
    <UnitTestResult executionId="661d80d4-9747-4392-9bf4-86af55bf7faa" testId="13491c1a-ffa6-85e1-87b1-534bb12c9974" testName="VideoClipInfo_PreservesPartialStageTruth" computerName="CYBER-TOWER" duration="00:00:00.0042629" startTime="2026-09-14T22:05:45.2628918+02:00" endTime="2026-09-14T22:05:45.2671685+02:00" testType="13cdc9d9-ddb5-4fa4-a97d-d965ccfc6d4b" outcome="Passed" testListId="8c84fa94-04c1-424b-9868-57a2d4851a1d" relativeResultsDirectory="661d80d4-9747-4392-9bf4-86af55bf7faa" />
    <UnitTestResult executionId="fc084909-1564-4221-921c-ddea313a6d74" testId="16f21dcd-f38b-852e-a24d-29dc52e3b8ce" testName="Load_MissingFileIsSuccessfulFirstStart" computerName="CYBER-TOWER" duration="00:00:00.0015652" startTime="2026-09-14T22:05:45.0898778+02:00" endTime="2026-09-14T22:05:45.0914742+02:00" testType="13cdc9d9-ddb5-4fa4-a97d-d965ccfc6d4b" outcome="Passed" testListId="8c84fa94-04c1-424b-9868-57a2d4851a1d" relativeResultsDirectory="fc084909-1564-4221-921c-ddea313a6d74" />
    <UnitTestResult executionId="14187fdb-38a3-4c1b-825d-9b6df6fbec83" testId="171fc1bd-d16c-8f04-9423-ba3219dda602" testName="KeyboardTrim_RespectsSourcePreviousNextAndMinimumDuration" computerName="CYBER-TOWER" duration="00:00:00.0004685" startTime="2026-09-14T22:05:45.2531446+02:00" endTime="2026-09-14T22:05:45.2536294+02:00" testType="13cdc9d9-ddb5-4fa4-a97d-d965ccfc6d4b" outcome="Passed" testListId="8c84fa94-04c1-424b-9868-57a2d4851a1d" relativeResultsDirectory="14187fdb-38a3-4c1b-825d-9b6df6fbec83" />
    <UnitTestResult executionId="a560458b-2d91-4a9e-adab-bd86e75eedd5" testId="19ab4099-d163-8c50-92c9-0619ffa46d6f" testName="PacingGeneration_ProjectTransitionRejectsLateError" computerName="CYBER-TOWER" duration="00:00:00.0056624" startTime="2026-09-14T22:05:45.0766462+02:00" endTime="2026-09-14T22:05:45.0823251+02:00" testType="13cdc9d9-ddb5-4fa4-a97d-d965ccfc6d4b" outcome="Passed" testListId="8c84fa94-04c1-424b-9868-57a2d4851a1d" relativeResultsDirectory="a560458b-2d91-4a9e-adab-bd86e75eedd5" />
    <UnitTestResult executionId="1542c7b6-87bb-4766-b2e6-358200d3d44e" testId="1db0fb98-c85e-8c77-8809-f1b1a39bea7a" testName="TimelineSync_ProjectTransitionRejectsLateError" computerName="CYBER-TOWER" duration="00:00:00.0038904" startTime="2026-09-14T22:05:45.0849581+02:00" endTime="2026-09-14T22:05:45.0888633+02:00" testType="13cdc9d9-ddb5-4fa4-a97d-d965ccfc6d4b" outcome="Passed" testListId="8c84fa94-04c1-424b-9868-57a2d4851a1d" relativeResultsDirectory="1542c7b6-87bb-4766-b2e6-358200d3d44e" />
    <UnitTestResult executionId="263fb193-0b5e-4813-8924-ac615a133668" testId="1ca307a7-cbd5-866d-a5f0-a1eff7e24943" testName="ClearChatHistory_NonSuccessStatusReturnsFalse" computerName="CYBER-TOWER" duration="00:00:00.0034691" startTime="2026-09-14T22:05:44.8427866+02:00" endTime="2026-09-14T22:05:44.8463009+02:00" testType="13cdc9d9-ddb5-4fa4-a97d-d965ccfc6d4b" outcome="Passed" testListId="8c84fa94-04c1-424b-9868-57a2d4851a1d" relativeResultsDirectory="263fb193-0b5e-4813-8924-ac615a133668" />
    <UnitTestResult executionId="b66cc960-4ad1-40a3-b4f0-15e807cfe2cf" testId="10b8feb4-1f1d-8699-ba84-4f6f72bdae3b" testName="RedirectResponse_IsReturnedWithoutFollowingSecondRequest" computerName="CYBER-TOWER" duration="00:00:00.0004294" startTime="2026-09-14T22:05:45.1815550+02:00" endTime="2026-09-14T22:05:45.1819984+02:00" testType="13cdc9d9-ddb5-4fa4-a97d-d965ccfc6d4b" outcome="Passed" testListId="8c84fa94-04c1-424b-9868-57a2d4851a1d" relativeResultsDirectory="b66cc960-4ad1-40a3-b4f0-15e807cfe2cf" />
    <UnitTestResult executionId="09fee8b4-4985-4f82-b117-9d93e75f13e3" testId="160dd71a-223c-8034-a2fd-0cac99f9b4f2" testName="ScrollAndCollectionReset_RecyclesContainersProperly" computerName="CYBER-TOWER" duration="00:00:00.0198921" startTime="2026-09-14T22:05:45.6009453+02:00" endTime="2026-09-14T22:05:45.6215936+02:00" testType="13cdc9d9-ddb5-4fa4-a97d-d965ccfc6d4b" outcome="Passed" testListId="8c84fa94-04c1-424b-9868-57a2d4851a1d" relativeResultsDirectory="09fee8b4-4985-4f82-b117-9d93e75f13e3" />
    <UnitTestResult executionId="96a3ea41-3244-45ee-99f3-75b759241ee6" testId="1af2eabf-f496-83c7-9c2e-26a31ed74db9" testName="ProtectedShutdown_WaitsForRevalidationAndSendsOneCapability" computerName="CYBER-TOWER" duration="00:00:00.0592422" startTime="2026-09-14T22:05:45.1820076+02:00" endTime="2026-09-14T22:05:45.2412704+02:00" testType="13cdc9d9-ddb5-4fa4-a97d-d965ccfc6d4b" outcome="Passed" testListId="8c84fa94-04c1-424b-9868-57a2d4851a1d" relativeResultsDirectory="96a3ea41-3244-45ee-99f3-75b759241ee6" />
    <UnitTestResult executionId="7c225516-e931-45cc-aa91-a049a3217e78" testId="159b432a-ce9d-8194-ade1-a156b5c8b926" testName="GpuCleanup_BackendFailureNeverReportsCompletion" computerName="CYBER-TOWER" duration="00:00:00.0009754" startTime="2026-09-14T22:05:45.2837427+02:00" endTime="2026-09-14T22:05:45.2847331+02:00" testType="13cdc9d9-ddb5-4fa4-a97d-d965ccfc6d4b" outcome="Passed" testListId="8c84fa94-04c1-424b-9868-57a2d4851a1d" relativeResultsDirectory="7c225516-e931-45cc-aa91-a049a3217e78" />
    <UnitTestResult executionId="c4ce1e5e-da49-46cd-9644-888aecf108ef" testId="1ca45ed7-fbdf-83f7-a4c2-a8ed1b37f8a2" testName="TenThousandItems_ContainerCountRemainsBounded" computerName="CYBER-TOWER" duration="00:00:00.0204561" startTime="2026-09-14T22:05:45.5678708+02:00" endTime="2026-09-14T22:05:45.5883617+02:00" testType="13cdc9d9-ddb5-4fa4-a97d-d965ccfc6d4b" outcome="Passed" testListId="8c84fa94-04c1-424b-9868-57a2d4851a1d" relativeResultsDirectory="c4ce1e5e-da49-46cd-9644-888aecf108ef" />
    <UnitTestResult executionId="4a264a72-28cf-4c80-9018-d75e507fa1e8" testId="18443503-bf65-8539-8c27-73cbd912230e" testName="Load_MalformedJsonReturnsTypedFailureAndDefaults" computerName="CYBER-TOWER" duration="00:00:00.0064300" startTime="2026-09-14T22:05:45.0914843+02:00" endTime="2026-09-14T22:05:45.0979287+02:00" testType="13cdc9d9-ddb5-4fa4-a97d-d965ccfc6d4b" outcome="Passed" testListId="8c84fa94-04c1-424b-9868-57a2d4851a1d" relativeResultsDirectory="4a264a72-28cf-4c80-9018-d75e507fa1e8" />
    <UnitTestResult executionId="b213e2f8-d8e9-4560-8e67-c716fb138907" testId="1e9b7ca6-40ab-8bc5-9ca0-a99118e22657" testName="KeyboardSelectionAndScrub_UseTimelineOrderAndClampBounds" computerName="CYBER-TOWER" duration="00:00:00.0080765" startTime="2026-09-14T22:05:45.2440411+02:00" endTime="2026-09-14T22:05:45.2521547+02:00" testType="13cdc9d9-ddb5-4fa4-a97d-d965ccfc6d4b" outcome="Passed" testListId="8c84fa94-04c1-424b-9868-57a2d4851a1d" relativeResultsDirectory="b213e2f8-d8e9-4560-8e67-c716fb138907" />
    <UnitTestResult executionId="5199d518-9e64-4d13-a0b1-88ea0da11167" testId="11b6c3b2-a8d9-8eca-87d6-da6c3a9ba6fa" testName="CleanupGpu_DeserializesTypedNegativeResult" computerName="CYBER-TOWER" duration="00:00:00.0071993" startTime="2026-09-14T22:05:44.8467025+02:00" endTime="2026-09-14T22:05:44.8539162+02:00" testType="13cdc9d9-ddb5-4fa4-a97d-d965ccfc6d4b" outcome="Passed" testListId="8c84fa94-04c1-424b-9868-57a2d4851a1d" relativeResultsDirectory="5199d518-9e64-4d13-a0b1-88ea0da11167" />
    <UnitTestResult executionId="657e5814-b26f-4dc4-be70-a65c1292dd64" testId="129db6a5-e92e-8ef3-9898-15519adb2d60" testName="CanceledProtectedSend_ReleasesItsRequestLease" computerName="CYBER-TOWER" duration="00:00:00.0003915" startTime="2026-09-14T22:05:45.2412926+02:00" endTime="2026-09-14T22:05:45.2417082+02:00" testType="13cdc9d9-ddb5-4fa4-a97d-d965ccfc6d4b" outcome="Passed" testListId="8c84fa94-04c1-424b-9868-57a2d4851a1d" relativeResultsDirectory="657e5814-b26f-4dc4-be70-a65c1292dd64" />
    <UnitTestResult executionId="d37beac1-a68b-4bb0-aafc-6501b57970e1" testId="1a78dc13-c09d-8a33-9498-a24acd37f9ee" testName="SettingsSaveFailure_NeverReportsSuccess" computerName="CYBER-TOWER" duration="00:00:00.0015693" startTime="2026-09-14T22:05:45.2819593+02:00" endTime="2026-09-14T22:05:45.2835428+02:00" testType="13cdc9d9-ddb5-4fa4-a97d-d965ccfc6d4b" outcome="Passed" testListId="8c84fa94-04c1-424b-9868-57a2d4851a1d" relativeResultsDirectory="d37beac1-a68b-4bb0-aafc-6501b57970e1" />
    <UnitTestResult executionId="d985b44c-14af-4ef9-9a11-10e28294b4d5" testId="129c5b9e-a100-87ca-a9a9-9b3f2dbc67a4" testName="ProtectedRequest_UsesOneVerifiedHeader_WithoutDefaultHeader" computerName="CYBER-TOWER" duration="00:00:00.0035644" startTime="2026-09-14T22:05:45.1097578+02:00" endTime="2026-09-14T22:05:45.1133783+02:00" testType="13cdc9d9-ddb5-4fa4-a97d-d965ccfc6d4b" outcome="Passed" testListId="8c84fa94-04c1-424b-9868-57a2d4851a1d" relativeResultsDirectory="d985b44c-14af-4ef9-9a11-10e28294b4d5" />
    <UnitTestResult executionId="072f9f06-46cc-45c0-8352-116f588c55a1" testId="19bcc3d4-434a-8ee4-9137-309bb2490b0f" testName="KeyboardNudge_ClampsAtAdjacentCutsAndPreservesDuration" computerName="CYBER-TOWER" duration="00:00:00.0009499" startTime="2026-09-14T22:05:45.2521683+02:00" endTime="2026-09-14T22:05:45.2531333+02:00" testType="13cdc9d9-ddb5-4fa4-a97d-d965ccfc6d4b" outcome="Passed" testListId="8c84fa94-04c1-424b-9868-57a2d4851a1d" relativeResultsDirectory="072f9f06-46cc-45c0-8352-116f588c55a1" />
    <UnitTestResult executionId="c16cf357-6912-4345-8db2-1d620eacadea" testId="163d9787-0528-8e24-a957-1401922c4b8a" testName="SseDispose_DoesNotThrowForCancelledReconnectTask" computerName="CYBER-TOWER" duration="00:00:00.0138246" startTime="2026-09-14T22:05:44.8282355+02:00" endTime="2026-09-14T22:05:44.8427686+02:00" testType="13cdc9d9-ddb5-4fa4-a97d-d965ccfc6d4b" outcome="Passed" testListId="8c84fa94-04c1-424b-9868-57a2d4851a1d" relativeResultsDirectory="c16cf357-6912-4345-8db2-1d620eacadea" />
    <UnitTestResult executionId="1fd557bd-5ced-48e2-8cdd-cb07ea26332b" testId="10d8f015-126c-823c-8144-27f41f7cadba" testName="FailedProof_RejectsProtectedRequestWithoutSendingHeader" computerName="CYBER-TOWER" duration="00:00:00.0005273" startTime="2026-09-14T22:05:45.1799158+02:00" endTime="2026-09-14T22:05:45.1804846+02:00" testType="13cdc9d9-ddb5-4fa4-a97d-d965ccfc6d4b" outcome="Passed" testListId="8c84fa94-04c1-424b-9868-57a2d4851a1d" relativeResultsDirectory="1fd557bd-5ced-48e2-8cdd-cb07ea26332b" />
    <UnitTestResult executionId="e628b4d4-cdf6-49ba-9304-6b856d78e1ba" testId="1604c9bf-6bbe-8d0d-9365-7623d90bbb65" testName="CalculateColumns_ReturnsExpectedColumnsAndHandlesNarrowWidth" computerName="CYBER-TOWER" duration="00:00:00.0026878" startTime="2026-09-14T22:05:45.4299989+02:00" endTime="2026-09-14T22:05:45.4327382+02:00" testType="13cdc9d9-ddb5-4fa4-a97d-d965ccfc6d4b" outcome="Passed" testListId="8c84fa94-04c1-424b-9868-57a2d4851a1d" relativeResultsDirectory="e628b4d4-cdf6-49ba-9304-6b856d78e1ba" />
    <UnitTestResult executionId="af75e4fb-3392-434b-a86d-195bba703dfe" testId="161fa28a-9149-8f48-8d0e-034dd26869ba" testName="Recommendation_LateOlderModeCannotReplaceCurrentMode" computerName="CYBER-TOWER" duration="00:00:00.0805235" startTime="2026-09-14T22:05:45.2847596+02:00" endTime="2026-09-14T22:05:45.3653174+02:00" testType="13cdc9d9-ddb5-4fa4-a97d-d965ccfc6d4b" outcome="Passed" testListId="8c84fa94-04c1-424b-9868-57a2d4851a1d" relativeResultsDirectory="af75e4fb-3392-434b-a86d-195bba703dfe" />
    <UnitTestResult executionId="6d590ccf-f2ab-40ee-a853-ae2878af74fa" testId="1889a283-8b09-8259-baa6-75b788ebec51" testName="ClearChatHistory_SuccessStatusReturnsTrue" computerName="CYBER-TOWER" duration="00:00:00.0003578" startTime="2026-09-14T22:05:44.8463178+02:00" endTime="2026-09-14T22:05:44.8466898+02:00" testType="13cdc9d9-ddb5-4fa4-a97d-d965ccfc6d4b" outcome="Passed" testListId="8c84fa94-04c1-424b-9868-57a2d4851a1d" relativeResultsDirectory="6d590ccf-f2ab-40ee-a853-ae2878af74fa" />
    <UnitTestResult executionId="4a28ad3e-9794-4db5-b30c-6b07e49ab231" testId="1619daf6-4d89-8b8b-b69a-b2b2e66ccaa1" testName="UntrustedOrUnresolvedTarget_FailsClosedWithoutSendingCapability" computerName="CYBER-TOWER" duration="00:00:00.0010368" startTime="2026-09-14T22:05:45.1804945+02:00" endTime="2026-09-14T22:05:45.1815454+02:00" testType="13cdc9d9-ddb5-4fa4-a97d-d965ccfc6d4b" outcome="Passed" testListId="8c84fa94-04c1-424b-9868-57a2d4851a1d" relativeResultsDirectory="4a28ad3e-9794-4db5-b30c-6b07e49ab231" />
    <UnitTestResult executionId="f9bac664-2a9b-4fca-b843-d9e8b928de71" testId="1576f124-bd47-852f-bb7d-8d010ead0861" testName="PortRebind_HealthAndProofAreHeaderless_ThenApiAndSseRemainDefaultHeaderFree" computerName="CYBER-TOWER" duration="00:00:00.0019087" startTime="2026-09-14T22:05:45.2419845+02:00" endTime="2026-09-14T22:05:45.2439091+02:00" testType="13cdc9d9-ddb5-4fa4-a97d-d965ccfc6d4b" outcome="Passed" testListId="8c84fa94-04c1-424b-9868-57a2d4851a1d" relativeResultsDirectory="f9bac664-2a9b-4fca-b843-d9e8b928de71" />
    <UnitTestResult executionId="4bac9119-d866-48e3-9def-eb8ba87e8606" testId="1c3c9f84-45ce-89ee-8692-412a1b8047b9" testName="Recommendation_ProjectSwitchRejectsOldProjectResult" computerName="CYBER-TOWER" duration="00:00:00.0623434" startTime="2026-09-14T22:05:45.3653850+02:00" endTime="2026-09-14T22:05:45.4277841+02:00" testType="13cdc9d9-ddb5-4fa4-a97d-d965ccfc6d4b" outcome="Passed" testListId="8c84fa94-04c1-424b-9868-57a2d4851a1d" relativeResultsDirectory="4bac9119-d866-48e3-9def-eb8ba87e8606" />
    <UnitTestResult executionId="91fced31-1801-433d-86b3-96a6badc86b4" testId="16cce8db-499b-8ad9-8877-1fef604aa4a8" testName="ProjectSaveAndClose_NegativeResultsPreserveProject" computerName="CYBER-TOWER" duration="00:00:00.0016389" startTime="2026-09-14T22:05:45.4278376+02:00" endTime="2026-09-14T22:05:45.4295167+02:00" testType="13cdc9d9-ddb5-4fa4-a97d-d965ccfc6d4b" outcome="Passed" testListId="8c84fa94-04c1-424b-9868-57a2d4851a1d" relativeResultsDirectory="91fced31-1801-433d-86b3-96a6badc86b4" />
    <UnitTestResult executionId="34d150eb-d54e-4331-b0b4-85ddd616abb0" testId="12421b6e-6637-86ab-8c97-e30848487392" testName="RatingGate_IsSharedAcrossLearningAndBrainForSameCut" computerName="CYBER-TOWER" duration="00:00:00.0008716" startTime="2026-09-14T22:05:45.0554318+02:00" endTime="2026-09-14T22:05:45.0563186+02:00" testType="13cdc9d9-ddb5-4fa4-a97d-d965ccfc6d4b" outcome="Passed" testListId="8c84fa94-04c1-424b-9868-57a2d4851a1d" relativeResultsDirectory="34d150eb-d54e-4331-b0b4-85ddd616abb0" />
    <UnitTestResult executionId="eabeeb87-8111-4a69-b4a9-7b60bce4236f" testId="112339ba-999b-8a3c-9201-0682eb75c5d7" testName="SseEventId_IsCommittedOnlyAfterSuccessfulDispatch" computerName="CYBER-TOWER" duration="00:00:00.0029821" startTime="2026-09-14T22:05:44.8252240+02:00" endTime="2026-09-14T22:05:44.8282205+02:00" testType="13cdc9d9-ddb5-4fa4-a97d-d965ccfc6d4b" outcome="Passed" testListId="8c84fa94-04c1-424b-9868-57a2d4851a1d" relativeResultsDirectory="eabeeb87-8111-4a69-b4a9-7b60bce4236f" />
    <UnitTestResult executionId="d3c429f3-b2a5-4c3f-9066-2bd03f43051d" testId="16131ebe-faa9-8acf-a949-b55fda561047" testName="LargeCollection_RealizesOnlyVisibleRowsPlusBuffers" computerName="CYBER-TOWER" duration="00:00:00.1350526" startTime="2026-09-14T22:05:45.4327502+02:00" endTime="2026-09-14T22:05:45.5678370+02:00" testType="13cdc9d9-ddb5-4fa4-a97d-d965ccfc6d4b" outcome="Passed" testListId="8c84fa94-04c1-424b-9868-57a2d4851a1d" relativeResultsDirectory="d3c429f3-b2a5-4c3f-9066-2bd03f43051d" />
    <UnitTestResult executionId="8c664572-40d2-432a-9688-4b48ba170c45" testId="1c07e79d-2f02-82ef-83d6-964f11b01e05" testName="TemplateReapply_ReparentsExistingPresentersExactlyOnce" computerName="CYBER-TOWER" duration="00:00:00.1054459" startTime="2026-09-14T22:05:44.8752685+02:00" endTime="2026-09-14T22:05:44.9807592+02:00" testType="13cdc9d9-ddb5-4fa4-a97d-d965ccfc6d4b" outcome="Passed" testListId="8c84fa94-04c1-424b-9868-57a2d4851a1d" relativeResultsDirectory="8c664572-40d2-432a-9688-4b48ba170c45" />
    <UnitTestResult executionId="281243fc-e1dd-484b-bd97-c7a2fdbe18c5" testId="1ce71580-4928-898c-b987-40cd82e9e022" testName="LearningDialog_SeeksBothPlayersAndEnforcesCutEnd" computerName="CYBER-TOWER" duration="00:00:00.0120005" startTime="2026-09-14T22:05:45.0578790+02:00" endTime="2026-09-14T22:05:45.0699068+02:00" testType="13cdc9d9-ddb5-4fa4-a97d-d965ccfc6d4b" outcome="Passed" testListId="8c84fa94-04c1-424b-9868-57a2d4851a1d" relativeResultsDirectory="281243fc-e1dd-484b-bd97-c7a2fdbe18c5" />
    <UnitTestResult executionId="4c12f1b2-5e33-42d6-9b72-e97cfa89c2df" testId="1c0d6c69-2059-80c0-a9d6-b3caebca4f1a" testName="EmptyCollection_DoesNotThrowAndHasZeroContainers" computerName="CYBER-TOWER" duration="00:00:00.0122728" startTime="2026-09-14T22:05:45.5883862+02:00" endTime="2026-09-14T22:05:45.6006820+02:00" testType="13cdc9d9-ddb5-4fa4-a97d-d965ccfc6d4b" outcome="Passed" testListId="8c84fa94-04c1-424b-9868-57a2d4851a1d" relativeResultsDirectory="4c12f1b2-5e33-42d6-9b72-e97cfa89c2df" />
    <UnitTestResult executionId="0bd779f3-4d33-4274-91a3-392e5518db8c" testId="176f4b55-57bd-8c80-b546-52e355a2f3c3" testName="Save_WhenParentIsAFileReturnsWriteFailureWithoutFalseSuccess" computerName="CYBER-TOWER" duration="00:00:00.0012073" startTime="2026-09-14T22:05:45.1085202+02:00" endTime="2026-09-14T22:05:45.1097480+02:00" testType="13cdc9d9-ddb5-4fa4-a97d-d965ccfc6d4b" outcome="Passed" testListId="8c84fa94-04c1-424b-9868-57a2d4851a1d" relativeResultsDirectory="0bd779f3-4d33-4274-91a3-392e5518db8c" />
    <UnitTestResult executionId="0082f6f0-804a-44ae-892a-14137806e58b" testId="1092c592-39b4-82f8-a9fb-f180cc3abafa" testName="TimelinePreview_ForwardsCancellationToHttpRequest" computerName="CYBER-TOWER" duration="00:00:00.0037748" startTime="2026-09-14T22:05:44.8539282+02:00" endTime="2026-09-14T22:05:44.8587138+02:00" testType="13cdc9d9-ddb5-4fa4-a97d-d965ccfc6d4b" outcome="Passed" testListId="8c84fa94-04c1-424b-9868-57a2d4851a1d" relativeResultsDirectory="0082f6f0-804a-44ae-892a-14137806e58b" />
    <UnitTestResult executionId="fc3743dc-2d65-4d88-b56a-72a8359c8a4c" testId="176f9e49-6bb0-81eb-a163-69eb258bed09" testName="LearningSession_RatingGateAllowsOnlyOneFeedbackForCurrentCut" computerName="CYBER-TOWER" duration="00:00:00.0065466" startTime="2026-09-14T22:05:45.0460830+02:00" endTime="2026-09-14T22:05:45.0526463+02:00" testType="13cdc9d9-ddb5-4fa4-a97d-d965ccfc6d4b" outcome="Passed" testListId="8c84fa94-04c1-424b-9868-57a2d4851a1d" relativeResultsDirectory="fc3743dc-2d65-4d88-b56a-72a8359c8a4c" />
    <UnitTestResult executionId="1999aec7-0272-433e-b5bd-616777a3fc30" testId="144c1203-7f4c-812c-8221-c24240cd374d" testName="AudioAnalysis_ProjectTransitionRejectsLateError" computerName="CYBER-TOWER" duration="00:00:00.0028465" startTime="2026-09-14T22:05:45.0699201+02:00" endTime="2026-09-14T22:05:45.0728346+02:00" testType="13cdc9d9-ddb5-4fa4-a97d-d965ccfc6d4b" outcome="Passed" testListId="8c84fa94-04c1-424b-9868-57a2d4851a1d" relativeResultsDirectory="1999aec7-0272-433e-b5bd-616777a3fc30" />
    <UnitTestResult executionId="2f99ea41-c7a1-46bf-a4e4-213cc42d9811" testId="1df6034f-075e-87e6-a427-99dbc9c7e266" testName="RepeatedTemplateReapply_PreservesContentIdentity" computerName="CYBER-TOWER" duration="00:00:00.0206406" startTime="2026-09-14T22:05:44.9807861+02:00" endTime="2026-09-14T22:05:45.0014722+02:00" testType="13cdc9d9-ddb5-4fa4-a97d-d965ccfc6d4b" outcome="Passed" testListId="8c84fa94-04c1-424b-9868-57a2d4851a1d" relativeResultsDirectory="2f99ea41-c7a1-46bf-a4e4-213cc42d9811" />
    <UnitTestResult executionId="ef28b3b6-1e38-463c-a9f2-43b6365754e3" testId="1bf592ee-a015-81d6-aa92-c566798b88cd" testName="SortEntriesByTime_PreservesSelectedEntryIdentity" computerName="CYBER-TOWER" duration="00:00:00.0006109" startTime="2026-09-14T22:05:45.2539105+02:00" endTime="2026-09-14T22:05:45.2545382+02:00" testType="13cdc9d9-ddb5-4fa4-a97d-d965ccfc6d4b" outcome="Passed" testListId="8c84fa94-04c1-424b-9868-57a2d4851a1d" relativeResultsDirectory="ef28b3b6-1e38-463c-a9f2-43b6365754e3" />
    <UnitTestResult executionId="ced3e622-f6d2-4550-a07a-5adbcc1b8cd0" testId="13131d9b-ab8b-8c9a-a71c-e3322737c720" testName="SpectralAdapter_PreservesEveryGeneratedField" computerName="CYBER-TOWER" duration="00:00:00.0023619" startTime="2026-09-14T22:05:45.2583644+02:00" endTime="2026-09-14T22:05:45.2607438+02:00" testType="13cdc9d9-ddb5-4fa4-a97d-d965ccfc6d4b" outcome="Passed" testListId="8c84fa94-04c1-424b-9868-57a2d4851a1d" relativeResultsDirectory="ced3e622-f6d2-4550-a07a-5adbcc1b8cd0" />
    <UnitTestResult executionId="159ced1c-5e15-41d7-86a4-072d0a16758e" testId="1a302705-dd2c-8340-92fe-5fb2e49b7a2f" testName="SseInterrupted_IsTerminalAndCannotBeThrottled" computerName="CYBER-TOWER" duration="00:00:00.0030377" startTime="2026-09-14T22:05:44.8221568+02:00" endTime="2026-09-14T22:05:44.8252145+02:00" testType="13cdc9d9-ddb5-4fa4-a97d-d965ccfc6d4b" outcome="Passed" testListId="8c84fa94-04c1-424b-9868-57a2d4851a1d" relativeResultsDirectory="159ced1c-5e15-41d7-86a4-072d0a16758e" />
    <UnitTestResult executionId="8c9fdf93-c86b-4aa3-8ce5-36a360ef1d04" testId="1cc24067-99fd-8a8d-8c7e-2d1e1398f0b2" testName="AnchorLoad_ProjectSwitchRejectsPreviousGeneration" computerName="CYBER-TOWER" duration="00:00:00.0374330" startTime="2026-09-14T22:05:45.0014925+02:00" endTime="2026-09-14T22:05:45.0390290+02:00" testType="13cdc9d9-ddb5-4fa4-a97d-d965ccfc6d4b" outcome="Passed" testListId="8c84fa94-04c1-424b-9868-57a2d4851a1d" relativeResultsDirectory="8c9fdf93-c86b-4aa3-8ce5-36a360ef1d04" />
    <UnitTestResult executionId="205aad0b-5ea7-4877-85af-52d2e0372708" testId="1699e4fb-0790-80a8-a7f0-237d51f0ec22" testName="ChatClear_BackendTrueReplacesHistoryWithFreshWelcome" computerName="CYBER-TOWER" duration="00:00:00.0005191" startTime="2026-09-14T22:05:45.2783387+02:00" endTime="2026-09-14T22:05:45.2788715+02:00" testType="13cdc9d9-ddb5-4fa4-a97d-d965ccfc6d4b" outcome="Passed" testListId="8c84fa94-04c1-424b-9868-57a2d4851a1d" relativeResultsDirectory="205aad0b-5ea7-4877-85af-52d2e0372708" />
    <UnitTestResult executionId="2939dc69-078d-47fd-9a62-f34e2c1a58cd" testId="1af6ab6c-03c7-8f50-b508-e520a69f37d0" testName="AnchorDtos_DeserializeCorrectlyAndMatchGeneratedSchema" computerName="CYBER-TOWER" duration="00:00:00.0053673" startTime="2026-09-14T22:05:45.2671782+02:00" endTime="2026-09-14T22:05:45.2725681+02:00" testType="13cdc9d9-ddb5-4fa4-a97d-d965ccfc6d4b" outcome="Passed" testListId="8c84fa94-04c1-424b-9868-57a2d4851a1d" relativeResultsDirectory="2939dc69-078d-47fd-9a62-f34e2c1a58cd" />
    <UnitTestResult executionId="ce1462ce-688b-44be-84e6-35d75845bd3e" testId="1ff2f02d-70c0-853f-826f-4fe1d76c7c2e" testName="AudioBatch_RestartSkipsCompletedAndContinuesAfterFailure" computerName="CYBER-TOWER" duration="00:00:00.0040369" startTime="2026-09-14T22:05:44.8176663+02:00" endTime="2026-09-14T22:05:44.8220215+02:00" testType="13cdc9d9-ddb5-4fa4-a97d-d965ccfc6d4b" outcome="Passed" testListId="8c84fa94-04c1-424b-9868-57a2d4851a1d" relativeResultsDirectory="ce1462ce-688b-44be-84e6-35d75845bd3e" />
    <UnitTestResult executionId="a024803f-fc0b-41e0-ae9b-e9cba6b033d9" testId="1e7225f8-8d08-841a-9b1e-a7e584982326" testName="ProjectSwitch_InvalidatesCapturedOperationContext" computerName="CYBER-TOWER" duration="00:00:00.0004401" startTime="2026-09-14T22:05:45.4295273+02:00" endTime="2026-09-14T22:05:45.4299852+02:00" testType="13cdc9d9-ddb5-4fa4-a97d-d965ccfc6d4b" outcome="Passed" testListId="8c84fa94-04c1-424b-9868-57a2d4851a1d" relativeResultsDirectory="a024803f-fc0b-41e0-ae9b-e9cba6b033d9" />
    <UnitTestResult executionId="0eb8acd4-a802-4a21-bbf7-ec9c10390c8c" testId="13ed44d5-0b1e-8979-896b-ec6342ee2db1" testName="VideoAnalysis_ProjectTransitionRejectsLateError" computerName="CYBER-TOWER" duration="00:00:00.0025982" startTime="2026-09-14T22:05:45.0823349+02:00" endTime="2026-09-14T22:05:45.0849478+02:00" testType="13cdc9d9-ddb5-4fa4-a97d-d965ccfc6d4b" outcome="Passed" testListId="8c84fa94-04c1-424b-9868-57a2d4851a1d" relativeResultsDirectory="0eb8acd4-a802-4a21-bbf7-ec9c10390c8c" />
  </Results>
  <TestDefinitions>
    <UnitTest name="VideoSelection_ProjectClosingClearsBatchStateBeforeReusedId" storage="c:\users\david\documents\pb_studio_amd_version\pbstudio.ui.tests\bin\release\net9.0-windows\pbstudio.ui.tests.dll" id="1ac260c2-bd8e-8cf2-b84d-ebd1403f1994">
      <Execution id="fb9ef667-c9a2-49af-bc73-41b91b680aff" />
      <TestMethod codeBase="C:\Users\david\Documents\Pb_studio_AMD_version\PBStudio.UI.Tests\bin\Release\net9.0-windows\PBStudio.UI.Tests.dll" adapterTypeName="executor://mstestadapter/v4" className="PBStudio.UI.Tests.ProjectSwitchUiPublicationTests" name="VideoSelection_ProjectClosingClearsBatchStateBeforeReusedId" />
    </UnitTest>
    <UnitTest name="SingleVramAdapter_ProducesOneModelSnapshotWithoutShapeDrift" storage="c:\users\david\documents\pb_studio_amd_version\pbstudio.ui.tests\bin\release\net9.0-windows\pbstudio.ui.tests.dll" id="137ffbe6-67d1-8855-adf6-db28164fc61c">
      <Execution id="6f0eb7a6-3f40-496b-bf7c-9ab837fc8eb2" />
      <TestMethod codeBase="C:\Users\david\Documents\Pb_studio_AMD_version\PBStudio.UI.Tests\bin\Release\net9.0-windows\PBStudio.UI.Tests.dll" adapterTypeName="executor://mstestadapter/v4" className="PBStudio.UI.Tests.TransportContractTests" name="SingleVramAdapter_ProducesOneModelSnapshotWithoutShapeDrift" />
    </UnitTest>
    <UnitTest name="LearningPlayback_PublishesCutBoundsAndCompletionState" storage="c:\users\david\documents\pb_studio_amd_version\pbstudio.ui.tests\bin\release\net9.0-windows\pbstudio.ui.tests.dll" id="1e847777-d735-8eba-813f-3a1042c11793">
      <Execution id="d3c1af11-b016-4f32-84a3-894e35000110" />
      <TestMethod codeBase="C:\Users\david\Documents\Pb_studio_AMD_version\PBStudio.UI.Tests\bin\Release\net9.0-windows\PBStudio.UI.Tests.dll" adapterTypeName="executor://mstestadapter/v4" className="PBStudio.UI.Tests.Obj73UiRegressionTests" name="LearningPlayback_PublishesCutBoundsAndCompletionState" />
    </UnitTest>
    <UnitTest name="ProtectedRequest_UsesOneVerifiedHeader_WithoutDefaultHeader" storage="c:\users\david\documents\pb_studio_amd_version\pbstudio.ui.tests\bin\release\net9.0-windows\pbstudio.ui.tests.dll" id="129c5b9e-a100-87ca-a9a9-9b3f2dbc67a4">
      <Execution id="d985b44c-14af-4ef9-9a11-10e28294b4d5" />
      <TestMethod codeBase="C:\Users\david\Documents\Pb_studio_AMD_version\PBStudio.UI.Tests\bin\Release\net9.0-windows\PBStudio.UI.Tests.dll" adapterTypeName="executor://mstestadapter/v4" className="PBStudio.UI.Tests.T413OwnerProofTransportTests" name="ProtectedRequest_UsesOneVerifiedHeader_WithoutDefaultHeader" />
    </UnitTest>
    <UnitTest name="AudioBatch_RestartSkipsCompletedAndContinuesAfterFailure" storage="c:\users\david\documents\pb_studio_amd_version\pbstudio.ui.tests\bin\release\net9.0-windows\pbstudio.ui.tests.dll" id="1ff2f02d-70c0-853f-826f-4fe1d76c7c2e">
      <Execution id="ce1462ce-688b-44be-84e6-35d75845bd3e" />
      <TestMethod codeBase="C:\Users\david\Documents\Pb_studio_AMD_version\PBStudio.UI.Tests\bin\Release\net9.0-windows\PBStudio.UI.Tests.dll" adapterTypeName="executor://mstestadapter/v4" className="PBStudio.UI.Tests.AnalysisResumeContractTests" name="AudioBatch_RestartSkipsCompletedAndContinuesAfterFailure" />
    </UnitTest>
    <UnitTest name="AnchorDtos_DeserializeCorrectlyAndMatchGeneratedSchema" storage="c:\users\david\documents\pb_studio_amd_version\pbstudio.ui.tests\bin\release\net9.0-windows\pbstudio.ui.tests.dll" id="1af6ab6c-03c7-8f50-b508-e520a69f37d0">
      <Execution id="2939dc69-078d-47fd-9a62-f34e2c1a58cd" />
      <TestMethod codeBase="C:\Users\david\Documents\Pb_studio_AMD_version\PBStudio.UI.Tests\bin\Release\net9.0-windows\PBStudio.UI.Tests.dll" adapterTypeName="executor://mstestadapter/v4" className="PBStudio.UI.Tests.TransportContractTests" name="AnchorDtos_DeserializeCorrectlyAndMatchGeneratedSchema" />
    </UnitTest>
    <UnitTest name="VideoAnalysis_ProjectTransitionRejectsLateError" storage="c:\users\david\documents\pb_studio_amd_version\pbstudio.ui.tests\bin\release\net9.0-windows\pbstudio.ui.tests.dll" id="13ed44d5-0b1e-8979-896b-ec6342ee2db1">
      <Execution id="0eb8acd4-a802-4a21-bbf7-ec9c10390c8c" />
      <TestMethod codeBase="C:\Users\david\Documents\Pb_studio_AMD_version\PBStudio.UI.Tests\bin\Release\net9.0-windows\PBStudio.UI.Tests.dll" adapterTypeName="executor://mstestadapter/v4" className="PBStudio.UI.Tests.ProjectSwitchUiPublicationTests" name="VideoAnalysis_ProjectTransitionRejectsLateError" />
    </UnitTest>
    <UnitTest name="LearningSession_RatingGateAllowsOnlyOneFeedbackForCurrentCut" storage="c:\users\david\documents\pb_studio_amd_version\pbstudio.ui.tests\bin\release\net9.0-windows\pbstudio.ui.tests.dll" id="176f9e49-6bb0-81eb-a163-69eb258bed09">
      <Execution id="fc3743dc-2d65-4d88-b56a-72a8359c8a4c" />
      <TestMethod codeBase="C:\Users\david\Documents\Pb_studio_AMD_version\PBStudio.UI.Tests\bin\Release\net9.0-windows\PBStudio.UI.Tests.dll" adapterTypeName="executor://mstestadapter/v4" className="PBStudio.UI.Tests.Obj73UiRegressionTests" name="LearningSession_RatingGateAllowsOnlyOneFeedbackForCurrentCut" />
    </UnitTest>
    <UnitTest name="TenThousandItems_ContainerCountRemainsBounded" storage="c:\users\david\documents\pb_studio_amd_version\pbstudio.ui.tests\bin\release\net9.0-windows\pbstudio.ui.tests.dll" id="1ca45ed7-fbdf-83f7-a4c2-a8ed1b37f8a2">
      <Execution id="c4ce1e5e-da49-46cd-9644-888aecf108ef" />
      <TestMethod codeBase="C:\Users\david\Documents\Pb_studio_AMD_version\PBStudio.UI.Tests\bin\Release\net9.0-windows\PBStudio.UI.Tests.dll" adapterTypeName="executor://mstestadapter/v4" className="PBStudio.UI.Tests.VirtualizingWrapPanelTests" name="TenThousandItems_ContainerCountRemainsBounded" />
    </UnitTest>
    <UnitTest name="SpectralAdapter_PreservesEveryGeneratedField" storage="c:\users\david\documents\pb_studio_amd_version\pbstudio.ui.tests\bin\release\net9.0-windows\pbstudio.ui.tests.dll" id="13131d9b-ab8b-8c9a-a71c-e3322737c720">
      <Execution id="ced3e622-f6d2-4550-a07a-5adbcc1b8cd0" />
      <TestMethod codeBase="C:\Users\david\Documents\Pb_studio_AMD_version\PBStudio.UI.Tests\bin\Release\net9.0-windows\PBStudio.UI.Tests.dll" adapterTypeName="executor://mstestadapter/v4" className="PBStudio.UI.Tests.TransportContractTests" name="SpectralAdapter_PreservesEveryGeneratedField" />
    </UnitTest>
    <UnitTest name="SortEntriesByTime_PreservesSelectedEntryIdentity" storage="c:\users\david\documents\pb_studio_amd_version\pbstudio.ui.tests\bin\release\net9.0-windows\pbstudio.ui.tests.dll" id="1bf592ee-a015-81d6-aa92-c566798b88cd">
      <Execution id="ef28b3b6-1e38-463c-a9f2-43b6365754e3" />
      <TestMethod codeBase="C:\Users\david\Documents\Pb_studio_AMD_version\PBStudio.UI.Tests\bin\Release\net9.0-windows\PBStudio.UI.Tests.dll" adapterTypeName="executor://mstestadapter/v4" className="PBStudio.UI.Tests.TimelineViewModelTests" name="SortEntriesByTime_PreservesSelectedEntryIdentity" />
    </UnitTest>
    <UnitTest name="ProtectedShutdown_WaitsForRevalidationAndSendsOneCapability" storage="c:\users\david\documents\pb_studio_amd_version\pbstudio.ui.tests\bin\release\net9.0-windows\pbstudio.ui.tests.dll" id="1af2eabf-f496-83c7-9c2e-26a31ed74db9">
      <Execution id="96a3ea41-3244-45ee-99f3-75b759241ee6" />
      <TestMethod codeBase="C:\Users\david\Documents\Pb_studio_AMD_version\PBStudio.UI.Tests\bin\Release\net9.0-windows\PBStudio.UI.Tests.dll" adapterTypeName="executor://mstestadapter/v4" className="PBStudio.UI.Tests.T413OwnerProofTransportTests" name="ProtectedShutdown_WaitsForRevalidationAndSendsOneCapability" />
    </UnitTest>
    <UnitTest name="UnsafeKeyboardRemoval_DoesNotMutateTimeline" storage="c:\users\david\documents\pb_studio_amd_version\pbstudio.ui.tests\bin\release\net9.0-windows\pbstudio.ui.tests.dll" id="10faa58a-2ebe-8edb-8fd6-40e718b73675">
      <Execution id="91531a9e-a931-41f6-9883-81db73802501" />
      <TestMethod codeBase="C:\Users\david\Documents\Pb_studio_AMD_version\PBStudio.UI.Tests\bin\Release\net9.0-windows\PBStudio.UI.Tests.dll" adapterTypeName="executor://mstestadapter/v4" className="PBStudio.UI.Tests.TimelineViewModelTests" name="UnsafeKeyboardRemoval_DoesNotMutateTimeline" />
    </UnitTest>
    <UnitTest name="GpuCleanup_BackendFailureNeverReportsCompletion" storage="c:\users\david\documents\pb_studio_amd_version\pbstudio.ui.tests\bin\release\net9.0-windows\pbstudio.ui.tests.dll" id="159b432a-ce9d-8194-ade1-a156b5c8b926">
      <Execution id="7c225516-e931-45cc-aa91-a049a3217e78" />
      <TestMethod codeBase="C:\Users\david\Documents\Pb_studio_AMD_version\PBStudio.UI.Tests\bin\Release\net9.0-windows\PBStudio.UI.Tests.dll" adapterTypeName="executor://mstestadapter/v4" className="PBStudio.UI.Tests.ViewModelAndProjectServiceTests" name="GpuCleanup_BackendFailureNeverReportsCompletion" />
    </UnitTest>
    <UnitTest name="FailedProof_RejectsProtectedRequestWithoutSendingHeader" storage="c:\users\david\documents\pb_studio_amd_version\pbstudio.ui.tests\bin\release\net9.0-windows\pbstudio.ui.tests.dll" id="10d8f015-126c-823c-8144-27f41f7cadba">
      <Execution id="1fd557bd-5ced-48e2-8cdd-cb07ea26332b" />
      <TestMethod codeBase="C:\Users\david\Documents\Pb_studio_AMD_version\PBStudio.UI.Tests\bin\Release\net9.0-windows\PBStudio.UI.Tests.dll" adapterTypeName="executor://mstestadapter/v4" className="PBStudio.UI.Tests.T413OwnerProofTransportTests" name="FailedProof_RejectsProtectedRequestWithoutSendingHeader" />
    </UnitTest>
    <UnitTest name="DisposedClient_DoesNotReceiveFutureCapabilityMutation" storage="c:\users\david\documents\pb_studio_amd_version\pbstudio.ui.tests\bin\release\net9.0-windows\pbstudio.ui.tests.dll" id="1cb5ecd6-3199-89b1-9997-243c6c255d15">
      <Execution id="822a8cf4-0c55-4e34-85da-375b8c6922c8" />
      <TestMethod codeBase="C:\Users\david\Documents\Pb_studio_AMD_version\PBStudio.UI.Tests\bin\Release\net9.0-windows\PBStudio.UI.Tests.dll" adapterTypeName="executor://mstestadapter/v4" className="PBStudio.UI.Tests.T413OwnerProofTransportTests" name="DisposedClient_DoesNotReceiveFutureCapabilityMutation" />
    </UnitTest>
    <UnitTest name="Recommendation_LateOlderModeCannotReplaceCurrentMode" storage="c:\users\david\documents\pb_studio_amd_version\pbstudio.ui.tests\bin\release\net9.0-windows\pbstudio.ui.tests.dll" id="161fa28a-9149-8f48-8d0e-034dd26869ba">
      <Execution id="af75e4fb-3392-434b-a86d-195bba703dfe" />
      <TestMethod codeBase="C:\Users\david\Documents\Pb_studio_AMD_version\PBStudio.UI.Tests\bin\Release\net9.0-windows\PBStudio.UI.Tests.dll" adapterTypeName="executor://mstestadapter/v4" className="PBStudio.UI.Tests.ViewModelAndProjectServiceTests" name="Recommendation_LateOlderModeCannotReplaceCurrentMode" />
    </UnitTest>
    <UnitTest name="AnchorLoad_ProjectSwitchRejectsPreviousGeneration" storage="c:\users\david\documents\pb_studio_amd_version\pbstudio.ui.tests\bin\release\net9.0-windows\pbstudio.ui.tests.dll" id="1cc24067-99fd-8a8d-8c7e-2d1e1398f0b2">
      <Execution id="8c9fdf93-c86b-4aa3-8ce5-36a360ef1d04" />
      <TestMethod codeBase="C:\Users\david\Documents\Pb_studio_AMD_version\PBStudio.UI.Tests\bin\Release\net9.0-windows\PBStudio.UI.Tests.dll" adapterTypeName="executor://mstestadapter/v4" className="PBStudio.UI.Tests.Obj73UiRegressionTests" name="AnchorLoad_ProjectSwitchRejectsPreviousGeneration" />
    </UnitTest>
    <UnitTest name="CleanupGpu_DeserializesTypedNegativeResult" storage="c:\users\david\documents\pb_studio_amd_version\pbstudio.ui.tests\bin\release\net9.0-windows\pbstudio.ui.tests.dll" id="11b6c3b2-a8d9-8eca-87d6-da6c3a9ba6fa">
      <Execution id="5199d518-9e64-4d13-a0b1-88ea0da11167" />
      <TestMethod codeBase="C:\Users\david\Documents\Pb_studio_AMD_version\PBStudio.UI.Tests\bin\Release\net9.0-windows\PBStudio.UI.Tests.dll" adapterTypeName="executor://mstestadapter/v4" className="PBStudio.UI.Tests.ApiClientContractTests" name="CleanupGpu_DeserializesTypedNegativeResult" />
    </UnitTest>
    <UnitTest name="Save_WhenParentIsAFileReturnsWriteFailureWithoutFalseSuccess" storage="c:\users\david\documents\pb_studio_amd_version\pbstudio.ui.tests\bin\release\net9.0-windows\pbstudio.ui.tests.dll" id="176f4b55-57bd-8c80-b546-52e355a2f3c3">
      <Execution id="0bd779f3-4d33-4274-91a3-392e5518db8c" />
      <TestMethod codeBase="C:\Users\david\Documents\Pb_studio_AMD_version\PBStudio.UI.Tests\bin\Release\net9.0-windows\PBStudio.UI.Tests.dll" adapterTypeName="executor://mstestadapter/v4" className="PBStudio.UI.Tests.SettingsServiceTests" name="Save_WhenParentIsAFileReturnsWriteFailureWithoutFalseSuccess" />
    </UnitTest>
    <UnitTest name="TimelineSync_ProjectTransitionRejectsLateError" storage="c:\users\david\documents\pb_studio_amd_version\pbstudio.ui.tests\bin\release\net9.0-windows\pbstudio.ui.tests.dll" id="1db0fb98-c85e-8c77-8809-f1b1a39bea7a">
      <Execution id="1542c7b6-87bb-4766-b2e6-358200d3d44e" />
      <TestMethod codeBase="C:\Users\david\Documents\Pb_studio_AMD_version\PBStudio.UI.Tests\bin\Release\net9.0-windows\PBStudio.UI.Tests.dll" adapterTypeName="executor://mstestadapter/v4" className="PBStudio.UI.Tests.ProjectSwitchUiPublicationTests" name="TimelineSync_ProjectTransitionRejectsLateError" />
    </UnitTest>
    <UnitTest name="SseInterrupted_IsTerminalAndCannotBeThrottled" storage="c:\users\david\documents\pb_studio_amd_version\pbstudio.ui.tests\bin\release\net9.0-windows\pbstudio.ui.tests.dll" id="1a302705-dd2c-8340-92fe-5fb2e49b7a2f">
      <Execution id="159ced1c-5e15-41d7-86a4-072d0a16758e" />
      <TestMethod codeBase="C:\Users\david\Documents\Pb_studio_AMD_version\PBStudio.UI.Tests\bin\Release\net9.0-windows\PBStudio.UI.Tests.dll" adapterTypeName="executor://mstestadapter/v4" className="PBStudio.UI.Tests.AnalysisResumeContractTests" name="SseInterrupted_IsTerminalAndCannotBeThrottled" />
    </UnitTest>
    <UnitTest name="TimelinePreview_ForwardsCancellationToHttpRequest" storage="c:\users\david\documents\pb_studio_amd_version\pbstudio.ui.tests\bin\release\net9.0-windows\pbstudio.ui.tests.dll" id="1092c592-39b4-82f8-a9fb-f180cc3abafa">
      <Execution id="0082f6f0-804a-44ae-892a-14137806e58b" />
      <TestMethod codeBase="C:\Users\david\Documents\Pb_studio_AMD_version\PBStudio.UI.Tests\bin\Release\net9.0-windows\PBStudio.UI.Tests.dll" adapterTypeName="executor://mstestadapter/v4" className="PBStudio.UI.Tests.ApiClientContractTests" name="TimelinePreview_ForwardsCancellationToHttpRequest" />
    </UnitTest>
    <UnitTest name="ScrollAndCollectionReset_RecyclesContainersProperly" storage="c:\users\david\documents\pb_studio_amd_version\pbstudio.ui.tests\bin\release\net9.0-windows\pbstudio.ui.tests.dll" id="160dd71a-223c-8034-a2fd-0cac99f9b4f2">
      <Execution id="09fee8b4-4985-4f82-b117-9d93e75f13e3" />
      <TestMethod codeBase="C:\Users\david\Documents\Pb_studio_AMD_version\PBStudio.UI.Tests\bin\Release\net9.0-windows\PBStudio.UI.Tests.dll" adapterTypeName="executor://mstestadapter/v4" className="PBStudio.UI.Tests.VirtualizingWrapPanelTests" name="ScrollAndCollectionReset_RecyclesContainersProperly" />
    </UnitTest>
    <UnitTest name="BrainFeedback_ProjectResetRejectsLateResponse" storage="c:\users\david\documents\pb_studio_amd_version\pbstudio.ui.tests\bin\release\net9.0-windows\pbstudio.ui.tests.dll" id="16dfb3b3-5cd7-8a8f-bb12-d8f1efe2e958">
      <Execution id="12daebf1-0d91-45f0-bcca-35388283d583" />
      <TestMethod codeBase="C:\Users\david\Documents\Pb_studio_AMD_version\PBStudio.UI.Tests\bin\Release\net9.0-windows\PBStudio.UI.Tests.dll" adapterTypeName="executor://mstestadapter/v4" className="PBStudio.UI.Tests.ProjectSwitchUiPublicationTests" name="BrainFeedback_ProjectResetRejectsLateResponse" />
    </UnitTest>
    <UnitTest name="LearningDialog_SeeksBothPlayersAndEnforcesCutEnd" storage="c:\users\david\documents\pb_studio_amd_version\pbstudio.ui.tests\bin\release\net9.0-windows\pbstudio.ui.tests.dll" id="1ce71580-4928-898c-b987-40cd82e9e022">
      <Execution id="281243fc-e1dd-484b-bd97-c7a2fdbe18c5" />
      <TestMethod codeBase="C:\Users\david\Documents\Pb_studio_AMD_version\PBStudio.UI.Tests\bin\Release\net9.0-windows\PBStudio.UI.Tests.dll" adapterTypeName="executor://mstestadapter/v4" className="PBStudio.UI.Tests.Obj73UiRegressionTests" name="LearningDialog_SeeksBothPlayersAndEnforcesCutEnd" />
    </UnitTest>
    <UnitTest name="SseDispose_DoesNotThrowForCancelledReconnectTask" storage="c:\users\david\documents\pb_studio_amd_version\pbstudio.ui.tests\bin\release\net9.0-windows\pbstudio.ui.tests.dll" id="163d9787-0528-8e24-a957-1401922c4b8a">
      <Execution id="c16cf357-6912-4345-8db2-1d620eacadea" />
      <TestMethod codeBase="C:\Users\david\Documents\Pb_studio_AMD_version\PBStudio.UI.Tests\bin\Release\net9.0-windows\PBStudio.UI.Tests.dll" adapterTypeName="executor://mstestadapter/v4" className="PBStudio.UI.Tests.AnalysisResumeContractTests" name="SseDispose_DoesNotThrowForCancelledReconnectTask" />
    </UnitTest>
    <UnitTest name="BrainFeedback_RetryIdIsStableOnlyWithinSameProject" storage="c:\users\david\documents\pb_studio_amd_version\pbstudio.ui.tests\bin\release\net9.0-windows\pbstudio.ui.tests.dll" id="1a85b9d0-ed10-8ad1-8a4d-c0b3d964fc8a">
      <Execution id="f494cfa4-4030-48d2-ae50-4927652a84c7" />
      <TestMethod codeBase="C:\Users\david\Documents\Pb_studio_AMD_version\PBStudio.UI.Tests\bin\Release\net9.0-windows\PBStudio.UI.Tests.dll" adapterTypeName="executor://mstestadapter/v4" className="PBStudio.UI.Tests.ApiClientContractTests" name="BrainFeedback_RetryIdIsStableOnlyWithinSameProject" />
    </UnitTest>
    <UnitTest name="Load_MalformedJsonReturnsTypedFailureAndDefaults" storage="c:\users\david\documents\pb_studio_amd_version\pbstudio.ui.tests\bin\release\net9.0-windows\pbstudio.ui.tests.dll" id="18443503-bf65-8539-8c27-73cbd912230e">
      <Execution id="4a264a72-28cf-4c80-9018-d75e507fa1e8" />
      <TestMethod codeBase="C:\Users\david\Documents\Pb_studio_AMD_version\PBStudio.UI.Tests\bin\Release\net9.0-windows\PBStudio.UI.Tests.dll" adapterTypeName="executor://mstestadapter/v4" className="PBStudio.UI.Tests.SettingsServiceTests" name="Load_MalformedJsonReturnsTypedFailureAndDefaults" />
    </UnitTest>
    <UnitTest name="ClearChatHistory_SuccessStatusReturnsTrue" storage="c:\users\david\documents\pb_studio_amd_version\pbstudio.ui.tests\bin\release\net9.0-windows\pbstudio.ui.tests.dll" id="1889a283-8b09-8259-baa6-75b788ebec51">
      <Execution id="6d590ccf-f2ab-40ee-a853-ae2878af74fa" />
      <TestMethod codeBase="C:\Users\david\Documents\Pb_studio_AMD_version\PBStudio.UI.Tests\bin\Release\net9.0-windows\PBStudio.UI.Tests.dll" adapterTypeName="executor://mstestadapter/v4" className="PBStudio.UI.Tests.ApiClientContractTests" name="ClearChatHistory_SuccessStatusReturnsTrue" />
    </UnitTest>
    <UnitTest name="AudioAnalysis_ProjectTransitionRejectsLateError" storage="c:\users\david\documents\pb_studio_amd_version\pbstudio.ui.tests\bin\release\net9.0-windows\pbstudio.ui.tests.dll" id="144c1203-7f4c-812c-8221-c24240cd374d">
      <Execution id="1999aec7-0272-433e-b5bd-616777a3fc30" />
      <TestMethod codeBase="C:\Users\david\Documents\Pb_studio_AMD_version\PBStudio.UI.Tests\bin\Release\net9.0-windows\PBStudio.UI.Tests.dll" adapterTypeName="executor://mstestadapter/v4" className="PBStudio.UI.Tests.ProjectSwitchUiPublicationTests" name="AudioAnalysis_ProjectTransitionRejectsLateError" />
    </UnitTest>
    <UnitTest name="VideoBatch_CompletedClipStillReachesPlannerAndSortPreservesIdentity" storage="c:\users\david\documents\pb_studio_amd_version\pbstudio.ui.tests\bin\release\net9.0-windows\pbstudio.ui.tests.dll" id="1d87ef74-17e2-8535-86d5-5c4ceb10045c">
      <Execution id="f980ece0-ce11-4de5-bd77-b1cce4ef7048" />
      <TestMethod codeBase="C:\Users\david\Documents\Pb_studio_AMD_version\PBStudio.UI.Tests\bin\Release\net9.0-windows\PBStudio.UI.Tests.dll" adapterTypeName="executor://mstestadapter/v4" className="PBStudio.UI.Tests.AnalysisResumeContractTests" name="VideoBatch_CompletedClipStillReachesPlannerAndSortPreservesIdentity" />
    </UnitTest>
    <UnitTest name="KeyboardNudge_ClampsAtAdjacentCutsAndPreservesDuration" storage="c:\users\david\documents\pb_studio_amd_version\pbstudio.ui.tests\bin\release\net9.0-windows\pbstudio.ui.tests.dll" id="19bcc3d4-434a-8ee4-9137-309bb2490b0f">
      <Execution id="072f9f06-46cc-45c0-8352-116f588c55a1" />
      <TestMethod codeBase="C:\Users\david\Documents\Pb_studio_AMD_version\PBStudio.UI.Tests\bin\Release\net9.0-windows\PBStudio.UI.Tests.dll" adapterTypeName="executor://mstestadapter/v4" className="PBStudio.UI.Tests.TimelineViewModelTests" name="KeyboardNudge_ClampsAtAdjacentCutsAndPreservesDuration" />
    </UnitTest>
    <UnitTest name="RepeatedTemplateReapply_PreservesContentIdentity" storage="c:\users\david\documents\pb_studio_amd_version\pbstudio.ui.tests\bin\release\net9.0-windows\pbstudio.ui.tests.dll" id="1df6034f-075e-87e6-a427-99dbc9c7e266">
      <Execution id="2f99ea41-c7a1-46bf-a4e4-213cc42d9811" />
      <TestMethod codeBase="C:\Users\david\Documents\Pb_studio_AMD_version\PBStudio.UI.Tests\bin\Release\net9.0-windows\PBStudio.UI.Tests.dll" adapterTypeName="executor://mstestadapter/v4" className="PBStudio.UI.Tests.CachedTabControlTests" name="RepeatedTemplateReapply_PreservesContentIdentity" />
    </UnitTest>
    <UnitTest name="Recommendation_ProjectSwitchRejectsOldProjectResult" storage="c:\users\david\documents\pb_studio_amd_version\pbstudio.ui.tests\bin\release\net9.0-windows\pbstudio.ui.tests.dll" id="1c3c9f84-45ce-89ee-8692-412a1b8047b9">
      <Execution id="4bac9119-d866-48e3-9def-eb8ba87e8606" />
      <TestMethod codeBase="C:\Users\david\Documents\Pb_studio_AMD_version\PBStudio.UI.Tests\bin\Release\net9.0-windows\PBStudio.UI.Tests.dll" adapterTypeName="executor://mstestadapter/v4" className="PBStudio.UI.Tests.ViewModelAndProjectServiceTests" name="Recommendation_ProjectSwitchRejectsOldProjectResult" />
    </UnitTest>
    <UnitTest name="ProjectSaveAndClose_NegativeResultsPreserveProject" storage="c:\users\david\documents\pb_studio_amd_version\pbstudio.ui.tests\bin\release\net9.0-windows\pbstudio.ui.tests.dll" id="16cce8db-499b-8ad9-8877-1fef604aa4a8">
      <Execution id="91fced31-1801-433d-86b3-96a6badc86b4" />
      <TestMethod codeBase="C:\Users\david\Documents\Pb_studio_AMD_version\PBStudio.UI.Tests\bin\Release\net9.0-windows\PBStudio.UI.Tests.dll" adapterTypeName="executor://mstestadapter/v4" className="PBStudio.UI.Tests.ViewModelAndProjectServiceTests" name="ProjectSaveAndClose_NegativeResultsPreserveProject" />
    </UnitTest>
    <UnitTest name="ChatClear_BackendTrueReplacesHistoryWithFreshWelcome" storage="c:\users\david\documents\pb_studio_amd_version\pbstudio.ui.tests\bin\release\net9.0-windows\pbstudio.ui.tests.dll" id="1699e4fb-0790-80a8-a7f0-237d51f0ec22">
      <Execution id="205aad0b-5ea7-4877-85af-52d2e0372708" />
      <TestMethod codeBase="C:\Users\david\Documents\Pb_studio_AMD_version\PBStudio.UI.Tests\bin\Release\net9.0-windows\PBStudio.UI.Tests.dll" adapterTypeName="executor://mstestadapter/v4" className="PBStudio.UI.Tests.ViewModelAndProjectServiceTests" name="ChatClear_BackendTrueReplacesHistoryWithFreshWelcome" />
    </UnitTest>
    <UnitTest name="Load_MissingFileIsSuccessfulFirstStart" storage="c:\users\david\documents\pb_studio_amd_version\pbstudio.ui.tests\bin\release\net9.0-windows\pbstudio.ui.tests.dll" id="16f21dcd-f38b-852e-a24d-29dc52e3b8ce">
      <Execution id="fc084909-1564-4221-921c-ddea313a6d74" />
      <TestMethod codeBase="C:\Users\david\Documents\Pb_studio_AMD_version\PBStudio.UI.Tests\bin\Release\net9.0-windows\PBStudio.UI.Tests.dll" adapterTypeName="executor://mstestadapter/v4" className="PBStudio.UI.Tests.SettingsServiceTests" name="Load_MissingFileIsSuccessfulFirstStart" />
    </UnitTest>
    <UnitTest name="SettingsLoadFailure_IsImmediatelyVisibleToViewModel" storage="c:\users\david\documents\pb_studio_amd_version\pbstudio.ui.tests\bin\release\net9.0-windows\pbstudio.ui.tests.dll" id="146b3c6a-d74b-8add-b2a1-51070661d9f2">
      <Execution id="7160e36d-4c33-4e0c-a8ba-f78d0bba7e42" />
      <TestMethod codeBase="C:\Users\david\Documents\Pb_studio_AMD_version\PBStudio.UI.Tests\bin\Release\net9.0-windows\PBStudio.UI.Tests.dll" adapterTypeName="executor://mstestadapter/v4" className="PBStudio.UI.Tests.ViewModelAndProjectServiceTests" name="SettingsLoadFailure_IsImmediatelyVisibleToViewModel" />
    </UnitTest>
    <UnitTest name="PortRebind_HealthAndProofAreHeaderless_ThenApiAndSseRemainDefaultHeaderFree" storage="c:\users\david\documents\pb_studio_amd_version\pbstudio.ui.tests\bin\release\net9.0-windows\pbstudio.ui.tests.dll" id="1576f124-bd47-852f-bb7d-8d010ead0861">
      <Execution id="f9bac664-2a9b-4fca-b843-d9e8b928de71" />
      <TestMethod codeBase="C:\Users\david\Documents\Pb_studio_AMD_version\PBStudio.UI.Tests\bin\Release\net9.0-windows\PBStudio.UI.Tests.dll" adapterTypeName="executor://mstestadapter/v4" className="PBStudio.UI.Tests.T413OwnerProofTransportTests" name="PortRebind_HealthAndProofAreHeaderless_ThenApiAndSseRemainDefaultHeaderFree" />
    </UnitTest>
    <UnitTest name="CalculateColumns_ReturnsExpectedColumnsAndHandlesNarrowWidth" storage="c:\users\david\documents\pb_studio_amd_version\pbstudio.ui.tests\bin\release\net9.0-windows\pbstudio.ui.tests.dll" id="1604c9bf-6bbe-8d0d-9365-7623d90bbb65">
      <Execution id="e628b4d4-cdf6-49ba-9304-6b856d78e1ba" />
      <TestMethod codeBase="C:\Users\david\Documents\Pb_studio_AMD_version\PBStudio.UI.Tests\bin\Release\net9.0-windows\PBStudio.UI.Tests.dll" adapterTypeName="executor://mstestadapter/v4" className="PBStudio.UI.Tests.VirtualizingWrapPanelTests" name="CalculateColumns_ReturnsExpectedColumnsAndHandlesNarrowWidth" />
    </UnitTest>
    <UnitTest name="SendDuringRevalidation_WaitsThenSendsOnceAfterVerification" storage="c:\users\david\documents\pb_studio_amd_version\pbstudio.ui.tests\bin\release\net9.0-windows\pbstudio.ui.tests.dll" id="1ef48d92-6ac1-89e4-be48-80d969beb0c1">
      <Execution id="8662aba6-4557-4f43-b83a-e8a99d2c5624" />
      <TestMethod codeBase="C:\Users\david\Documents\Pb_studio_AMD_version\PBStudio.UI.Tests\bin\Release\net9.0-windows\PBStudio.UI.Tests.dll" adapterTypeName="executor://mstestadapter/v4" className="PBStudio.UI.Tests.T413OwnerProofTransportTests" name="SendDuringRevalidation_WaitsThenSendsOnceAfterVerification" />
    </UnitTest>
    <UnitTest name="AudioAdapter_PreservesGeneratedPartialResultAndEvidence" storage="c:\users\david\documents\pb_studio_amd_version\pbstudio.ui.tests\bin\release\net9.0-windows\pbstudio.ui.tests.dll" id="1e7b904e-1df8-8ef5-accb-8734c6ceb696">
      <Execution id="19e9a3b1-4fec-42f8-b4ef-9804e6187428" />
      <TestMethod codeBase="C:\Users\david\Documents\Pb_studio_AMD_version\PBStudio.UI.Tests\bin\Release\net9.0-windows\PBStudio.UI.Tests.dll" adapterTypeName="executor://mstestadapter/v4" className="PBStudio.UI.Tests.TransportContractTests" name="AudioAdapter_PreservesGeneratedPartialResultAndEvidence" />
    </UnitTest>
    <UnitTest name="RedirectResponse_IsReturnedWithoutFollowingSecondRequest" storage="c:\users\david\documents\pb_studio_amd_version\pbstudio.ui.tests\bin\release\net9.0-windows\pbstudio.ui.tests.dll" id="10b8feb4-1f1d-8699-ba84-4f6f72bdae3b">
      <Execution id="b66cc960-4ad1-40a3-b4f0-15e807cfe2cf" />
      <TestMethod codeBase="C:\Users\david\Documents\Pb_studio_AMD_version\PBStudio.UI.Tests\bin\Release\net9.0-windows\PBStudio.UI.Tests.dll" adapterTypeName="executor://mstestadapter/v4" className="PBStudio.UI.Tests.T413OwnerProofTransportTests" name="RedirectResponse_IsReturnedWithoutFollowingSecondRequest" />
    </UnitTest>
    <UnitTest name="ModelDtos_DeserializeBackendJsonTruth" storage="c:\users\david\documents\pb_studio_amd_version\pbstudio.ui.tests\bin\release\net9.0-windows\pbstudio.ui.tests.dll" id="114c8c5b-7a77-80d7-aa1c-dfc45a6bfa66">
      <Execution id="c8ed7951-f3ad-4af9-97aa-5661ec549922" />
      <TestMethod codeBase="C:\Users\david\Documents\Pb_studio_AMD_version\PBStudio.UI.Tests\bin\Release\net9.0-windows\PBStudio.UI.Tests.dll" adapterTypeName="executor://mstestadapter/v4" className="PBStudio.UI.Tests.TransportContractTests" name="ModelDtos_DeserializeBackendJsonTruth" />
    </UnitTest>
    <UnitTest name="ProjectSwitch_InvalidatesCapturedOperationContext" storage="c:\users\david\documents\pb_studio_amd_version\pbstudio.ui.tests\bin\release\net9.0-windows\pbstudio.ui.tests.dll" id="1e7225f8-8d08-841a-9b1e-a7e584982326">
      <Execution id="a024803f-fc0b-41e0-ae9b-e9cba6b033d9" />
      <TestMethod codeBase="C:\Users\david\Documents\Pb_studio_AMD_version\PBStudio.UI.Tests\bin\Release\net9.0-windows\PBStudio.UI.Tests.dll" adapterTypeName="executor://mstestadapter/v4" className="PBStudio.UI.Tests.ViewModelAndProjectServiceTests" name="ProjectSwitch_InvalidatesCapturedOperationContext" />
    </UnitTest>
    <UnitTest name="LargeCollection_RealizesOnlyVisibleRowsPlusBuffers" storage="c:\users\david\documents\pb_studio_amd_version\pbstudio.ui.tests\bin\release\net9.0-windows\pbstudio.ui.tests.dll" id="16131ebe-faa9-8acf-a949-b55fda561047">
      <Execution id="d3c429f3-b2a5-4c3f-9066-2bd03f43051d" />
      <TestMethod codeBase="C:\Users\david\Documents\Pb_studio_AMD_version\PBStudio.UI.Tests\bin\Release\net9.0-windows\PBStudio.UI.Tests.dll" adapterTypeName="executor://mstestadapter/v4" className="PBStudio.UI.Tests.VirtualizingWrapPanelTests" name="LargeCollection_RealizesOnlyVisibleRowsPlusBuffers" />
    </UnitTest>
    <UnitTest name="VideoClipInfo_PreservesPartialStageTruth" storage="c:\users\david\documents\pb_studio_amd_version\pbstudio.ui.tests\bin\release\net9.0-windows\pbstudio.ui.tests.dll" id="13491c1a-ffa6-85e1-87b1-534bb12c9974">
      <Execution id="661d80d4-9747-4392-9bf4-86af55bf7faa" />
      <TestMethod codeBase="C:\Users\david\Documents\Pb_studio_AMD_version\PBStudio.UI.Tests\bin\Release\net9.0-windows\PBStudio.UI.Tests.dll" adapterTypeName="executor://mstestadapter/v4" className="PBStudio.UI.Tests.TransportContractTests" name="VideoClipInfo_PreservesPartialStageTruth" />
    </UnitTest>
    <UnitTest name="ChatClear_BackendFalsePreservesLocalMessages" storage="c:\users\david\documents\pb_studio_amd_version\pbstudio.ui.tests\bin\release\net9.0-windows\pbstudio.ui.tests.dll" id="10702632-f2dd-8da0-adcc-7ec6f6e64520">
      <Execution id="5e1e0b3b-c080-4606-bebc-387bc7cb75b3" />
      <TestMethod codeBase="C:\Users\david\Documents\Pb_studio_AMD_version\PBStudio.UI.Tests\bin\Release\net9.0-windows\PBStudio.UI.Tests.dll" adapterTypeName="executor://mstestadapter/v4" className="PBStudio.UI.Tests.ViewModelAndProjectServiceTests" name="ChatClear_BackendFalsePreservesLocalMessages" />
    </UnitTest>
    <UnitTest name="Brain_RatingGateAllowsOnlyOneFeedbackForSelectedCut" storage="c:\users\david\documents\pb_studio_amd_version\pbstudio.ui.tests\bin\release\net9.0-windows\pbstudio.ui.tests.dll" id="10322c7a-66b0-8a9d-83ce-32f8fd64d853">
      <Execution id="3696fc2d-bbe6-4a70-83f4-96a81f14dd49" />
      <TestMethod codeBase="C:\Users\david\Documents\Pb_studio_AMD_version\PBStudio.UI.Tests\bin\Release\net9.0-windows\PBStudio.UI.Tests.dll" adapterTypeName="executor://mstestadapter/v4" className="PBStudio.UI.Tests.Obj73UiRegressionTests" name="Brain_RatingGateAllowsOnlyOneFeedbackForSelectedCut" />
    </UnitTest>
    <UnitTest name="ClearChatHistory_NonSuccessStatusReturnsFalse" storage="c:\users\david\documents\pb_studio_amd_version\pbstudio.ui.tests\bin\release\net9.0-windows\pbstudio.ui.tests.dll" id="1ca307a7-cbd5-866d-a5f0-a1eff7e24943">
      <Execution id="263fb193-0b5e-4813-8924-ac615a133668" />
      <TestMethod codeBase="C:\Users\david\Documents\Pb_studio_AMD_version\PBStudio.UI.Tests\bin\Release\net9.0-windows\PBStudio.UI.Tests.dll" adapterTypeName="executor://mstestadapter/v4" className="PBStudio.UI.Tests.ApiClientContractTests" name="ClearChatHistory_NonSuccessStatusReturnsFalse" />
    </UnitTest>
    <UnitTest name="TemplateReapply_ReparentsExistingPresentersExactlyOnce" storage="c:\users\david\documents\pb_studio_amd_version\pbstudio.ui.tests\bin\release\net9.0-windows\pbstudio.ui.tests.dll" id="1c07e79d-2f02-82ef-83d6-964f11b01e05">
      <Execution id="8c664572-40d2-432a-9688-4b48ba170c45" />
      <TestMethod codeBase="C:\Users\david\Documents\Pb_studio_AMD_version\PBStudio.UI.Tests\bin\Release\net9.0-windows\PBStudio.UI.Tests.dll" adapterTypeName="executor://mstestadapter/v4" className="PBStudio.UI.Tests.CachedTabControlTests" name="TemplateReapply_ReparentsExistingPresentersExactlyOnce" />
    </UnitTest>
    <UnitTest name="KeyboardTrim_RespectsSourcePreviousNextAndMinimumDuration" storage="c:\users\david\documents\pb_studio_amd_version\pbstudio.ui.tests\bin\release\net9.0-windows\pbstudio.ui.tests.dll" id="171fc1bd-d16c-8f04-9423-ba3219dda602">
      <Execution id="14187fdb-38a3-4c1b-825d-9b6df6fbec83" />
      <TestMethod codeBase="C:\Users\david\Documents\Pb_studio_AMD_version\PBStudio.UI.Tests\bin\Release\net9.0-windows\PBStudio.UI.Tests.dll" adapterTypeName="executor://mstestadapter/v4" className="PBStudio.UI.Tests.TimelineViewModelTests" name="KeyboardTrim_RespectsSourcePreviousNextAndMinimumDuration" />
    </UnitTest>
    <UnitTest name="Save_AtomicallyPersistsAndVerifiesCurrentSettings" storage="c:\users\david\documents\pb_studio_amd_version\pbstudio.ui.tests\bin\release\net9.0-windows\pbstudio.ui.tests.dll" id="1ada28c6-f1e8-84c0-a31d-99f279d33662">
      <Execution id="7e2b5b38-eeb5-4942-bc3c-e17ead8b18c9" />
      <TestMethod codeBase="C:\Users\david\Documents\Pb_studio_AMD_version\PBStudio.UI.Tests\bin\Release\net9.0-windows\PBStudio.UI.Tests.dll" adapterTypeName="executor://mstestadapter/v4" className="PBStudio.UI.Tests.SettingsServiceTests" name="Save_AtomicallyPersistsAndVerifiesCurrentSettings" />
    </UnitTest>
    <UnitTest name="CanceledProtectedSend_ReleasesItsRequestLease" storage="c:\users\david\documents\pb_studio_amd_version\pbstudio.ui.tests\bin\release\net9.0-windows\pbstudio.ui.tests.dll" id="129db6a5-e92e-8ef3-9898-15519adb2d60">
      <Execution id="657e5814-b26f-4dc4-be70-a65c1292dd64" />
      <TestMethod codeBase="C:\Users\david\Documents\Pb_studio_AMD_version\PBStudio.UI.Tests\bin\Release\net9.0-windows\PBStudio.UI.Tests.dll" adapterTypeName="executor://mstestadapter/v4" className="PBStudio.UI.Tests.T413OwnerProofTransportTests" name="CanceledProtectedSend_ReleasesItsRequestLease" />
    </UnitTest>
    <UnitTest name="RatingGate_IsSharedAcrossLearningAndBrainForSameCut" storage="c:\users\david\documents\pb_studio_amd_version\pbstudio.ui.tests\bin\release\net9.0-windows\pbstudio.ui.tests.dll" id="12421b6e-6637-86ab-8c97-e30848487392">
      <Execution id="34d150eb-d54e-4331-b0b4-85ddd616abb0" />
      <TestMethod codeBase="C:\Users\david\Documents\Pb_studio_AMD_version\PBStudio.UI.Tests\bin\Release\net9.0-windows\PBStudio.UI.Tests.dll" adapterTypeName="executor://mstestadapter/v4" className="PBStudio.UI.Tests.Obj73UiRegressionTests" name="RatingGate_IsSharedAcrossLearningAndBrainForSameCut" />
    </UnitTest>
    <UnitTest name="EmptyCollection_DoesNotThrowAndHasZeroContainers" storage="c:\users\david\documents\pb_studio_amd_version\pbstudio.ui.tests\bin\release\net9.0-windows\pbstudio.ui.tests.dll" id="1c0d6c69-2059-80c0-a9d6-b3caebca4f1a">
      <Execution id="4c12f1b2-5e33-42d6-9b72-e97cfa89c2df" />
      <TestMethod codeBase="C:\Users\david\Documents\Pb_studio_AMD_version\PBStudio.UI.Tests\bin\Release\net9.0-windows\PBStudio.UI.Tests.dll" adapterTypeName="executor://mstestadapter/v4" className="PBStudio.UI.Tests.VirtualizingWrapPanelTests" name="EmptyCollection_DoesNotThrowAndHasZeroContainers" />
    </UnitTest>
    <UnitTest name="ResultDtos_DeserializeNegativeBackendTruth" storage="c:\users\david\documents\pb_studio_amd_version\pbstudio.ui.tests\bin\release\net9.0-windows\pbstudio.ui.tests.dll" id="1e0b4879-8097-8fd8-90ab-1b65cf703528">
      <Execution id="753e9783-6e71-401f-b4c8-eeb7a4cf8e42" />
      <TestMethod codeBase="C:\Users\david\Documents\Pb_studio_AMD_version\PBStudio.UI.Tests\bin\Release\net9.0-windows\PBStudio.UI.Tests.dll" adapterTypeName="executor://mstestadapter/v4" className="PBStudio.UI.Tests.TransportContractTests" name="ResultDtos_DeserializeNegativeBackendTruth" />
    </UnitTest>
    <UnitTest name="AnchorWrites_DisableEditingUntilOrderedWriteCompletes" storage="c:\users\david\documents\pb_studio_amd_version\pbstudio.ui.tests\bin\release\net9.0-windows\pbstudio.ui.tests.dll" id="18910e25-23d0-8c81-ba52-e070a1217142">
      <Execution id="3fa4be11-6775-4dbb-8887-c3132cf247af" />
      <TestMethod codeBase="C:\Users\david\Documents\Pb_studio_AMD_version\PBStudio.UI.Tests\bin\Release\net9.0-windows\PBStudio.UI.Tests.dll" adapterTypeName="executor://mstestadapter/v4" className="PBStudio.UI.Tests.Obj73UiRegressionTests" name="AnchorWrites_DisableEditingUntilOrderedWriteCompletes" />
    </UnitTest>
    <UnitTest name="SseEventId_IsCommittedOnlyAfterSuccessfulDispatch" storage="c:\users\david\documents\pb_studio_amd_version\pbstudio.ui.tests\bin\release\net9.0-windows\pbstudio.ui.tests.dll" id="112339ba-999b-8a3c-9201-0682eb75c5d7">
      <Execution id="eabeeb87-8111-4a69-b4a9-7b60bce4236f" />
      <TestMethod codeBase="C:\Users\david\Documents\Pb_studio_AMD_version\PBStudio.UI.Tests\bin\Release\net9.0-windows\PBStudio.UI.Tests.dll" adapterTypeName="executor://mstestadapter/v4" className="PBStudio.UI.Tests.AnalysisResumeContractTests" name="SseEventId_IsCommittedOnlyAfterSuccessfulDispatch" />
    </UnitTest>
    <UnitTest name="KeyboardSelectionAndScrub_UseTimelineOrderAndClampBounds" storage="c:\users\david\documents\pb_studio_amd_version\pbstudio.ui.tests\bin\release\net9.0-windows\pbstudio.ui.tests.dll" id="1e9b7ca6-40ab-8bc5-9ca0-a99118e22657">
      <Execution id="b213e2f8-d8e9-4560-8e67-c716fb138907" />
      <TestMethod codeBase="C:\Users\david\Documents\Pb_studio_AMD_version\PBStudio.UI.Tests\bin\Release\net9.0-windows\PBStudio.UI.Tests.dll" adapterTypeName="executor://mstestadapter/v4" className="PBStudio.UI.Tests.TimelineViewModelTests" name="KeyboardSelectionAndScrub_UseTimelineOrderAndClampBounds" />
    </UnitTest>
    <UnitTest name="SettingsSaveFailure_NeverReportsSuccess" storage="c:\users\david\documents\pb_studio_amd_version\pbstudio.ui.tests\bin\release\net9.0-windows\pbstudio.ui.tests.dll" id="1a78dc13-c09d-8a33-9498-a24acd37f9ee">
      <Execution id="d37beac1-a68b-4bb0-aafc-6501b57970e1" />
      <TestMethod codeBase="C:\Users\david\Documents\Pb_studio_AMD_version\PBStudio.UI.Tests\bin\Release\net9.0-windows\PBStudio.UI.Tests.dll" adapterTypeName="executor://mstestadapter/v4" className="PBStudio.UI.Tests.ViewModelAndProjectServiceTests" name="SettingsSaveFailure_NeverReportsSuccess" />
    </UnitTest>
    <UnitTest name="PacingGeneration_ProjectTransitionRejectsLateError" storage="c:\users\david\documents\pb_studio_amd_version\pbstudio.ui.tests\bin\release\net9.0-windows\pbstudio.ui.tests.dll" id="19ab4099-d163-8c50-92c9-0619ffa46d6f">
      <Execution id="a560458b-2d91-4a9e-adab-bd86e75eedd5" />
      <TestMethod codeBase="C:\Users\david\Documents\Pb_studio_AMD_version\PBStudio.UI.Tests\bin\Release\net9.0-windows\PBStudio.UI.Tests.dll" adapterTypeName="executor://mstestadapter/v4" className="PBStudio.UI.Tests.ProjectSwitchUiPublicationTests" name="PacingGeneration_ProjectTransitionRejectsLateError" />
    </UnitTest>
    <UnitTest name="UntrustedOrUnresolvedTarget_FailsClosedWithoutSendingCapability" storage="c:\users\david\documents\pb_studio_amd_version\pbstudio.ui.tests\bin\release\net9.0-windows\pbstudio.ui.tests.dll" id="1619daf6-4d89-8b8b-b69a-b2b2e66ccaa1">
      <Execution id="4a28ad3e-9794-4db5-b30c-6b07e49ab231" />
      <TestMethod codeBase="C:\Users\david\Documents\Pb_studio_AMD_version\PBStudio.UI.Tests\bin\Release\net9.0-windows\PBStudio.UI.Tests.dll" adapterTypeName="executor://mstestadapter/v4" className="PBStudio.UI.Tests.T413OwnerProofTransportTests" name="UntrustedOrUnresolvedTarget_FailsClosedWithoutSendingCapability" />
    </UnitTest>
  </TestDefinitions>
  <TestEntries>
    <TestEntry testId="16dfb3b3-5cd7-8a8f-bb12-d8f1efe2e958" executionId="12daebf1-0d91-45f0-bcca-35388283d583" testListId="8c84fa94-04c1-424b-9868-57a2d4851a1d" />
    <TestEntry testId="1a85b9d0-ed10-8ad1-8a4d-c0b3d964fc8a" executionId="f494cfa4-4030-48d2-ae50-4927652a84c7" testListId="8c84fa94-04c1-424b-9868-57a2d4851a1d" />
    <TestEntry testId="1d87ef74-17e2-8535-86d5-5c4ceb10045c" executionId="f980ece0-ce11-4de5-bd77-b1cce4ef7048" testListId="8c84fa94-04c1-424b-9868-57a2d4851a1d" />
    <TestEntry testId="114c8c5b-7a77-80d7-aa1c-dfc45a6bfa66" executionId="c8ed7951-f3ad-4af9-97aa-5661ec549922" testListId="8c84fa94-04c1-424b-9868-57a2d4851a1d" />
    <TestEntry testId="1e847777-d735-8eba-813f-3a1042c11793" executionId="d3c1af11-b016-4f32-84a3-894e35000110" testListId="8c84fa94-04c1-424b-9868-57a2d4851a1d" />
    <TestEntry testId="146b3c6a-d74b-8add-b2a1-51070661d9f2" executionId="7160e36d-4c33-4e0c-a8ba-f78d0bba7e42" testListId="8c84fa94-04c1-424b-9868-57a2d4851a1d" />
    <TestEntry testId="10faa58a-2ebe-8edb-8fd6-40e718b73675" executionId="91531a9e-a931-41f6-9883-81db73802501" testListId="8c84fa94-04c1-424b-9868-57a2d4851a1d" />
    <TestEntry testId="10322c7a-66b0-8a9d-83ce-32f8fd64d853" executionId="3696fc2d-bbe6-4a70-83f4-96a81f14dd49" testListId="8c84fa94-04c1-424b-9868-57a2d4851a1d" />
    <TestEntry testId="1ac260c2-bd8e-8cf2-b84d-ebd1403f1994" executionId="fb9ef667-c9a2-49af-bc73-41b91b680aff" testListId="8c84fa94-04c1-424b-9868-57a2d4851a1d" />
    <TestEntry testId="1ada28c6-f1e8-84c0-a31d-99f279d33662" executionId="7e2b5b38-eeb5-4942-bc3c-e17ead8b18c9" testListId="8c84fa94-04c1-424b-9868-57a2d4851a1d" />
    <TestEntry testId="10702632-f2dd-8da0-adcc-7ec6f6e64520" executionId="5e1e0b3b-c080-4606-bebc-387bc7cb75b3" testListId="8c84fa94-04c1-424b-9868-57a2d4851a1d" />
    <TestEntry testId="1e0b4879-8097-8fd8-90ab-1b65cf703528" executionId="753e9783-6e71-401f-b4c8-eeb7a4cf8e42" testListId="8c84fa94-04c1-424b-9868-57a2d4851a1d" />
    <TestEntry testId="1e7b904e-1df8-8ef5-accb-8734c6ceb696" executionId="19e9a3b1-4fec-42f8-b4ef-9804e6187428" testListId="8c84fa94-04c1-424b-9868-57a2d4851a1d" />
    <TestEntry testId="137ffbe6-67d1-8855-adf6-db28164fc61c" executionId="6f0eb7a6-3f40-496b-bf7c-9ab837fc8eb2" testListId="8c84fa94-04c1-424b-9868-57a2d4851a1d" />
    <TestEntry testId="1cb5ecd6-3199-89b1-9997-243c6c255d15" executionId="822a8cf4-0c55-4e34-85da-375b8c6922c8" testListId="8c84fa94-04c1-424b-9868-57a2d4851a1d" />
    <TestEntry testId="1ef48d92-6ac1-89e4-be48-80d969beb0c1" executionId="8662aba6-4557-4f43-b83a-e8a99d2c5624" testListId="8c84fa94-04c1-424b-9868-57a2d4851a1d" />
    <TestEntry testId="18910e25-23d0-8c81-ba52-e070a1217142" executionId="3fa4be11-6775-4dbb-8887-c3132cf247af" testListId="8c84fa94-04c1-424b-9868-57a2d4851a1d" />
    <TestEntry testId="13491c1a-ffa6-85e1-87b1-534bb12c9974" executionId="661d80d4-9747-4392-9bf4-86af55bf7faa" testListId="8c84fa94-04c1-424b-9868-57a2d4851a1d" />
    <TestEntry testId="16f21dcd-f38b-852e-a24d-29dc52e3b8ce" executionId="fc084909-1564-4221-921c-ddea313a6d74" testListId="8c84fa94-04c1-424b-9868-57a2d4851a1d" />
    <TestEntry testId="171fc1bd-d16c-8f04-9423-ba3219dda602" executionId="14187fdb-38a3-4c1b-825d-9b6df6fbec83" testListId="8c84fa94-04c1-424b-9868-57a2d4851a1d" />
    <TestEntry testId="19ab4099-d163-8c50-92c9-0619ffa46d6f" executionId="a560458b-2d91-4a9e-adab-bd86e75eedd5" testListId="8c84fa94-04c1-424b-9868-57a2d4851a1d" />
    <TestEntry testId="1db0fb98-c85e-8c77-8809-f1b1a39bea7a" executionId="1542c7b6-87bb-4766-b2e6-358200d3d44e" testListId="8c84fa94-04c1-424b-9868-57a2d4851a1d" />
    <TestEntry testId="1ca307a7-cbd5-866d-a5f0-a1eff7e24943" executionId="263fb193-0b5e-4813-8924-ac615a133668" testListId="8c84fa94-04c1-424b-9868-57a2d4851a1d" />
    <TestEntry testId="10b8feb4-1f1d-8699-ba84-4f6f72bdae3b" executionId="b66cc960-4ad1-40a3-b4f0-15e807cfe2cf" testListId="8c84fa94-04c1-424b-9868-57a2d4851a1d" />
    <TestEntry testId="160dd71a-223c-8034-a2fd-0cac99f9b4f2" executionId="09fee8b4-4985-4f82-b117-9d93e75f13e3" testListId="8c84fa94-04c1-424b-9868-57a2d4851a1d" />
    <TestEntry testId="1af2eabf-f496-83c7-9c2e-26a31ed74db9" executionId="96a3ea41-3244-45ee-99f3-75b759241ee6" testListId="8c84fa94-04c1-424b-9868-57a2d4851a1d" />
    <TestEntry testId="159b432a-ce9d-8194-ade1-a156b5c8b926" executionId="7c225516-e931-45cc-aa91-a049a3217e78" testListId="8c84fa94-04c1-424b-9868-57a2d4851a1d" />
    <TestEntry testId="1ca45ed7-fbdf-83f7-a4c2-a8ed1b37f8a2" executionId="c4ce1e5e-da49-46cd-9644-888aecf108ef" testListId="8c84fa94-04c1-424b-9868-57a2d4851a1d" />
    <TestEntry testId="18443503-bf65-8539-8c27-73cbd912230e" executionId="4a264a72-28cf-4c80-9018-d75e507fa1e8" testListId="8c84fa94-04c1-424b-9868-57a2d4851a1d" />
    <TestEntry testId="1e9b7ca6-40ab-8bc5-9ca0-a99118e22657" executionId="b213e2f8-d8e9-4560-8e67-c716fb138907" testListId="8c84fa94-04c1-424b-9868-57a2d4851a1d" />
    <TestEntry testId="11b6c3b2-a8d9-8eca-87d6-da6c3a9ba6fa" executionId="5199d518-9e64-4d13-a0b1-88ea0da11167" testListId="8c84fa94-04c1-424b-9868-57a2d4851a1d" />
    <TestEntry testId="129db6a5-e92e-8ef3-9898-15519adb2d60" executionId="657e5814-b26f-4dc4-be70-a65c1292dd64" testListId="8c84fa94-04c1-424b-9868-57a2d4851a1d" />
    <TestEntry testId="1a78dc13-c09d-8a33-9498-a24acd37f9ee" executionId="d37beac1-a68b-4bb0-aafc-6501b57970e1" testListId="8c84fa94-04c1-424b-9868-57a2d4851a1d" />
    <TestEntry testId="129c5b9e-a100-87ca-a9a9-9b3f2dbc67a4" executionId="d985b44c-14af-4ef9-9a11-10e28294b4d5" testListId="8c84fa94-04c1-424b-9868-57a2d4851a1d" />
    <TestEntry testId="19bcc3d4-434a-8ee4-9137-309bb2490b0f" executionId="072f9f06-46cc-45c0-8352-116f588c55a1" testListId="8c84fa94-04c1-424b-9868-57a2d4851a1d" />
    <TestEntry testId="163d9787-0528-8e24-a957-1401922c4b8a" executionId="c16cf357-6912-4345-8db2-1d620eacadea" testListId="8c84fa94-04c1-424b-9868-57a2d4851a1d" />
    <TestEntry testId="10d8f015-126c-823c-8144-27f41f7cadba" executionId="1fd557bd-5ced-48e2-8cdd-cb07ea26332b" testListId="8c84fa94-04c1-424b-9868-57a2d4851a1d" />
    <TestEntry testId="1604c9bf-6bbe-8d0d-9365-7623d90bbb65" executionId="e628b4d4-cdf6-49ba-9304-6b856d78e1ba" testListId="8c84fa94-04c1-424b-9868-57a2d4851a1d" />
    <TestEntry testId="161fa28a-9149-8f48-8d0e-034dd26869ba" executionId="af75e4fb-3392-434b-a86d-195bba703dfe" testListId="8c84fa94-04c1-424b-9868-57a2d4851a1d" />
    <TestEntry testId="1889a283-8b09-8259-baa6-75b788ebec51" executionId="6d590ccf-f2ab-40ee-a853-ae2878af74fa" testListId="8c84fa94-04c1-424b-9868-57a2d4851a1d" />
    <TestEntry testId="1619daf6-4d89-8b8b-b69a-b2b2e66ccaa1" executionId="4a28ad3e-9794-4db5-b30c-6b07e49ab231" testListId="8c84fa94-04c1-424b-9868-57a2d4851a1d" />
    <TestEntry testId="1576f124-bd47-852f-bb7d-8d010ead0861" executionId="f9bac664-2a9b-4fca-b843-d9e8b928de71" testListId="8c84fa94-04c1-424b-9868-57a2d4851a1d" />
    <TestEntry testId="1c3c9f84-45ce-89ee-8692-412a1b8047b9" executionId="4bac9119-d866-48e3-9def-eb8ba87e8606" testListId="8c84fa94-04c1-424b-9868-57a2d4851a1d" />
    <TestEntry testId="16cce8db-499b-8ad9-8877-1fef604aa4a8" executionId="91fced31-1801-433d-86b3-96a6badc86b4" testListId="8c84fa94-04c1-424b-9868-57a2d4851a1d" />
    <TestEntry testId="12421b6e-6637-86ab-8c97-e30848487392" executionId="34d150eb-d54e-4331-b0b4-85ddd616abb0" testListId="8c84fa94-04c1-424b-9868-57a2d4851a1d" />
    <TestEntry testId="112339ba-999b-8a3c-9201-0682eb75c5d7" executionId="eabeeb87-8111-4a69-b4a9-7b60bce4236f" testListId="8c84fa94-04c1-424b-9868-57a2d4851a1d" />
    <TestEntry testId="16131ebe-faa9-8acf-a949-b55fda561047" executionId="d3c429f3-b2a5-4c3f-9066-2bd03f43051d" testListId="8c84fa94-04c1-424b-9868-57a2d4851a1d" />
    <TestEntry testId="1c07e79d-2f02-82ef-83d6-964f11b01e05" executionId="8c664572-40d2-432a-9688-4b48ba170c45" testListId="8c84fa94-04c1-424b-9868-57a2d4851a1d" />
    <TestEntry testId="1ce71580-4928-898c-b987-40cd82e9e022" executionId="281243fc-e1dd-484b-bd97-c7a2fdbe18c5" testListId="8c84fa94-04c1-424b-9868-57a2d4851a1d" />
    <TestEntry testId="1c0d6c69-2059-80c0-a9d6-b3caebca4f1a" executionId="4c12f1b2-5e33-42d6-9b72-e97cfa89c2df" testListId="8c84fa94-04c1-424b-9868-57a2d4851a1d" />
    <TestEntry testId="176f4b55-57bd-8c80-b546-52e355a2f3c3" executionId="0bd779f3-4d33-4274-91a3-392e5518db8c" testListId="8c84fa94-04c1-424b-9868-57a2d4851a1d" />
    <TestEntry testId="1092c592-39b4-82f8-a9fb-f180cc3abafa" executionId="0082f6f0-804a-44ae-892a-14137806e58b" testListId="8c84fa94-04c1-424b-9868-57a2d4851a1d" />
    <TestEntry testId="176f9e49-6bb0-81eb-a163-69eb258bed09" executionId="fc3743dc-2d65-4d88-b56a-72a8359c8a4c" testListId="8c84fa94-04c1-424b-9868-57a2d4851a1d" />
    <TestEntry testId="144c1203-7f4c-812c-8221-c24240cd374d" executionId="1999aec7-0272-433e-b5bd-616777a3fc30" testListId="8c84fa94-04c1-424b-9868-57a2d4851a1d" />
    <TestEntry testId="1df6034f-075e-87e6-a427-99dbc9c7e266" executionId="2f99ea41-c7a1-46bf-a4e4-213cc42d9811" testListId="8c84fa94-04c1-424b-9868-57a2d4851a1d" />
    <TestEntry testId="1bf592ee-a015-81d6-aa92-c566798b88cd" executionId="ef28b3b6-1e38-463c-a9f2-43b6365754e3" testListId="8c84fa94-04c1-424b-9868-57a2d4851a1d" />
    <TestEntry testId="13131d9b-ab8b-8c9a-a71c-e3322737c720" executionId="ced3e622-f6d2-4550-a07a-5adbcc1b8cd0" testListId="8c84fa94-04c1-424b-9868-57a2d4851a1d" />
    <TestEntry testId="1a302705-dd2c-8340-92fe-5fb2e49b7a2f" executionId="159ced1c-5e15-41d7-86a4-072d0a16758e" testListId="8c84fa94-04c1-424b-9868-57a2d4851a1d" />
    <TestEntry testId="1cc24067-99fd-8a8d-8c7e-2d1e1398f0b2" executionId="8c9fdf93-c86b-4aa3-8ce5-36a360ef1d04" testListId="8c84fa94-04c1-424b-9868-57a2d4851a1d" />
    <TestEntry testId="1699e4fb-0790-80a8-a7f0-237d51f0ec22" executionId="205aad0b-5ea7-4877-85af-52d2e0372708" testListId="8c84fa94-04c1-424b-9868-57a2d4851a1d" />
    <TestEntry testId="1af6ab6c-03c7-8f50-b508-e520a69f37d0" executionId="2939dc69-078d-47fd-9a62-f34e2c1a58cd" testListId="8c84fa94-04c1-424b-9868-57a2d4851a1d" />
    <TestEntry testId="1ff2f02d-70c0-853f-826f-4fe1d76c7c2e" executionId="ce1462ce-688b-44be-84e6-35d75845bd3e" testListId="8c84fa94-04c1-424b-9868-57a2d4851a1d" />
    <TestEntry testId="1e7225f8-8d08-841a-9b1e-a7e584982326" executionId="a024803f-fc0b-41e0-ae9b-e9cba6b033d9" testListId="8c84fa94-04c1-424b-9868-57a2d4851a1d" />
    <TestEntry testId="13ed44d5-0b1e-8979-896b-ec6342ee2db1" executionId="0eb8acd4-a802-4a21-bbf7-ec9c10390c8c" testListId="8c84fa94-04c1-424b-9868-57a2d4851a1d" />
  </TestEntries>
  <TestLists>
    <TestList name="Ergebnisse nicht in einer Liste" id="8c84fa94-04c1-424b-9868-57a2d4851a1d" />
    <TestList name="Alle geladenen Ergebnisse" id="19431567-8539-422a-85d7-44ee4e166bda" />
  </TestLists>
  <ResultSummary outcome="Completed">
    <Counters total="64" executed="64" passed="64" failed="0" error="0" timeout="0" aborted="0" inconclusive="0" passedButRunAborted="0" notRunnable="0" notExecuted="0" disconnected="0" warning="0" completed="0" inProgress="0" pending="0" />
  </ResultSummary>
</TestRun>