<?xml version="1.0" encoding="utf-8"?><testsuites name="pytest tests"><testsuite name="pytest" errors="0" failures="0" skipped="11" tests="1127" time="593.514" timestamp="2026-08-01T21:12:21.151886+02:00" hostname="Cyber-Tower"><testcase classname="" name="Tests.test_ollama_vision_wrapper" time="0.000"><skipped message="collection skipped">('C:\\Users\\david\\Documents\\Pb_studio_AMD_version\\Tests\\test_ollama_vision_wrapper.py', 12, 'Skipped: Ollama-Vision-Tests sind deprecated — siehe test_lmstudio_vision_wrapper.py')</skipped></testcase><testcase classname="Tests.test_ai_config_loader" name="test_config_manager_dict_wins_over_disk" time="0.178" /><testcase classname="Tests.test_ai_config_loader" name="test_non_dict_config_manager_value_uses_disk[manager_value0]" time="0.140" /><testcase classname="Tests.test_ai_config_loader" name="test_non_dict_config_manager_value_uses_disk[invalid]" time="0.148" /><testcase classname="Tests.test_ai_config_loader" name="test_falsy_config_manager_value_preserves_empty_result[None]" time="0.141" /><testcase classname="Tests.test_ai_config_loader" name="test_falsy_config_manager_value_preserves_empty_result[manager_value1]" time="0.136" /><testcase classname="Tests.test_ai_config_loader" name="test_falsy_config_manager_value_preserves_empty_result[]" time="0.118" /><testcase classname="Tests.test_ai_config_loader" name="test_config_manager_error_uses_disk" time="0.112" /><testcase classname="Tests.test_ai_config_loader" name="test_invalid_or_missing_disk_fallback_returns_empty[None]" time="0.129" /><testcase classname="Tests.test_ai_config_loader" name="test_invalid_or_missing_disk_fallback_returns_empty[{broken]" time="0.118" /><testcase classname="Tests.test_ai_config_loader" name="test_invalid_or_missing_disk_fallback_returns_empty[{&quot;ai&quot;: []}]" time="0.115" /><testcase classname="Tests.test_ai_config_loader" name="test_brain_vision_and_ollama_shim_preserve_loader_alias" time="0.100" /><testcase classname="Tests.test_app_state.TestAppStateInit" name="test_leer_nach_init" time="0.097" /><testcase classname="Tests.test_app_state.TestAppStateInit" name="test_id_counter_startet_bei_1" time="0.095" /><testcase classname="Tests.test_app_state.TestNextAudioId" name="test_erste_id_ist_1" time="0.121" /><testcase classname="Tests.test_app_state.TestNextAudioId" name="test_ids_sind_aufsteigend" time="0.103" /><testcase classname="Tests.test_app_state.TestNextAudioId" name="test_thread_sicherheit" time="0.239" /><testcase classname="Tests.test_app_state.TestNextVideoId" name="test_erste_id_ist_1" time="0.107" /><testcase classname="Tests.test_app_state.TestNextVideoId" name="test_ids_unabhaengig_von_audio" time="0.118" /><testcase classname="Tests.test_app_state.TestNextVideoId" name="test_thread_sicherheit" time="0.163" /><testcase classname="Tests.test_app_state.TestReset" name="test_reset_loescht_alle_daten" time="0.112" /><testcase classname="Tests.test_app_state.TestReset" name="test_reset_setzt_id_counter_zurueck" time="0.098" /><testcase classname="Tests.test_app_state.TestReset" name="test_reset_ist_thread_safe" time="0.121" /><testcase classname="Tests.test_app_state.TestLoadFromDb" name="test_fehlende_medien_werden_uebersprungen_aber_persistiert" time="0.104" /><testcase classname="Tests.test_app_state.TestLoadFromDb" name="test_load_from_db_verwendet_aktive_db_project_id" time="0.104" /><testcase classname="Tests.test_app_state.TestLoadFromDb" name="test_load_from_db_akzeptiert_string_clip_ids_aus_legacy_metadata" time="0.098" /><testcase classname="Tests.test_app_state.TestDeletePersistence" name="test_audio_db_failure_preserves_memory_and_cache" time="0.104" /><testcase classname="Tests.test_app_state.TestDeletePersistence" name="test_video_outbox_failure_preserves_memory_cache_and_db" time="0.116" /><testcase classname="Tests.test_app_state.TestGetAppState" name="test_gibt_immer_dasselbe_objekt_zurueck" time="0.110" /><testcase classname="Tests.test_app_state.TestGetAppState" name="test_singleton_ist_appstate_instanz" time="0.128" /><testcase classname="Tests.test_app_state.TestGetAppState" name="test_state_aenderungen_sind_persistent" time="0.104" /><testcase classname="Tests.test_app_state_truth_source" name="test_update_audio_analysis_writes_to_audio_clips" time="0.124" /><testcase classname="Tests.test_app_state_truth_source" name="test_update_video_analysis_writes_to_video_clips" time="0.103" /><testcase classname="Tests.test_audio_analyzer.TestAudioAnalyzerAnalysis" name="test_analyze_returns_error_when_model_not_loaded" time="0.103" /><testcase classname="Tests.test_audio_analyzer.TestAudioAnalyzerAnalysis" name="test_analyze_returns_bpm_structure" time="0.753" /><testcase classname="Tests.test_audio_analyzer.TestAudioAnalyzerAnalysis" name="test_analyze_calculates_correct_bpm" time="0.208" /><testcase classname="Tests.test_audio_analyzer.TestAudioAnalyzerAnalysis" name="test_analyze_handles_empty_output" time="0.139" /><testcase classname="Tests.test_audio_analyzer.TestAudioAnalyzerAnalysis" name="test_analyze_returns_warning_for_silent_video" time="0.138" /><testcase classname="Tests.test_audio_long_mix_truth" name="test_long_mix_stem_timeout_scales_beyond_fixed_floor" time="0.145" /><testcase classname="Tests.test_audio_long_mix_truth" name="test_reusable_stems_require_complete_matching_outputs" time="0.175" /><testcase classname="Tests.test_audio_long_mix_truth" name="test_reusable_stems_are_bound_to_exact_source_identity" time="0.186" /><testcase classname="Tests.test_audio_long_mix_truth" name="test_reusable_stem_role_parsing_rejects_multi_role_filename" time="0.128" /><testcase classname="Tests.test_audio_long_mix_truth" name="test_reusable_stems_reject_output_truncated_after_success" time="0.181" /><testcase classname="Tests.test_audio_long_mix_truth" name="test_stem_cache_marker_rejects_truncated_success_output" time="0.153" /><testcase classname="Tests.test_audio_long_mix_truth" name="test_successful_stem_run_publishes_marker_and_reuses_outputs" time="0.182" /><testcase classname="Tests.test_audio_long_mix_truth" name="test_long_mix_subtrack_detection_never_full_loads" time="0.172" /><testcase classname="Tests.test_audio_long_mix_truth" name="test_duration_probe_failure_does_not_full_load" time="0.189" /><testcase classname="Tests.test_audio_long_mix_truth" name="test_long_mix_uses_full_duration_streaming_representations" time="0.158" /><testcase classname="Tests.test_audio_long_mix_truth" name="test_stage_failure_marks_analysis_partial" time="0.128" /><testcase classname="Tests.test_audio_long_mix_truth" name="test_partial_result_never_publishes_completed" time="0.192" /><testcase classname="Tests.test_audio_spectral_onsets_contract" name="test_onsets_endpoint_returns_persisted_candidates" time="0.125" /><testcase classname="Tests.test_audio_spectral_onsets_contract" name="test_streaming_spectral_path_uses_44k1" time="0.132" /><testcase classname="Tests.test_audio_spectral_onsets_contract" name="test_router_selects_44k1_when_spectral_analysis_is_requested" time="0.129" /><testcase classname="Tests.test_audio_spectral_onsets_contract" name="test_streaming_temp_transcode_is_removed_on_processing_error" time="0.155" /><testcase classname="Tests.test_audio_spectral_onsets_contract" name="test_streaming_transcode_failure_does_not_use_offset_decode" time="0.129" /><testcase classname="Tests.test_audit_sdd_gate" name="test_completed_tasks_use_canonical_uppercase_checkbox" time="0.131" /><testcase classname="Tests.test_audit_sdd_gate" name="test_current_feature_workspace_passes_fail_closed_sdd_gate" time="4.446" /><testcase classname="Tests.test_backend_config" name="test_default_documents_dir_prefers_windows_known_folder" time="0.230" /><testcase classname="Tests.test_backend_config" name="test_default_documents_dir_falls_back_to_localized_userprofile" time="0.163" /><testcase classname="Tests.test_backend_lifespan_contract" name="test_zombie_watcher_is_joined_before_resource_cleanup" time="0.187" /><testcase classname="Tests.test_backend_lifespan_contract" name="test_hard_exit_terminates_render_processes_first" time="0.153" /><testcase classname="Tests.test_backend_routers.TestHealth" name="test_health_gibt_ok_zurueck" time="0.143" /><testcase classname="Tests.test_backend_routers.TestAudioRouter" name="test_import_ohne_projekt_409_und_keine_state_mutation" time="0.160" /><testcase classname="Tests.test_backend_routers.TestAudioRouter" name="test_reimport_gleiche_datei_reused_clip_id" time="0.344" /><testcase classname="Tests.test_backend_routers.TestAudioRouter" name="test_import_datei_nicht_gefunden_404" time="0.171" /><testcase classname="Tests.test_backend_routers.TestAudioRouter" name="test_import_relativer_pfad_400" time="0.133" /><testcase classname="Tests.test_backend_routers.TestAudioRouter" name="test_import_ungueltiges_format_400" time="0.162" /><testcase classname="Tests.test_backend_routers.TestAudioRouter" name="test_import_erfolgreich" time="0.238" /><testcase classname="Tests.test_backend_routers.TestAudioRouter" name="test_beats_nicht_gefunden_404" time="0.155" /><testcase classname="Tests.test_backend_routers.TestAudioRouter" name="test_waveform_nicht_gefunden_404" time="0.143" /><testcase classname="Tests.test_backend_routers.TestAudioRouter" name="test_struktur_nicht_gefunden_404" time="0.135" /><testcase classname="Tests.test_backend_routers.TestAudioRouter" name="test_spektral_nicht_gefunden_404" time="0.140" /><testcase classname="Tests.test_backend_routers.TestAudioRouter" name="test_spektral_cache_mit_clip_id_crasht_nicht" time="0.145" /><testcase classname="Tests.test_backend_routers.TestAudioRouter" name="test_clips_haben_aufsteigende_ids" time="0.808" /><testcase classname="Tests.test_backend_routers.TestAudioRouter" name="test_analyze_uses_stems_if_present" time="0.220" /><testcase classname="Tests.test_backend_routers.TestVideoRouter" name="test_import_ohne_projekt_409_und_keine_state_mutation" time="0.156" /><testcase classname="Tests.test_backend_routers.TestVideoRouter" name="test_reimport_gleiches_video_reused_clip_id" time="0.273" /><testcase classname="Tests.test_backend_routers.TestVideoRouter" name="test_import_datei_nicht_vorhanden_gibt_leere_liste" time="0.157" /><testcase classname="Tests.test_backend_routers.TestVideoRouter" name="test_import_ungueltiges_format_gibt_leere_liste" time="0.143" /><testcase classname="Tests.test_backend_routers.TestVideoRouter" name="test_clips_liste_gibt_liste_zurueck" time="0.144" /><testcase classname="Tests.test_backend_routers.TestVideoRouter" name="test_clips_paginierung" time="0.189" /><testcase classname="Tests.test_backend_routers.TestVideoRouter" name="test_thumbnail_nicht_gefunden_404" time="0.134" /><testcase classname="Tests.test_backend_routers.TestVideoRouter" name="test_analyse_nicht_gefunden_404" time="0.226" /><testcase classname="Tests.test_backend_routers.TestVideoRouter" name="test_analyse_liefert_motion_mit_clip_id" time="0.261" /><testcase classname="Tests.test_backend_routers.TestVideoRouter" name="test_motion_endpoint_akzeptiert_cache_mit_clip_id" time="0.189" /><testcase classname="Tests.test_backend_routers.TestPacingRouter" name="test_timeline_leer_ohne_generierung" time="0.174" /><testcase classname="Tests.test_backend_routers.TestPacingRouter" name="test_generate_nutzt_appstate_snapshots" time="0.184" /><testcase classname="Tests.test_backend_routers.TestPacingRouter" name="test_generate_leere_clips_gibt_leere_timeline" time="0.218" /><testcase classname="Tests.test_backend_routers.TestRenderRouter" name="test_status_nicht_gefunden_404" time="0.135" /><testcase classname="Tests.test_backend_routers.TestRenderRouter" name="test_cancel_nicht_gefunden_404" time="0.171" /><testcase classname="Tests.test_backend_routers.TestRenderRouter" name="test_cancel_setzt_flag" time="0.198" /><testcase classname="Tests.test_backend_routers.TestRenderRouter" name="test_status_existierender_task" time="0.195" /><testcase classname="Tests.test_beat_detector_import_hygiene" name="test_missing_pyaudio_stub_does_not_leak_into_sys_modules" time="0.149" /><testcase classname="Tests.test_beat_progress" name="test_beat_detector_calls_on_progress" time="2.070" /><testcase classname="Tests.test_beat_progress" name="test_beat_detector_works_without_callback" time="0.304" /><testcase classname="Tests.test_beat_progress" name="test_beat_detector_swallows_callback_exceptions" time="0.292" /><testcase classname="Tests.test_beat_strength" name="test_compute_beat_strengths_distribution" time="0.142" /><testcase classname="Tests.test_beat_strength" name="test_compute_beat_strengths_range" time="0.155" /><testcase classname="Tests.test_beat_strength" name="test_compute_beat_strengths_silent_audio_safe" time="0.228" /><testcase classname="Tests.test_beat_strength" name="test_pacing_service_preserves_beat_strengths" time="0.201" /><testcase classname="Tests.test_beat_strength" name="test_engine_uses_beat_strength_as_multiplier" time="0.198" /><testcase classname="Tests.test_beat_strength" name="test_engine_backward_compat_no_strengths" time="0.165" /><testcase classname="Tests.test_brain_backup" name="test_backup_creates_atomic_copies" time="0.251" /><testcase classname="Tests.test_brain_backup" name="test_failed_backup_leaves_no_visible_partial_generation" time="0.209" /><testcase classname="Tests.test_brain_backup" name="test_corrupt_store_restores_latest_valid_backup" time="0.276" /><testcase classname="Tests.test_brain_backup" name="test_prune_keeps_newest" time="0.167" /><testcase classname="Tests.test_brain_caching" name="test_first_call_is_miss_second_is_hit" time="0.165" /><testcase classname="Tests.test_brain_caching" name="test_different_keys_are_separate_entries" time="0.169" /><testcase classname="Tests.test_brain_caching" name="test_variance_cache_separate_from_posterior" time="0.189" /><testcase classname="Tests.test_brain_caching" name="test_update_invalidates_cache" time="0.207" /><testcase classname="Tests.test_brain_caching" name="test_reset_invalidates_cache" time="0.224" /><testcase classname="Tests.test_brain_caching" name="test_cache_returns_consistent_value_with_underlying_data" time="0.265" /><testcase classname="Tests.test_brain_caching" name="test_lru_eviction_when_over_limit" time="0.233" /><testcase classname="Tests.test_brain_caching" name="test_cache_stats_structure" time="0.212" /><testcase classname="Tests.test_brain_caching" name="test_concurrent_reads_thread_safe" time="0.184" /><testcase classname="Tests.test_brain_caching" name="test_cache_speedup_on_repeated_calls" time="0.208" /><testcase classname="Tests.test_brain_caching" name="test_update_clears_both_caches_not_just_one" time="0.194" /><testcase classname="Tests.test_brain_caching_layers" name="test_loader_cache_miss_then_hit" time="0.174" /><testcase classname="Tests.test_brain_caching_layers" name="test_loader_cache_separate_keys_separate_entries" time="0.147" /><testcase classname="Tests.test_brain_caching_layers" name="test_loader_cache_lru_eviction" time="0.168" /><testcase classname="Tests.test_brain_caching_layers" name="test_loader_cache_lru_promotes_on_access" time="0.149" /><testcase classname="Tests.test_brain_caching_layers" name="test_loader_cache_clear" time="0.155" /><testcase classname="Tests.test_brain_caching_layers" name="test_loader_cache_singleton_idempotent" time="0.154" /><testcase classname="Tests.test_brain_caching_layers" name="test_loader_cache_singleton_reset" time="0.149" /><testcase classname="Tests.test_brain_caching_layers" name="test_loader_cache_empty_hash_returns_none" time="0.239" /><testcase classname="Tests.test_brain_caching_layers" name="test_post_processor_uses_loader_cache" time="0.265" /><testcase classname="Tests.test_brain_caching_layers" name="test_projector_hash_cache_first_miss_then_hit" time="0.208" /><testcase classname="Tests.test_brain_caching_layers" name="test_projector_hash_cache_audio_video_separate" time="0.175" /><testcase classname="Tests.test_brain_caching_layers" name="test_projector_hash_cache_no_hash_passes_through" time="0.223" /><testcase classname="Tests.test_brain_caching_layers" name="test_projector_clear_cache" time="0.192" /><testcase classname="Tests.test_brain_caching_layers" name="test_projector_load_weights_invalidates_cache" time="0.193" /><testcase classname="Tests.test_brain_caching_layers" name="test_projector_hash_cache_returns_same_array_object" time="0.182" /><testcase classname="Tests.test_brain_core" name="test_bridge_axes_count_is_17" time="0.170" /><testcase classname="Tests.test_brain_core" name="test_bridge_compute_all_returns_all_axes" time="0.155" /><testcase classname="Tests.test_brain_core" name="test_bridge_kick_axis_strong_for_kick_trigger" time="0.163" /><testcase classname="Tests.test_brain_core" name="test_bridge_semantic_match_uses_cosine" time="0.137" /><testcase classname="Tests.test_brain_core" name="test_context_keys_six_levels" time="0.162" /><testcase classname="Tests.test_brain_core" name="test_context_resolver_subtrack_position" time="0.146" /><testcase classname="Tests.test_brain_core" name="test_posterior_cold_start_default" time="0.220" /><testcase classname="Tests.test_brain_core" name="test_posterior_uses_specific_when_confident" time="0.250" /><testcase classname="Tests.test_brain_core" name="test_posterior_falls_back_when_specific_too_few" time="0.507" /><testcase classname="Tests.test_brain_core" name="test_variance_high_when_no_data" time="0.200" /><testcase classname="Tests.test_brain_core" name="test_reset_clears_weights" time="0.215" /><testcase classname="Tests.test_brain_core" name="test_feedback_perfect_updates_only_relevant_buckets" time="0.296" /><testcase classname="Tests.test_brain_core" name="test_feedback_rating_map" time="0.146" /><testcase classname="Tests.test_brain_core" name="test_feedback_invalid_rating_raises" time="0.227" /><testcase classname="Tests.test_brain_core" name="test_feedback_outbox_recovers_without_double_weight_update" time="0.240" /><testcase classname="Tests.test_brain_core" name="test_feedback_outbox_compensates_when_cut_disappears" time="0.260" /><testcase classname="Tests.test_brain_core" name="test_scorer_uses_bridge_and_weights" time="0.300" /><testcase classname="Tests.test_brain_cross_modal" name="test_projector_output_dim" time="0.213" /><testcase classname="Tests.test_brain_cross_modal" name="test_projector_l2_normalized_output" time="0.191" /><testcase classname="Tests.test_brain_cross_modal" name="test_projector_deterministic_same_seed" time="0.179" /><testcase classname="Tests.test_brain_cross_modal" name="test_projector_different_seeds_differ" time="0.203" /><testcase classname="Tests.test_brain_cross_modal" name="test_projector_rejects_wrong_size_inputs" time="0.200" /><testcase classname="Tests.test_brain_cross_modal" name="test_projector_handles_nan_inf" time="0.149" /><testcase classname="Tests.test_brain_cross_modal" name="test_projector_returns_none_on_empty_or_zero" time="0.150" /><testcase classname="Tests.test_brain_cross_modal" name="test_save_load_roundtrip" time="0.174" /><testcase classname="Tests.test_brain_cross_modal" name="test_load_dim_mismatch_is_rejected" time="0.194" /><testcase classname="Tests.test_brain_cross_modal" name="test_load_model_identity_mismatch_is_rejected" time="0.196" /><testcase classname="Tests.test_brain_cross_modal" name="test_get_default_projector_singleton" time="0.162" /><testcase classname="Tests.test_brain_cross_modal" name="test_cosine_helper_bounds" time="0.186" /><testcase classname="Tests.test_brain_cross_modal" name="test_random_projection_preserves_relative_distances" time="0.150" /><testcase classname="Tests.test_brain_cross_modal" name="test_post_processor_uses_projector_for_clap_siglip_dim_mismatch" time="0.381" /><testcase classname="Tests.test_brain_cross_modal" name="test_auto_projector_resolved_when_cache_provided" time="0.442" /><testcase classname="Tests.test_brain_cross_modal" name="test_embedding_lookup_rejects_arbitrary_model_and_wrong_dimension" time="0.179" /><testcase classname="Tests.test_brain_embeddings" name="test_load_audio_embedding_returns_none_on_miss" time="0.300" /><testcase classname="Tests.test_brain_embeddings" name="test_load_audio_embedding_rejects_arbitrary_model" time="0.206" /><testcase classname="Tests.test_brain_embeddings" name="test_load_video_embedding_returns_array" time="0.187" /><testcase classname="Tests.test_brain_embeddings" name="test_annotate_uses_embeddings_when_cache_provided" time="0.378" /><testcase classname="Tests.test_brain_embeddings" name="test_annotate_orthogonal_embeddings_yield_lower_score" time="0.422" /><testcase classname="Tests.test_brain_embeddings" name="test_no_cache_omits_unavailable_semantic_axis" time="0.455" /><testcase classname="Tests.test_brain_explain" name="test_explain_404_for_unknown_cut" time="0.405" /><testcase classname="Tests.test_brain_explain" name="test_explain_400_for_invalid_top_n" time="0.467" /><testcase classname="Tests.test_brain_explain" name="test_explain_returns_full_structure" time="19.204" /><testcase classname="Tests.test_brain_explain" name="test_explain_top_axes_sorted_desc" time="18.803" /><testcase classname="Tests.test_brain_explain" name="test_explain_bottom_axes_sorted_asc" time="18.488" /><testcase classname="Tests.test_brain_explain" name="test_explain_cold_start_lists_axes_with_few_samples" time="18.649" /><testcase classname="Tests.test_brain_explain" name="test_explain_final_score_matches_mean" time="18.301" /><testcase classname="Tests.test_brain_explain" name="test_explain_axis_contribution_fields" time="18.676" /><testcase classname="Tests.test_brain_explain" name="test_explain_after_feedback_reduces_cold_start" time="18.538" /><testcase classname="Tests.test_brain_helpers_new" name="test_normalize_centroid_curve_handles_empty_and_nan" time="0.219" /><testcase classname="Tests.test_brain_helpers_new" name="test_nearest_scene_distance_dict_and_tuple" time="0.195" /><testcase classname="Tests.test_brain_helpers_new" name="test_cosine_zero_one_handles_nan_inf_inputs" time="0.205" /><testcase classname="Tests.test_brain_helpers_new" name="test_weight_store_variance_zero_alpha_beta" time="0.218" /><testcase classname="Tests.test_brain_learned_projector" name="test_fit_pairs_empty" time="0.193" /><testcase classname="Tests.test_brain_learned_projector" name="test_fit_pairs_label_clipped_into_range" time="0.211" /><testcase classname="Tests.test_brain_learned_projector" name="test_fit_pairs_drops_bad_inputs" time="0.170" /><testcase classname="Tests.test_brain_learned_projector" name="test_fit_pairs_pulls_cosine_toward_positive_label" time="0.296" /><testcase classname="Tests.test_brain_learned_projector" name="test_fit_pairs_pushes_cosine_toward_negative_label" time="0.275" /><testcase classname="Tests.test_brain_learned_projector" name="test_fit_pairs_invalidates_projection_cache" time="0.176" /><testcase classname="Tests.test_brain_learned_projector" name="test_fit_pairs_save_load_roundtrip" time="0.246" /><testcase classname="Tests.test_brain_learned_projector" name="test_fit_pairs_gradient_clip_does_not_explode" time="0.688" /><testcase classname="Tests.test_brain_learned_projector" name="test_collect_pairs_resolves_hashes_and_loads_embeddings" time="0.242" /><testcase classname="Tests.test_brain_learned_projector" name="test_collect_pairs_skips_unknown_rating" time="0.182" /><testcase classname="Tests.test_brain_learned_projector" name="test_collect_pairs_skips_missing_embeddings" time="0.220" /><testcase classname="Tests.test_brain_learned_projector" name="test_collect_pairs_respects_limit" time="0.238" /><testcase classname="Tests.test_brain_learned_projector" name="test_run_fit_step_end_to_end" time="0.271" /><testcase classname="Tests.test_brain_learned_projector" name="test_label_map_covers_all_ratings" time="0.146" /><testcase classname="Tests.test_brain_post_processor" name="test_annotate_attaches_brain_scores" time="0.362" /><testcase classname="Tests.test_brain_post_processor" name="test_min_confidence_filters_low_scores" time="0.367" /><testcase classname="Tests.test_brain_post_processor" name="test_persist_batch_rolls_back_partial_timeline" time="0.476" /><testcase classname="Tests.test_brain_post_processor" name="test_normalize_centroid_curve_handles_empty_and_nan" time="0.213" /><testcase classname="Tests.test_brain_post_processor" name="test_nearest_scene_distance_dict_and_tuple" time="0.140" /><testcase classname="Tests.test_brain_post_processor" name="test_cosine_zero_one_handles_nan_inf_inputs" time="0.165" /><testcase classname="Tests.test_brain_post_processor" name="test_weight_store_variance_zero_alpha_beta" time="0.236" /><testcase classname="Tests.test_brain_recovery" name="test_brain_starts_when_brain_dir_missing" time="0.439" /><testcase classname="Tests.test_brain_recovery" name="test_brain_recovers_when_weights_missing" time="0.277" /><testcase classname="Tests.test_brain_recovery" name="test_brain_handles_corrupt_patterns" time="0.225" /><testcase classname="Tests.test_brain_recovery" name="test_concurrent_patterns" time="0.473" /><testcase classname="Tests.test_brain_recovery" name="test_weight_store_shares_brain_store_lock" time="0.261" /><testcase classname="Tests.test_brain_recovery" name="test_weight_store_query_serialized_against_close" time="0.213" /><testcase classname="Tests.test_brain_router" name="test_suggest_returns_cuts" time="3.046" /><testcase classname="Tests.test_brain_router" name="test_feedback_increments_buckets" time="3.154" /><testcase classname="Tests.test_brain_router" name="test_feedback_unknown_cut_404" time="3.136" /><testcase classname="Tests.test_brain_router" name="test_learning_session_returns_15_or_fewer" time="3.303" /><testcase classname="Tests.test_brain_router" name="test_stats_returns_structured" time="3.049" /><testcase classname="Tests.test_brain_router" name="test_stats_holds_weights_connection_lock" time="0.221" /><testcase classname="Tests.test_brain_router" name="test_reset_two_step" time="3.100" /><testcase classname="Tests.test_brain_router" name="test_reset_invalid_token" time="3.042" /><testcase classname="Tests.test_brain_router" name="test_reset_rejects_non_owner_and_preserves_owner_token" time="3.098" /><testcase classname="Tests.test_brain_router_narrative" name="test_explain_without_narrative_param_returns_narrative_field_present" time="0.425" /><testcase classname="Tests.test_brain_router_narrative" name="test_explain_narrative_false_skips_llm_call" time="0.434" /><testcase classname="Tests.test_brain_router_narrative" name="test_explain_narrative_true_returns_llm_text" time="0.357" /><testcase classname="Tests.test_brain_router_narrative" name="test_explain_llm_error_returns_null_narrative_but_structured_data" time="0.400" /><testcase classname="Tests.test_brain_router_narrative" name="test_explain_llm_returns_none_passthrough" time="0.378" /><testcase classname="Tests.test_brain_router_narrative" name="test_explain_mode_param_forwarded" time="0.505" /><testcase classname="Tests.test_brain_router_narrative" name="test_explain_all_legacy_fields_still_present" time="0.399" /><testcase classname="Tests.test_brain_smart_sampler" name="test_empty_input" time="0.208" /><testcase classname="Tests.test_brain_smart_sampler" name="test_n_zero" time="0.214" /><testcase classname="Tests.test_brain_smart_sampler" name="test_n_larger_than_cuts" time="0.200" /><testcase classname="Tests.test_brain_smart_sampler" name="test_stratified_picks_one_per_bucket_first" time="0.169" /><testcase classname="Tests.test_brain_smart_sampler" name="test_stratified_continues_round_robin_when_n_exceeds_buckets" time="0.172" /><testcase classname="Tests.test_brain_smart_sampler" name="test_uncertainty_strategy_pure_variance" time="0.323" /><testcase classname="Tests.test_brain_smart_sampler" name="test_stratified_falls_back_when_one_bucket_only" time="0.186" /><testcase classname="Tests.test_brain_smart_sampler" name="test_stratified_within_bucket_sorted_by_variance" time="0.172" /><testcase classname="Tests.test_brain_smart_sampler" name="test_stratified_handles_cuts_without_context_keys" time="0.207" /><testcase classname="Tests.test_brain_smart_sampler" name="test_stratified_no_duplicates_in_output" time="0.238" /><testcase classname="Tests.test_brain_smart_sampler" name="test_default_strategy_is_stratified" time="0.191" /><testcase classname="Tests.test_brain_smart_sampler" name="test_stratified_deterministic_for_same_input" time="0.193" /><testcase classname="Tests.test_c01_semantic_audio_directml" name="test_runtime_semantic_path_has_no_clap_pytorch_import" time="0.143" /><testcase classname="Tests.test_c01_semantic_audio_directml" name="test_missing_registered_clap_onnx_is_explicitly_unavailable" time="0.187" /><testcase classname="Tests.test_c01_semantic_audio_directml" name="test_clap_rejects_session_without_cpu_fallback_guard" time="0.169" /><testcase classname="Tests.test_c01_semantic_audio_directml" name="test_smart_director_exposes_unavailable_semantic_audio_state" time="0.166" /><testcase classname="Tests.test_c01_semantic_audio_directml" name="test_smart_director_never_returns_neutral_when_clap_is_missing" time="0.172" /><testcase classname="Tests.test_c01_semantic_audio_directml" name="test_smart_director_does_not_reacquire_clap_gpu_lock" time="0.180" /><testcase classname="Tests.test_c01_semantic_audio_directml" name="test_pacing_disables_semantic_matching_when_clap_is_unavailable" time="0.156" /><testcase classname="Tests.test_c01_semantic_audio_directml" name="test_pacing_uses_semantic_prompt_only_when_clap_classification_works" time="0.169" /><testcase classname="Tests.test_cache_manager" name="test_init_creates_directory" time="0.141" /><testcase classname="Tests.test_cache_manager" name="test_save_and_load_roundtrip" time="0.163" /><testcase classname="Tests.test_cache_manager" name="test_load_returns_none_for_missing_key" time="0.217" /><testcase classname="Tests.test_cache_manager" name="test_exists_reports_correctly" time="0.200" /><testcase classname="Tests.test_cache_manager" name="test_invalidate_removes_existing" time="0.191" /><testcase classname="Tests.test_cache_manager" name="test_invalidate_returns_false_for_missing" time="0.201" /><testcase classname="Tests.test_cache_manager" name="test_clear_all_removes_only_matching_prefix" time="0.199" /><testcase classname="Tests.test_cache_manager" name="test_cache_size_increases_after_save" time="0.210" /><testcase classname="Tests.test_cache_manager" name="test_get_cache_info_has_required_keys" time="0.157" /><testcase classname="Tests.test_cache_manager" name="test_ttl_expiry_removes_old_entries" time="0.193" /><testcase classname="Tests.test_cache_manager" name="test_load_handles_corrupt_json" time="0.192" /><testcase classname="Tests.test_cache_manager" name="test_different_keys_yield_different_paths" time="0.197" /><testcase classname="Tests.test_chat_agent" name="test_agent_handles_no_installed_model" time="0.178" /><testcase classname="Tests.test_chat_agent" name="test_agent_direct_text_response" time="3.027" /><testcase classname="Tests.test_chat_agent" name="test_agent_tool_call_loop" time="0.232" /><testcase classname="Tests.test_chat_agent" name="test_agent_passes_tools_schema_to_lmstudio" time="0.245" /><testcase classname="Tests.test_chat_agent" name="test_agent_preserves_history" time="0.211" /><testcase classname="Tests.test_chat_agent" name="test_agent_max_tool_turns_limit" time="0.188" /><testcase classname="Tests.test_chat_agent" name="test_agent_unknown_tool_returns_error_to_llm" time="0.272" /><testcase classname="Tests.test_chat_agent" name="test_agent_handles_lmstudio_error" time="3.137" /><testcase classname="Tests.test_chat_agent" name="test_agent_string_arguments_parsed_as_json" time="0.183" /><testcase classname="Tests.test_chat_agent" name="test_agent_legacy_ollama_client_alias_still_works" time="0.189" /><testcase classname="Tests.test_chat_agent" name="test_agent_auto_fallback_on_lmstudio_error" time="0.213" /><testcase classname="Tests.test_chat_agent" name="test_agent_model_retry_on_non_connection_error" time="0.222" /><testcase classname="Tests.test_chat_agent" name="test_agent_readtimeout_does_not_churn_models" time="0.251" /><testcase classname="Tests.test_chat_agent" name="test_long_running_tool_dispatch_uses_extended_timeout" time="0.485" /><testcase classname="Tests.test_chat_confirmation" name="test_mutating_sink_rejects_unconfirmed_call" time="0.440" /><testcase classname="Tests.test_chat_confirmation" name="test_approve_consumes_canonical_args_exactly_once" time="0.484" /><testcase classname="Tests.test_chat_confirmation" name="test_reject_timeout_and_disconnect_never_become_consumable" time="0.227" /><testcase classname="Tests.test_chat_confirmation" name="test_parallel_approval_has_single_winner" time="0.231" /><testcase classname="Tests.test_chat_confirmation" name="test_confirmation_endpoints_accept_id_only_and_reject_replay" time="0.207" /><testcase classname="Tests.test_chat_confirmation" name="test_registry_rejects_unclassified_tool" time="0.260" /><testcase classname="Tests.test_chat_router" name="test_get_tools_returns_inventory" time="0.266" /><testcase classname="Tests.test_chat_router" name="test_get_tools_inventory_has_required_fields" time="0.249" /><testcase classname="Tests.test_chat_router" name="test_clear_history" time="0.219" /><testcase classname="Tests.test_chat_router" name="test_get_empty_history_after_clear" time="0.236" /><testcase classname="Tests.test_chat_router" name="test_post_message_streams_events" time="0.249" /><testcase classname="Tests.test_chat_router" name="test_post_message_validates_input" time="0.257" /><testcase classname="Tests.test_chat_router" name="test_post_message_validates_mode" time="0.199" /><testcase classname="Tests.test_chat_router" name="test_post_message_accepts_explicit_history" time="0.203" /><testcase classname="Tests.test_clap_wrapper.TestCLAPAnalyzer" name="test_init_lazy_load" time="0.195" /><testcase classname="Tests.test_clap_wrapper.TestCLAPAnalyzer" name="test_session_options_are_owned_by_model_loader" time="0.216" /><testcase classname="Tests.test_clap_wrapper.TestCLAPAnalyzer" name="test_providers_directml_only" time="0.236" /><testcase classname="Tests.test_clap_wrapper.TestCLAPAnalyzer" name="test_providers_no_cpu_fallback_raises" time="0.262" /><testcase classname="Tests.test_clap_wrapper.TestCLAPAnalyzer" name="test_load_audio_resampling" time="0.262" /><testcase classname="Tests.test_clap_wrapper.TestCLAPAnalyzer" name="test_load_audio_trimming" time="0.245" /><testcase classname="Tests.test_clap_wrapper.TestCLAPAnalyzer" name="test_preprocess_audio" time="0.248" /><testcase classname="Tests.test_clap_wrapper.TestCLAPAnalyzer" name="test_encode_audio_mock" time="0.229" /><testcase classname="Tests.test_clap_wrapper.TestCLAPAnalyzer" name="test_classify_audio_ranks_real_encoder_scores" time="0.207" /><testcase classname="Tests.test_clap_wrapper.TestCLAPAnalyzer" name="test_no_pytorch_fallback_state_exists" time="0.229" /><testcase classname="Tests.test_clap_wrapper.TestCLAPAnalyzer" name="test_get_mood_tags" time="0.288" /><testcase classname="Tests.test_clap_wrapper.TestCLAPAnalyzer" name="test_get_instrument_tags" time="0.288" /><testcase classname="Tests.test_clap_wrapper.TestCLAPAnalyzer" name="test_get_genre_tags" time="0.270" /><testcase classname="Tests.test_clap_wrapper.TestCLAPAnalyzer" name="test_analyze_comprehensive" time="0.269" /><testcase classname="Tests.test_clap_wrapper.TestCLAPAnalyzer" name="test_compute_similarity" time="0.284" /><testcase classname="Tests.test_clap_wrapper.TestCLAPAnalyzer" name="test_is_ready_property" time="0.292" /><testcase classname="Tests.test_clap_wrapper.TestCLAPAnalyzer" name="test_unload" time="0.408" /><testcase classname="Tests.test_clap_wrapper.TestConstants" name="test_mood_labels_coverage" time="0.288" /><testcase classname="Tests.test_clap_wrapper.TestConstants" name="test_instrument_labels" time="0.273" /><testcase classname="Tests.test_clap_wrapper.TestConstants" name="test_genre_labels" time="0.312" /><testcase classname="Tests.test_clap_wrapper.TestConstants" name="test_audio_constants" time="0.284" /><testcase classname="Tests.test_clap_wrapper.TestCLAPIntegration" name="test_real_model_loading" time="5.538" /><testcase classname="Tests.test_clap_wrapper.TestCLAPIntegration" name="test_real_audio_encoding" time="0.000"><skipped type="pytest.skip" message="Test audio not available">C:\Users\david\Documents\Pb_studio_AMD_version\Tests\test_clap_wrapper.py:360: Test audio not available</skipped></testcase><testcase classname="Tests.test_clip_audio_peaks" name="test_extract_peaks_returns_requested_buckets" time="0.463" /><testcase classname="Tests.test_clip_audio_peaks" name="test_extract_peaks_no_audio_returns_zeros" time="0.404" /><testcase classname="Tests.test_clip_audio_peaks" name="test_extract_peaks_missing_file_returns_empty" time="0.334" /><testcase classname="Tests.test_clip_selector_motion_curve" name="test_motion_curve_score_high_motion_high_intensity" time="0.306" /><testcase classname="Tests.test_clip_selector_motion_curve" name="test_motion_curve_score_no_curve_returns_neutral" time="0.308" /><testcase classname="Tests.test_clip_selector_motion_curve" name="test_motion_curve_score_mismatch_low_score" time="0.307" /><testcase classname="Tests.test_clip_selector_motion_curve" name="test_motion_curve_consumer_integration_in_select_by_motion" time="0.330" /><testcase classname="Tests.test_config_manager.TestConfigManagerDefaults" name="test_defaults_contain_required_keys" time="0.341" /><testcase classname="Tests.test_config_manager.TestConfigManagerDefaults" name="test_defaults_paths_structure" time="0.343" /><testcase classname="Tests.test_config_manager.TestConfigManagerDefaults" name="test_defaults_hardware_has_directml" time="0.328" /><testcase classname="Tests.test_config_manager.TestConfigManagerDefaults" name="test_defaults_vram_limit_is_reasonable" time="0.263" /><testcase classname="Tests.test_config_manager.TestConfigManagerSingleton" name="test_singleton_returns_same_instance" time="0.298" /><testcase classname="Tests.test_config_manager.TestConfigManagerSingleton" name="test_singleton_preserves_state" time="0.330" /><testcase classname="Tests.test_config_manager.TestConfigManagerGetSet" name="test_get_returns_existing_value" time="0.293" /><testcase classname="Tests.test_config_manager.TestConfigManagerGetSet" name="test_get_returns_default_for_missing_key" time="0.366" /><testcase classname="Tests.test_config_manager.TestConfigManagerGetSet" name="test_get_returns_none_for_missing_without_default" time="0.375" /><testcase classname="Tests.test_config_manager.TestConfigManagerProperties" name="test_ffmpeg_path_returns_absolute" time="0.330" /><testcase classname="Tests.test_config_manager.TestConfigManagerProperties" name="test_lhm_path_returns_absolute" time="0.308" /><testcase classname="Tests.test_dead_model_helper_contract" name="test_unmanaged_model_convenience_helpers_are_absent" time="0.289" /><testcase classname="Tests.test_directml_motion_contract" name="test_raft_providers_are_directml_only" time="0.244" /><testcase classname="Tests.test_directml_motion_contract" name="test_raft_has_no_provider_when_directml_is_unavailable" time="0.229" /><testcase classname="Tests.test_directml_motion_contract" name="test_raft_uses_static_model_input_size" time="0.326" /><testcase classname="Tests.test_directml_motion_contract" name="test_factory_ignores_cpu_fallback_environment" time="0.385" /><testcase classname="Tests.test_directml_motion_contract" name="test_video_package_does_not_export_farneback" time="0.282" /><testcase classname="Tests.test_directml_motion_contract" name="test_smart_director_returns_neutral_without_directml_and_unloads" time="0.245" /><testcase classname="Tests.test_directml_motion_contract" name="test_smart_director_uses_raft_and_releases_video_and_model" time="0.251" /><testcase classname="Tests.test_directml_motion_contract" name="test_smart_director_reuses_caller_owned_raft_session" time="0.263" /><testcase classname="Tests.test_directml_motion_contract" name="test_analyze_clips_reuses_one_raft_session_for_the_batch" time="0.264" /><testcase classname="Tests.test_encoder_utils" name="test_codec_enum_has_three_codecs" time="0.308" /><testcase classname="Tests.test_encoder_utils" name="test_quality_enum_values" time="0.270" /><testcase classname="Tests.test_encoder_utils" name="test_rate_control_enum_values" time="0.247" /><testcase classname="Tests.test_encoder_utils" name="test_encoder_config_construction" time="0.221" /><testcase classname="Tests.test_encoder_utils" name="test_build_args_prefixes_with_codec_flag" time="0.269" /><testcase classname="Tests.test_encoder_utils" name="test_build_args_with_empty_params" time="0.352" /><testcase classname="Tests.test_encoder_utils" name="test_reset_cache_sets_globals_to_none" time="0.336" /><testcase classname="Tests.test_encoder_utils" name="test_get_encoder_info_returns_dict_with_required_keys" time="0.248" /><testcase classname="Tests.test_encoder_utils" name="test_get_encoder_info_no_amf_reports_no_encoder" time="0.274" /><testcase classname="Tests.test_encoder_utils" name="test_preview_encoder_uses_amf_when_available" time="0.230" /><testcase classname="Tests.test_encoder_utils" name="test_preview_encoder_fails_when_amf_unavailable" time="0.229" /><testcase classname="Tests.test_encoder_utils" name="test_export_encoder_default_codec_h264" time="0.233" /><testcase classname="Tests.test_encoder_utils" name="test_encoder_config_fails_when_amf_unavailable" time="0.265" /><testcase classname="Tests.test_encoder_utils" name="test_av1_config_fails_when_av1_amf_unavailable" time="0.224" /><testcase classname="Tests.test_encoder_utils" name="test_render_encoder_schema_is_amf_only" time="0.227" /><testcase classname="Tests.test_frame_extractor_strip" name="test_strip_returns_n_frames" time="0.305" /><testcase classname="Tests.test_frame_extractor_strip" name="test_strip_handles_n_larger_than_video_frames" time="0.402" /><testcase classname="Tests.test_frame_extractor_strip" name="test_strip_no_video_returns_empty" time="0.266" /><testcase classname="Tests.test_gpu_core_release_readiness" name="test_gpu_deadline_returns_while_worker_keeps_lock" time="0.360" /><testcase classname="Tests.test_gpu_core_release_readiness" name="test_failed_eviction_callback_keeps_committed_accounting" time="0.293" /><testcase classname="Tests.test_gpu_core_release_readiness" name="test_successful_eviction_callback_is_accounted_after_callback" time="0.311" /><testcase classname="Tests.test_gpu_core_release_readiness" name="test_arbiter_forces_fresh_sensor_read" time="0.262" /><testcase classname="Tests.test_gpu_core_release_readiness" name="test_model_loader_rejects_failed_commit" time="0.331" /><testcase classname="Tests.test_gpu_core_release_readiness" name="test_model_loader_unload_all_collects_before_checked_release" time="0.165" /><testcase classname="Tests.test_gpu_core_release_readiness" name="test_model_loader_unload_requires_release_confirmation" time="0.151" /><testcase classname="Tests.test_gpu_core_release_readiness" name="test_multi_gpu_fallbacks_do_not_mix_adapters" time="0.289" /><testcase classname="Tests.test_gpu_load_fallback" name="test_cross_adapter_load_fallback_is_removed" time="0.253" /><testcase classname="Tests.test_gpu_load_fallback" name="test_get_stats_includes_load_field" time="0.319" /><testcase classname="Tests.test_gpu_temperature_fallback" name="test_cross_adapter_temperature_fallback_is_removed" time="0.278" /><testcase classname="Tests.test_gpu_temperature_fallback" name="test_get_stats_includes_temp_field" time="0.302" /><testcase classname="Tests.test_llm_narrator" name="test_generate_explanation_returns_text_from_model" time="0.297" /><testcase classname="Tests.test_llm_narrator" name="test_generate_explanation_uses_cache_on_second_call" time="0.226" /><testcase classname="Tests.test_llm_narrator" name="test_generate_explanation_cache_invalidated_when_scores_change" time="0.220" /><testcase classname="Tests.test_llm_narrator" name="test_generate_explanation_returns_none_on_lmstudio_unreachable" time="1.795" /><testcase classname="Tests.test_llm_narrator" name="test_generate_explanation_returns_none_when_no_model_installed" time="0.313" /><testcase classname="Tests.test_llm_narrator" name="test_generate_explanation_returns_none_on_empty_chat_response" time="0.288" /><testcase classname="Tests.test_llm_narrator" name="test_generate_explanation_returns_none_on_chat_5xx" time="1.795" /><testcase classname="Tests.test_llm_narrator" name="test_post_process_strips_prefixes" time="0.338" /><testcase classname="Tests.test_llm_narrator" name="test_post_process_strips_quotes_and_codeblock" time="0.282" /><testcase classname="Tests.test_llm_narrator" name="test_post_process_removes_bullets" time="0.227" /><testcase classname="Tests.test_llm_narrator" name="test_post_process_caps_at_three_sentences" time="0.322" /><testcase classname="Tests.test_llm_narrator" name="test_post_process_handles_empty" time="0.270" /><testcase classname="Tests.test_llm_narrator" name="test_clear_narrative_cache_forces_new_call" time="0.273" /><testcase classname="Tests.test_llm_provider" name="test_valid_providers_set" time="0.262" /><testcase classname="Tests.test_llm_provider" name="test_default_urls_constants" time="0.245" /><testcase classname="Tests.test_llm_provider" name="test_provider_default_auto_when_config_missing" time="0.318" /><testcase classname="Tests.test_llm_provider" name="test_provider_reads_config" time="0.240" /><testcase classname="Tests.test_llm_provider" name="test_provider_normalizes_case" time="0.234" /><testcase classname="Tests.test_llm_provider" name="test_provider_invalid_falls_back_to_auto" time="0.236" /><testcase classname="Tests.test_llm_provider" name="test_base_url_lmstudio_default" time="0.243" /><testcase classname="Tests.test_llm_provider" name="test_base_url_ollama_default" time="0.228" /><testcase classname="Tests.test_llm_provider" name="test_base_url_reads_config_overrides" time="0.217" /><testcase classname="Tests.test_llm_provider" name="test_base_url_auto_prefers_lmstudio" time="0.240" /><testcase classname="Tests.test_llm_provider" name="test_get_llm_client_lmstudio" time="0.249" /><testcase classname="Tests.test_llm_provider" name="test_get_llm_client_ollama" time="0.229" /><testcase classname="Tests.test_llm_provider" name="test_get_llm_client_timeout_passthrough" time="0.230" /><testcase classname="Tests.test_llm_provider" name="test_load_config_handles_missing_file" time="0.239" /><testcase classname="Tests.test_llm_provider" name="test_auto_provider_probes_in_parallel_and_skips_embedding_only_lmstudio" time="0.315" /><testcase classname="Tests.test_lmstudio_client" name="test_list_models_parses_data_array" time="0.302" /><testcase classname="Tests.test_lmstudio_client" name="test_list_models_empty" time="0.245" /><testcase classname="Tests.test_lmstudio_client" name="test_list_models_retries_then_fails_with_5xx" time="0.344" /><testcase classname="Tests.test_lmstudio_client" name="test_list_models_handles_connect_error_retries_then_fails" time="0.258" /><testcase classname="Tests.test_lmstudio_client" name="test_ollama_list_models_fails_closed_without_openai_source_fallback" time="0.251" /><testcase classname="Tests.test_lmstudio_client" name="test_provider_failure_classification_excludes_model_specific_4xx" time="0.225" /><testcase classname="Tests.test_lmstudio_client" name="test_lmstudio_capabilities_distinguish_embedding_from_chat_and_vision" time="0.254" /><testcase classname="Tests.test_lmstudio_client" name="test_embedding_only_provider_is_alive_but_not_chat_or_vision_capable" time="0.224" /><testcase classname="Tests.test_lmstudio_client" name="test_chat_returns_ollama_style_message" time="0.225" /><testcase classname="Tests.test_lmstudio_client" name="test_chat_with_tools_passes_tools_param" time="0.245" /><testcase classname="Tests.test_lmstudio_client" name="test_chat_with_images_converts_to_openai_image_url" time="0.260" /><testcase classname="Tests.test_lmstudio_client" name="test_chat_options_mapped_to_openai_fields" time="0.323" /><testcase classname="Tests.test_lmstudio_client" name="test_chat_5xx_raises_response_error" time="0.257" /><testcase classname="Tests.test_lmstudio_client" name="test_chat_format_json_sets_response_format" time="0.240" /><testcase classname="Tests.test_lmstudio_client" name="test_chat_stream_yields_events" time="0.259" /><testcase classname="Tests.test_lmstudio_client" name="test_embeddings_returns_vectors" time="0.242" /><testcase classname="Tests.test_lmstudio_client" name="test_pull_model_raises_not_implemented" time="0.412" /><testcase classname="Tests.test_lmstudio_client" name="test_delete_model_raises_not_implemented" time="0.447" /><testcase classname="Tests.test_lmstudio_client" name="test_is_alive_true_when_models_endpoint_returns_200" time="0.308" /><testcase classname="Tests.test_lmstudio_client" name="test_is_alive_false_when_server_down" time="0.315" /><testcase classname="Tests.test_lmstudio_vision_wrapper" name="test_parse_tags_basic_comma_separated" time="0.256" /><testcase classname="Tests.test_lmstudio_vision_wrapper" name="test_parse_tags_strips_prefix_and_punctuation" time="0.267" /><testcase classname="Tests.test_lmstudio_vision_wrapper" name="test_parse_tags_handles_bullet_list" time="0.248" /><testcase classname="Tests.test_lmstudio_vision_wrapper" name="test_parse_tags_handles_numbered_list" time="0.222" /><testcase classname="Tests.test_lmstudio_vision_wrapper" name="test_parse_tags_filters_stopwords_and_shorts" time="0.274" /><testcase classname="Tests.test_lmstudio_vision_wrapper" name="test_parse_tags_dedup" time="0.235" /><testcase classname="Tests.test_lmstudio_vision_wrapper" name="test_parse_tags_max_limit" time="0.235" /><testcase classname="Tests.test_lmstudio_vision_wrapper" name="test_parse_tags_empty_returns_empty" time="0.244" /><testcase classname="Tests.test_lmstudio_vision_wrapper" name="test_parse_tags_drops_long_multiword" time="0.242" /><testcase classname="Tests.test_lmstudio_vision_wrapper" name="test_parse_tags_falls_back_to_keywords_for_vision_prose" time="0.265" /><testcase classname="Tests.test_lmstudio_vision_wrapper" name="test_parse_tags_tokenizes_comma_prose" time="0.257" /><testcase classname="Tests.test_lmstudio_vision_wrapper" name="test_parse_tags_tokenizes_german_prose_without_boilerplate" time="0.230" /><testcase classname="Tests.test_lmstudio_vision_wrapper" name="test_parse_tags_rejects_refusals_and_errors" time="0.271" /><testcase classname="Tests.test_lmstudio_vision_wrapper" name="test_parse_tags_tokenizes_mixed_prose_instead_of_dropping_long_chunk" time="0.301" /><testcase classname="Tests.test_lmstudio_vision_wrapper" name="test_extract_tags_none_returns_empty" time="0.223" /><testcase classname="Tests.test_lmstudio_vision_wrapper" name="test_extract_tags_empty_array_returns_empty" time="0.227" /><testcase classname="Tests.test_lmstudio_vision_wrapper" name="test_extract_tags_via_lmstudio_happy_path" time="0.422" /><testcase classname="Tests.test_lmstudio_vision_wrapper" name="test_extract_tags_invalid_response_is_not_cached_or_reported_active[]" time="0.486" /><testcase classname="Tests.test_lmstudio_vision_wrapper" name="test_extract_tags_invalid_response_is_not_cached_or_reported_active[Sorry, I cannot analyze this image.]" time="0.472" /><testcase classname="Tests.test_lmstudio_vision_wrapper" name="test_extract_tags_via_lmstudio_no_models_installed_returns_empty" time="0.462" /><testcase classname="Tests.test_lmstudio_vision_wrapper" name="test_extract_tags_via_lmstudio_server_down_returns_empty" time="0.296" /><testcase classname="Tests.test_lmstudio_vision_wrapper" name="test_extract_tags_via_lmstudio_uses_model_override" time="0.452" /><testcase classname="Tests.test_lmstudio_vision_wrapper" name="test_extract_tags_via_lmstudio_cache_hits" time="0.435" /><testcase classname="Tests.test_lmstudio_vision_wrapper_status" name="test_set_status_publisher_roundtrip" time="0.289" /><testcase classname="Tests.test_lmstudio_vision_wrapper_status" name="test_publish_status_without_publisher_is_noop" time="0.302" /><testcase classname="Tests.test_lmstudio_vision_wrapper_status" name="test_publish_status_swallows_publisher_errors" time="0.262" /><testcase classname="Tests.test_log_rotation" name="test_default_constants_match_spec" time="0.240" /><testcase classname="Tests.test_log_rotation" name="test_rotation_creates_backup_files" time="0.466" /><testcase classname="Tests.test_log_rotation" name="test_rotated_files_are_gzipped" time="0.531" /><testcase classname="Tests.test_log_rotation" name="test_active_log_is_not_gzipped" time="0.482" /><testcase classname="Tests.test_log_rotation" name="test_backup_count_caps_total_files" time="1.420" /><testcase classname="Tests.test_log_rotation" name="test_cleanup_deletes_files_older_than_retention" time="0.269" /><testcase classname="Tests.test_log_rotation" name="test_cleanup_never_deletes_active_log" time="0.239" /><testcase classname="Tests.test_log_rotation" name="test_cleanup_handles_missing_directory" time="0.240" /><testcase classname="Tests.test_log_rotation" name="test_cleanup_handles_uncompressed_rotated_files" time="0.236" /><testcase classname="Tests.test_log_rotation" name="test_setup_returns_configured_handler" time="0.254" /><testcase classname="Tests.test_log_rotation" name="test_setup_respects_custom_kwargs" time="0.279" /><testcase classname="Tests.test_log_rotation" name="test_setup_runs_initial_cleanup" time="0.245" /><testcase classname="Tests.test_log_rotation" name="test_end_to_end_rotation_and_retention" time="0.639" /><testcase classname="Tests.test_media_hash" name="test_media_hash_idempotent" time="0.249" /><testcase classname="Tests.test_media_hash" name="test_media_hash_distinct" time="0.238" /><testcase classname="Tests.test_media_hash" name="test_media_hash_chunk_boundary" time="0.289" /><testcase classname="Tests.test_media_hash" name="test_media_hash_missing" time="0.268" /><testcase classname="Tests.test_media_json_schema" name="test_legacy_audio_metadata_gets_default_fields" time="0.234" /><testcase classname="Tests.test_media_json_schema" name="test_legacy_audio_ai_data_gets_default_fields" time="0.289" /><testcase classname="Tests.test_media_json_schema" name="test_legacy_video_metadata_gets_default_fields" time="0.320" /><testcase classname="Tests.test_media_json_schema" name="test_legacy_video_ai_data_gets_default_fields" time="0.278" /><testcase classname="Tests.test_media_json_schema" name="test_already_current_version_no_double_migration" time="0.282" /><testcase classname="Tests.test_media_json_schema" name="test_has_schema_version" time="0.265" /><testcase classname="Tests.test_media_json_schema" name="test_non_dict_blob_returns_empty_schemaed_dict" time="0.272" /><testcase classname="Tests.test_media_json_schema" name="test_partial_legacy_blob_keeps_existing_audio_hash" time="0.238" /><testcase classname="Tests.test_media_repository_idempotency" name="test_add_media_is_idempotent_per_project_and_path" time="0.300" /><testcase classname="Tests.test_media_repository_idempotency" name="test_wmv_writes_persist_video_schema_versions" time="0.304" /><testcase classname="Tests.test_media_repository_idempotency" name="test_existing_db_is_migrated_and_guard_backfilled" time="0.306" /><testcase classname="Tests.test_media_repository_idempotency" name="test_media_service_reimport_skips_duplicate_rows_for_real_file" time="0.289" /><testcase classname="Tests.test_media_repository_idempotency" name="test_concurrent_reimport_returns_single_canonical_row" time="0.302" /><testcase classname="Tests.test_media_repository_idempotency" name="test_add_media_retries_on_database_locked_with_exponential_backoff" time="0.283" /><testcase classname="Tests.test_media_repository_idempotency" name="test_add_media_does_not_retry_on_non_lock_operational_error" time="0.277" /><testcase classname="Tests.test_media_repository_idempotency" name="test_add_media_exhausts_retries_when_lock_persists" time="0.286" /><testcase classname="Tests.test_media_repository_idempotency" name="test_update_status_also_retries_on_database_locked" time="0.292" /><testcase classname="Tests.test_media_repository_idempotency" name="test_add_media_retries_on_real_concurrent_database_lock" time="0.636" /><testcase classname="Tests.test_media_repository_idempotency" name="test_media_metadata_compression" time="0.362" /><testcase classname="Tests.test_media_repository_idempotency" name="test_bulk_update_status_empty" time="0.337" /><testcase classname="Tests.test_model_loader" name="test_model_type_enum_values" time="0.239" /><testcase classname="Tests.test_model_loader" name="test_model_spec_construction_minimal" time="0.283" /><testcase classname="Tests.test_model_loader" name="test_model_spec_split_model" time="0.311" /><testcase classname="Tests.test_model_loader" name="test_predefined_specs_present" time="0.246" /><testcase classname="Tests.test_model_loader" name="test_moondream_is_split_model" time="0.246" /><testcase classname="Tests.test_model_loader" name="test_register_custom_model" time="0.274" /><testcase classname="Tests.test_model_loader" name="test_is_loaded_false_for_unloaded" time="0.255" /><testcase classname="Tests.test_model_loader" name="test_is_loaded_true_after_session_inserted" time="0.252" /><testcase classname="Tests.test_model_loader" name="test_get_stats_returns_dict" time="0.244" /><testcase classname="Tests.test_model_loader" name="test_unload_all_clears_sessions" time="0.652" /><testcase classname="Tests.test_model_loader" name="test_can_load_unknown_model_returns_false" time="0.260" /><testcase classname="Tests.test_model_loader" name="test_session_options_disable_both_directml_memory_optimizations" time="0.263" /><testcase classname="Tests.test_model_loader" name="test_get_providers_is_directml_only" time="0.300" /><testcase classname="Tests.test_model_loader" name="test_get_providers_fails_when_directml_is_unavailable" time="0.249" /><testcase classname="Tests.test_model_loader" name="test_enforcer_accepts_ort_implicit_cpu_registration_when_fallback_is_disabled" time="0.250" /><testcase classname="Tests.test_model_loader" name="test_enforcer_rejects_session_without_directml_priority" time="0.350" /><testcase classname="Tests.test_model_loader" name="test_enforcer_rejects_session_without_cpu_ep_fallback_guard" time="0.309" /><testcase classname="Tests.test_model_loader" name="test_get_model_loader_returns_same_instance" time="0.249" /><testcase classname="Tests.test_model_registry" name="test_name_matches_exact" time="0.294" /><testcase classname="Tests.test_model_registry" name="test_name_matches_suffix_after_slash" time="0.235" /><testcase classname="Tests.test_model_registry" name="test_name_matches_legacy_ollama_tag" time="0.237" /><testcase classname="Tests.test_model_registry" name="test_name_matches_different_models" time="0.243" /><testcase classname="Tests.test_model_registry" name="test_registry_refresh_populates_installed_models" time="0.235" /><testcase classname="Tests.test_model_registry" name="test_select_before_refresh_raises" time="0.229" /><testcase classname="Tests.test_model_registry" name="test_get_preference_list_returns_defaults_when_no_config" time="0.227" /><testcase classname="Tests.test_model_registry" name="test_get_preference_list_user_overrides_defaults" time="0.290" /><testcase classname="Tests.test_model_registry" name="test_get_preference_list_invalid_mode_raises" time="0.256" /><testcase classname="Tests.test_model_registry" name="test_select_first_installed_pref" time="0.254" /><testcase classname="Tests.test_model_registry" name="test_select_falls_back_when_first_missing" time="0.234" /><testcase classname="Tests.test_model_registry" name="test_select_speed_mode_picks_speed_pref" time="0.232" /><testcase classname="Tests.test_model_registry" name="test_user_override_takes_precedence_if_installed" time="0.242" /><testcase classname="Tests.test_model_registry" name="test_user_override_ignored_if_not_installed_falls_back" time="0.247" /><testcase classname="Tests.test_model_registry" name="test_no_suitable_model_raises" time="0.303" /><testcase classname="Tests.test_model_registry" name="test_embedding_only_native_metadata_cannot_preempt_chat_or_vision" time="0.275" /><testcase classname="Tests.test_model_registry" name="test_native_ollama_vision_capability_allows_tokenless_model_name" time="0.248" /><testcase classname="Tests.test_model_registry" name="test_vision_task_skips_text_qwen_model" time="0.318" /><testcase classname="Tests.test_model_registry" name="test_vision_task_authoritative_vlm_set_overrides_keywords" time="0.309" /><testcase classname="Tests.test_model_registry" name="test_vision_task_no_vision_model_raises_when_vlm_known" time="0.263" /><testcase classname="Tests.test_model_registry" name="test_no_suitable_with_allow_any_picks_first_installed" time="0.315" /><testcase classname="Tests.test_model_registry" name="test_no_suitable_with_allow_any_but_empty_still_raises" time="0.255" /><testcase classname="Tests.test_model_registry" name="test_recommendation_reports_top_preference" time="0.256" /><testcase classname="Tests.test_model_registry" name="test_recommendation_reports_fallback_index" time="0.266" /><testcase classname="Tests.test_model_registry" name="test_recommendation_reports_override" time="0.274" /><testcase classname="Tests.test_model_registry" name="test_recommendation_when_none_installed" time="0.250" /><testcase classname="Tests.test_models_capability_routing" name="test_models_list_offline_provider_has_hard_deadline" time="1.270" /><testcase classname="Tests.test_models_capability_routing" name="test_recommendation_distinguishes_live_provider_from_missing_capability" time="0.235" /><testcase classname="Tests.test_models_router_pull_delete" name="test_pull_model_lmstudio_fallback" time="0.259" /><testcase classname="Tests.test_models_router_pull_delete" name="test_delete_model_lmstudio_fallback" time="0.280" /><testcase classname="Tests.test_models_router_pull_delete" name="test_delete_model_ollama_forwarding" time="0.430" /><testcase classname="Tests.test_models_router_pull_delete" name="test_pull_model_ollama_forwarding" time="0.446" /><testcase classname="Tests.test_moondream_empty_response_handling" name="test_generate_caption_no_model_returns_placeholder" time="0.314" /><testcase classname="Tests.test_moondream_safety" name="test_softmax_sanitizes_invalid_logits" time="0.323" /><testcase classname="Tests.test_moondream_safety" name="test_vision_ready_does_not_claim_caption_pipeline" time="0.262" /><testcase classname="Tests.test_motion_schema_forwarding" name="test_motion_data_schema_has_peak_motion_field" time="0.292" /><testcase classname="Tests.test_motion_schema_forwarding" name="test_motion_data_accepts_and_serializes_peak_motion" time="0.255" /><testcase classname="Tests.test_motion_schema_forwarding" name="test_motion_endpoint_forwards_peak_motion" time="0.250" /><testcase classname="Tests.test_openapi_snapshot_drift" name="test_snapshot_exists" time="0.253" /><testcase classname="Tests.test_openapi_snapshot_drift" name="test_snapshot_matches_live_backend" time="0.636" /><testcase classname="Tests.test_openapi_snapshot_drift" name="test_snapshot_schemas_consistent" time="0.256" /><testcase classname="Tests.test_openapi_snapshot_drift" name="test_generated_dtos_not_stale_relative_to_snapshot" time="0.256" /><testcase classname="Tests.test_pacing_bass_weighting" name="test_pacing_uses_cached_bass_curve" time="0.295" /><testcase classname="Tests.test_pacing_bass_weighting" name="test_pacing_no_spectral_data_no_bass_inject" time="0.319" /><testcase classname="Tests.test_pacing_bass_weighting" name="test_bass_weight_at_time_returns_multiplier" time="0.240" /><testcase classname="Tests.test_pacing_bass_weighting" name="test_bass_weight_at_time_no_curve_returns_1" time="0.239" /><testcase classname="Tests.test_pacing_brain_w5" name="test_use_brain_activates_advanced_pacing_and_video_analysis" time="0.239" /><testcase classname="Tests.test_pacing_brain_w5" name="test_pacing_service_forwards_cached_brain_features" time="0.251" /><testcase classname="Tests.test_pacing_brain_w5" name="test_brain_selector_receives_real_features_and_threshold" time="0.251" /><testcase classname="Tests.test_pacing_brain_w5" name="test_beat_trigger_mode_filters_live_beat_triggers[all-expected_times0]" time="0.297" /><testcase classname="Tests.test_pacing_brain_w5" name="test_beat_trigger_mode_filters_live_beat_triggers[downbeat_only-expected_times1]" time="0.341" /><testcase classname="Tests.test_pacing_brain_w5" name="test_beat_trigger_mode_filters_live_beat_triggers[strong_only-expected_times2]" time="0.317" /><testcase classname="Tests.test_pacing_cached_energy" name="test_pacing_uses_cached_energy_curve_when_provided" time="0.289" /><testcase classname="Tests.test_pacing_cached_energy" name="test_pacing_no_cached_energy_falls_back_to_rms" time="0.321" /><testcase classname="Tests.test_pacing_cached_energy" name="test_pacing_simple_path_skips_librosa_rms_when_cached" time="0.278" /><testcase classname="Tests.test_pacing_cached_energy" name="test_cached_metadata_does_not_mark_audio_payload_loaded" time="0.263" /><testcase classname="Tests.test_pacing_cached_structure" name="test_pacing_uses_cached_structure_segments" time="0.343" /><testcase classname="Tests.test_pacing_cached_structure" name="test_pacing_no_cached_structure_calls_analyze" time="0.502" /><testcase classname="Tests.test_pacing_canvas_contract" name="test_canvas_path_exists_in_live_request_and_forwarding_contract" time="0.247" /><testcase classname="Tests.test_pacing_canvas_contract" name="test_pacing_clip_id_is_prefixed_exactly_once" time="0.237" /><testcase classname="Tests.test_pacing_canvas_contract" name="test_wpf_canvas_path_is_bound_and_sent" time="0.247" /><testcase classname="Tests.test_pacing_engine.TestPacingConfig" name="test_default_config" time="0.270" /><testcase classname="Tests.test_pacing_engine.TestPacingConfig" name="test_custom_config" time="0.267" /><testcase classname="Tests.test_pacing_engine.TestPacingConfig" name="test_legacy_conversion" time="0.230" /><testcase classname="Tests.test_pacing_engine.TestAdvancedPacingEngine" name="test_engine_initialization" time="0.227" /><testcase classname="Tests.test_pacing_engine.TestAdvancedPacingEngine" name="test_audio_structure_analysis" time="0.228" /><testcase classname="Tests.test_pacing_engine.TestAdvancedPacingEngine" name="test_hybrid_sync_planning" time="0.232" /><testcase classname="Tests.test_pacing_engine.TestAdvancedPacingEngine" name="test_beat_sync_planning" time="0.230" /><testcase classname="Tests.test_pacing_engine.TestAdvancedPacingEngine" name="test_energy_sync_planning" time="0.309" /><testcase classname="Tests.test_pacing_engine.TestAdvancedPacingEngine" name="test_pacing_speed_effect" time="0.308" /><testcase classname="Tests.test_pacing_engine.TestAdvancedPacingEngine" name="test_generate_edl" time="0.317" /><testcase classname="Tests.test_pacing_engine.TestAdvancedPacingEngine" name="test_statistics" time="0.304" /><testcase classname="Tests.test_pacing_engine.TestAdvancedPacingEngine" name="test_no_beats_fallback" time="0.228" /><testcase classname="Tests.test_pacing_engine.TestClipSelector" name="test_selector_initialization" time="0.240" /><testcase classname="Tests.test_pacing_engine.TestClipSelector" name="test_add_clips" time="0.254" /><testcase classname="Tests.test_pacing_engine.TestClipSelector" name="test_select_by_motion" time="0.230" /><testcase classname="Tests.test_pacing_engine.TestClipSelector" name="test_select_by_energy" time="0.236" /><testcase classname="Tests.test_pacing_engine.TestClipSelector" name="test_select_by_tags" time="0.217" /><testcase classname="Tests.test_pacing_engine.TestClipSelector" name="test_hybrid_selection" time="0.237" /><testcase classname="Tests.test_pacing_engine.TestClipSelector" name="test_statistics" time="0.246" /><testcase classname="Tests.test_pacing_engine.TestClipSelector" name="test_clear_cache" time="0.254" /><testcase classname="Tests.test_pacing_engine.TestIntegration" name="test_full_pipeline_simulation" time="0.237" /><testcase classname="Tests.test_pacing_engine.TestIntegration" name="test_compatibility_with_video_generator" time="0.229" /><testcase classname="Tests.test_pacing_key_matching" name="test_pacing_config_schema_has_use_key_matching" time="0.227" /><testcase classname="Tests.test_pacing_key_matching" name="test_pacing_config_schema_default_false" time="0.241" /><testcase classname="Tests.test_pacing_key_matching" name="test_key_compatibility_score_perfect_match" time="0.244" /><testcase classname="Tests.test_pacing_key_matching" name="test_key_compatibility_score_relative_minor" time="0.243" /><testcase classname="Tests.test_pacing_key_matching" name="test_key_compatibility_score_perfect_fifth" time="0.240" /><testcase classname="Tests.test_pacing_key_matching" name="test_key_compatibility_score_unrelated" time="0.330" /><testcase classname="Tests.test_pacing_key_matching" name="test_key_compatibility_score_missing_keys" time="0.308" /><testcase classname="Tests.test_pacing_key_matching" name="test_key_compatible_lookup_table_complete" time="0.255" /><testcase classname="Tests.test_pacing_key_matching" name="test_pacing_service_forwards_use_key_matching_to_engine" time="0.424" /><testcase classname="Tests.test_pacing_key_matching" name="test_pacing_service_default_no_key_matching" time="0.243" /><testcase classname="Tests.test_pacing_l_ti_1_prompt_kwarg" name="test_select_clip_accepts_prompt_kwarg" time="1.736" /><testcase classname="Tests.test_pacing_l_ti_1_prompt_kwarg" name="test_select_clip_without_prompt_still_works" time="0.249" /><testcase classname="Tests.test_pacing_l_ti_1_prompt_kwarg" name="test_select_clip_prompt_with_none_is_safe" time="0.259" /><testcase classname="Tests.test_pacing_l_ti_1_prompt_kwarg" name="test_pacing_service_semantic_path_no_crash" time="3.833" /><testcase classname="Tests.test_pacing_length_enforcement" name="test_last_cut_stretched_to_audio_duration" time="0.308" /><testcase classname="Tests.test_pacing_length_enforcement" name="test_last_cut_not_shortened_if_already_long_enough" time="0.310" /><testcase classname="Tests.test_pacing_length_enforcement" name="test_no_op_on_empty_cuts" time="0.285" /><testcase classname="Tests.test_pacing_length_enforcement" name="test_no_op_when_audio_duration_zero" time="0.300" /><testcase classname="Tests.test_pacing_manual_cap" name="test_cap_entries_caps_duration_against_source" time="0.274" /><testcase classname="Tests.test_pacing_manual_cap" name="test_cap_entries_caps_clip_start_overflow" time="0.269" /><testcase classname="Tests.test_pacing_manual_cap" name="test_cap_entries_caps_clip_start_plus_duration" time="0.247" /><testcase classname="Tests.test_pacing_manual_cap" name="test_cap_entries_leaves_valid_entries_untouched" time="0.261" /><testcase classname="Tests.test_pacing_manual_cap" name="test_cap_entries_handles_unknown_clip_id" time="0.258" /><testcase classname="Tests.test_pacing_manual_cap" name="test_cap_entries_handles_zero_source_duration" time="0.238" /><testcase classname="Tests.test_pacing_manual_cap" name="test_cap_entries_via_fastapi_update_timeline" time="0.267" /><testcase classname="Tests.test_pacing_progress_events" name="test_engine_emits_progress_callback" time="0.426" /><testcase classname="Tests.test_pacing_progress_events" name="test_engine_no_callback_doesnt_crash" time="0.429" /><testcase classname="Tests.test_pacing_progress_events" name="test_engine_callback_error_doesnt_break_generation" time="0.393" /><testcase classname="Tests.test_pacing_progress_events" name="test_service_forwards_on_progress" time="0.294" /><testcase classname="Tests.test_pacing_progress_events" name="test_service_stems_forwards_on_progress" time="0.330" /><testcase classname="Tests.test_pacing_snap_subtrack_import" name="test_snap_inserts_pacing_cut_when_no_nearby_cut" time="0.255" /><testcase classname="Tests.test_pacing_snap_subtrack_import" name="test_snap_no_anchors_returns_original_cuts" time="0.314" /><testcase classname="Tests.test_pacing_snap_subtrack_import" name="test_snap_empty_cuts_returns_empty" time="0.301" /><testcase classname="Tests.test_pacing_snap_subtrack_import" name="test_snap_anchor_close_to_existing_cut_snaps_instead_of_inserting" time="0.314" /><testcase classname="Tests.test_pacing_spectral_mid_high" name="test_pacing_injects_mid_and_high_curves" time="0.378" /><testcase classname="Tests.test_pacing_spectral_mid_high" name="test_curve_weight_no_curve_returns_1" time="0.275" /><testcase classname="Tests.test_pacing_spectral_mid_high" name="test_curve_weight_clamps_above_2" time="0.298" /><testcase classname="Tests.test_pacing_spectral_mid_high" name="test_pacing_service_injects_mid_high_via_helper" time="0.259" /><testcase classname="Tests.test_pacing_spectral_mid_high" name="test_pacing_service_no_mid_high_when_missing" time="0.285" /><testcase classname="Tests.test_pacing_split_min_length" name="test_enforce_clip_lengths_no_split_violates_min" time="0.258" /><testcase classname="Tests.test_pacing_split_min_length" name="test_enforce_clip_lengths_short_clip_no_split" time="0.236" /><testcase classname="Tests.test_pacing_split_min_length" name="test_enforce_clip_lengths_random_jitter_safe" time="0.238" /><testcase classname="Tests.test_pacing_split_min_length" name="test_enforce_clip_lengths_split_near_next_cut_skipped" time="0.216" /><testcase classname="Tests.test_pacing_split_min_length" name="test_enforce_clip_lengths_split_too_close_to_end" time="0.242" /><testcase classname="Tests.test_pacing_stem_branch" name="test_pacing_router_calls_stem_branch_when_flag_set" time="0.235" /><testcase classname="Tests.test_pacing_stem_branch" name="test_pacing_router_default_uses_standard_branch" time="0.319" /><testcase classname="Tests.test_pacing_stem_branch" name="test_pacing_router_stem_flag_no_stems_falls_back" time="0.275" /><testcase classname="Tests.test_pacing_subtrack" name="test_pacing_uses_cached_subtracks" time="0.328" /><testcase classname="Tests.test_pacing_subtrack" name="test_pacing_no_subtracks_default_false" time="1.394" /><testcase classname="Tests.test_pacing_subtrack" name="test_subtrack_boundary_anchors" time="0.324" /><testcase classname="Tests.test_pacing_subtrack" name="test_subtrack_boundary_anchors_empty" time="0.314" /><testcase classname="Tests.test_pacing_tempo_curve" name="test_pacing_uses_cached_tempo_curve" time="0.299" /><testcase classname="Tests.test_pacing_tempo_curve" name="test_tempo_at_time_helper" time="0.271" /><testcase classname="Tests.test_pacing_tempo_curve" name="test_tempo_at_time_no_curve_returns_default" time="0.248" /><testcase classname="Tests.test_pacing_video_data_flow" name="test_clip_data_includes_motion_curve_dominant_colors_tags_has_embedding" time="0.268" /><testcase classname="Tests.test_pacing_video_data_flow" name="test_clip_data_no_video_analysis_no_extras" time="0.243" /><testcase classname="Tests.test_pacing_video_key" name="test_audio_key_detector_returns_none_for_missing_file" time="0.246" /><testcase classname="Tests.test_pacing_video_key" name="test_audio_key_detector_with_real_audio" time="0.432" /><testcase classname="Tests.test_pacing_video_key" name="test_video_analysis_includes_audio_key_field" time="0.339" /><testcase classname="Tests.test_pacing_video_key" name="test_video_analysis_audio_key_none_on_failure" time="0.313" /><testcase classname="Tests.test_pacing_video_key" name="test_pacing_service_forwards_video_audio_key" time="0.247" /><testcase classname="Tests.test_pacing_video_key" name="test_clip_selector_key_matching_prefers_compatible_keys" time="0.282" /><testcase classname="Tests.test_pacing_video_key" name="test_clip_selector_key_matching_disabled_ignores_keys" time="0.241" /><testcase classname="Tests.test_persist_error_emit" name="test_emit_persist_error_no_loop_falls_back_to_log" time="0.237" /><testcase classname="Tests.test_persist_error_emit" name="test_emit_persist_error_with_loop_schedules_publish_event" time="0.269" /><testcase classname="Tests.test_persist_error_emit" name="test_emit_persist_error_truncates_long_detail" time="0.258" /><testcase classname="Tests.test_persist_error_emit" name="test_emit_persist_error_handles_publish_failure_gracefully" time="0.269" /><testcase classname="Tests.test_project_brain_binding" name="test_singleton_path_changes_only_after_successful_bind" time="0.331" /><testcase classname="Tests.test_project_brain_binding" name="test_failed_connection_initialization_preserves_old_connection" time="0.322" /><testcase classname="Tests.test_project_brain_binding" name="test_successful_connection_swap_closes_old_connection_after_init" time="0.309" /><testcase classname="Tests.test_project_brain_binding" name="test_open_bind_failure_preserves_previous_runtime_project" time="2.977" /><testcase classname="Tests.test_project_brain_binding" name="test_open_catalog_load_failure_preserves_previous_runtime_and_brain" time="2.967" /><testcase classname="Tests.test_project_brain_binding" name="test_create_bind_failure_preserves_previous_runtime_project" time="3.032" /><testcase classname="Tests.test_project_persistence.TestProjectLifecyclePersistence" name="test_create_save_open_roundtrip_persists_timeline_metadata" time="0.349" /><testcase classname="Tests.test_project_persistence.TestProjectLifecyclePersistence" name="test_roundtrip_timeline_endpoint_restores_flat_fields_after_reopen" time="0.431" /><testcase classname="Tests.test_project_persistence.TestProjectLifecyclePersistence" name="test_save_returns_error_when_project_db_sync_fails" time="0.384" /><testcase classname="Tests.test_project_persistence.TestProjectLifecyclePersistence" name="test_create_project_resets_stale_in_memory_state" time="0.380" /><testcase classname="Tests.test_project_persistence.TestProjectLifecyclePersistence" name="test_create_existing_project_returns_conflict_without_mutation" time="0.263" /><testcase classname="Tests.test_project_persistence.TestProjectLifecyclePersistence" name="test_concurrent_create_allows_exactly_one_success" time="0.329" /><testcase classname="Tests.test_project_persistence.TestProjectLifecyclePersistence" name="test_open_uses_project_specific_db_id_for_restore" time="0.288" /><testcase classname="Tests.test_project_persistence.TestProjectLifecyclePersistence" name="test_load_from_db_replaces_old_in_memory_catalog_instead_of_merging" time="0.242" /><testcase classname="Tests.test_publish_event_threadsafe" name="test_threadsafe_publish_from_worker_thread_wakes_main_loop" time="0.236" /><testcase classname="Tests.test_publish_event_threadsafe" name="test_threadsafe_publish_without_loop_is_noop" time="0.264" /><testcase classname="Tests.test_publish_event_threadsafe" name="test_threadsafe_publish_same_loop_direct" time="0.227" /><testcase classname="Tests.test_publish_event_threadsafe" name="test_queue_full_drops_oldest_and_keeps_latest_event" time="0.268" /><testcase classname="Tests.test_publish_event_threadsafe" name="test_filtered_event_never_consumes_queue_capacity_or_drop_budget" time="0.240" /><testcase classname="Tests.test_release_repair_audio_pacing" name="test_export_maps_source_audio_without_synthesizing_silence" time="0.261" /><testcase classname="Tests.test_release_repair_audio_pacing" name="test_full_length_chunk_evidence_covers_every_window_and_fault" time="28.694" /><testcase classname="Tests.test_release_repair_audio_pacing" name="test_part
[...]
_vector_operation_outbox" name="test_media_delete_recovers_after_sqlite_failure" time="0.355" /><testcase classname="Tests.test_vector_operation_outbox" name="test_vector_dedupe_recovery_never_exposes_unmapped_active_vector" time="0.333" /><testcase classname="Tests.test_vector_store.TestVectorStoreEmbeddings" name="test_add_embedding_returns_valid_id" time="0.328" /><testcase classname="Tests.test_vector_store.TestVectorStoreEmbeddings" name="test_add_embedding_rejects_wrong_dimension" time="0.306" /><testcase classname="Tests.test_vector_store.TestVectorStoreEmbeddings" name="test_linked_add_rejects_missing_media_before_index_write" time="0.263" /><testcase classname="Tests.test_vector_store.TestVectorStoreEmbeddings" name="test_failed_vector_map_insert_leaves_no_active_orphan" time="0.300" /><testcase classname="Tests.test_vector_store.TestVectorStoreSearch" name="test_search_returns_empty_for_empty_index" time="0.254" /><testcase classname="Tests.test_vector_store.TestVectorStoreSearch" name="test_search_returns_metadata_and_scores" time="0.282" /><testcase classname="Tests.test_vector_store.TestVectorStoreSearch" name="test_search_expands_past_tombstoned_top_hits" time="0.248" /><testcase classname="Tests.test_vector_store.TestVectorStoreTombstones" name="test_clean_tombstones_rebuilds_index" time="0.293" /><testcase classname="Tests.test_vector_store.TestVectorStoreTombstones" name="test_failed_vector_map_remap_keeps_active_index_and_tombstones" time="1.994" /><testcase classname="Tests.test_vector_store.TestVectorStoreSnapshotTransaction" name="test_failed_live_replace_restores_complete_previous_generation" time="0.296" /><testcase classname="Tests.test_vector_store.TestVectorStoreSnapshotTransaction" name="test_startup_recovery_restores_backups_before_load" time="0.266" /><testcase classname="Tests.test_vector_store.TestVectorStoreSnapshotTransaction" name="test_synchronous_save_commits_complete_generation" time="0.275" /><testcase classname="Tests.test_vector_store.TestVectorStoreLifecycle" name="test_writer_retries_failed_snapshot_without_clearing_dirty" time="0.325" /><testcase classname="Tests.test_vector_store.TestVectorStoreLifecycle" name="test_index_switch_closes_old_writer_and_close_allows_reopen" time="0.343" /><testcase classname="Tests.test_video_clipwave_endpoint" name="test_clipwave_returns_peaks" time="0.263" /><testcase classname="Tests.test_video_clipwave_endpoint" name="test_clipwave_404_unknown" time="0.291" /><testcase classname="Tests.test_video_clipwave_endpoint" name="test_clipwave_n_clamped" time="0.301" /><testcase classname="Tests.test_video_embedding_persist" name="test_app_state_persists_embedding_meta" time="0.288" /><testcase classname="Tests.test_video_embedding_persist" name="test_app_state_no_embedding_sets_zero" time="0.290" /><testcase classname="Tests.test_video_embedding_persist" name="test_video_clip_info_schema_has_embedding_fields" time="0.238" /><testcase classname="Tests.test_video_embedding_persist" name="test_video_analysis_result_has_embedding_samples" time="0.228" /><testcase classname="Tests.test_video_embedding_persist" name="test_update_video_analysis_partial_signature" time="0.279" /><testcase classname="Tests.test_video_hash_persist" name="test_persist_video_clip_meta_contains_video_hash" time="0.245" /><testcase classname="Tests.test_video_hash_persist" name="test_load_from_db_restores_video_hash" time="0.289" /><testcase classname="Tests.test_video_list_clips_post_analyze" name="test_list_clips_no_typeerror_after_analyze_persists_all_fields" time="0.297" /><testcase classname="Tests.test_video_list_clips_post_analyze" name="test_explicit_kwargs_filter_covers_all_documented_fields" time="0.242" /><testcase classname="Tests.test_video_moondream" name="test_video_analysis_populates_dominant_colors" time="0.433" /><testcase classname="Tests.test_video_moondream" name="test_video_analysis_skips_phase4_when_captions_disabled" time="0.361" /><testcase classname="Tests.test_video_moondream" name="test_extract_dominant_colors_red_image" time="1.590" /><testcase classname="Tests.test_video_moondream" name="test_extract_dominant_colors_empty_returns_empty" time="0.311" /><testcase classname="Tests.test_video_moondream" name="test_extract_tags_falls_back_when_moondream_unavailable" time="2.259" /><testcase classname="Tests.test_video_moondream" name="test_extract_tags_empty_input_returns_empty" time="0.248" /><testcase classname="Tests.test_video_peak_motion" name="test_run_video_analysis_sets_peak_motion" time="0.330" /><testcase classname="Tests.test_video_peak_motion" name="test_peak_motion_zero_when_empty" time="0.334" /><testcase classname="Tests.test_video_per_frame_progress" name="test_motion_analyzer_calls_on_progress_per_frame" time="0.336" /><testcase classname="Tests.test_video_per_frame_progress" name="test_motion_analyzer_works_without_callback" time="0.397" /><testcase classname="Tests.test_video_per_frame_progress" name="test_motion_analyzer_callback_exception_is_swallowed" time="0.338" /><testcase classname="Tests.test_video_per_frame_progress" name="test_motion_segment_calculates_flow_once_per_frame_pair" time="0.394" /><testcase classname="Tests.test_video_pipeline_truth" name="test_raft_init_failure_is_not_a_static_zero_flow" time="0.299" /><testcase classname="Tests.test_video_pipeline_truth" name="test_gpu_stage_failures_are_explicit" time="0.557" /><testcase classname="Tests.test_video_pipeline_truth" name="test_color_analysis_runs_when_captions_are_disabled" time="0.350" /><testcase classname="Tests.test_video_pipeline_truth" name="test_representative_indices_are_bounded_and_span_video" time="0.242" /><testcase classname="Tests.test_video_pipeline_truth" name="test_motion_peaks_come_from_motion_curve" time="0.244" /><testcase classname="Tests.test_video_pipeline_truth" name="test_embedding_hash_hit_skips_siglip" time="0.230" /><testcase classname="Tests.test_video_pipeline_truth" name="test_scene_confidence_is_nullable_without_detector_score" time="0.262" /><testcase classname="Tests.test_video_pipeline_truth" name="test_import_progress_uses_input_position_for_skips" time="0.237" /><testcase classname="Tests.test_video_pipeline_truth" name="test_video_schema_exposes_truthful_stage_and_color_controls" time="0.243" /><testcase classname="Tests.test_video_thumbnail_flag" name="test_app_state_update_video_clip_sets_flag" time="0.227" /><testcase classname="Tests.test_video_thumbnail_flag" name="test_app_state_update_video_clip_unknown_id_no_crash" time="0.243" /><testcase classname="Tests.test_video_thumbnail_flag" name="test_app_state_update_video_clip_multiple_fields" time="0.255" /><testcase classname="Tests.test_video_thumbnail_flag" name="test_video_clip_info_has_thumbnail_available" time="0.245" /><testcase classname="Tests.test_video_thumbstrip_endpoint" name="test_thumbstrip_returns_n_base64_frames" time="0.262" /><testcase classname="Tests.test_video_thumbstrip_endpoint" name="test_thumbstrip_404_unknown_clip" time="0.238" /><testcase classname="Tests.test_video_thumbstrip_endpoint" name="test_thumbstrip_n_clamped_to_safe_range" time="0.262" /><testcase classname="Tests.test_visual_curves" name="test_visual_curves_uniform_gray" time="0.284" /><testcase classname="Tests.test_visual_curves" name="test_visual_curves_warm_vs_cool" time="0.281" /><testcase classname="Tests.test_visual_curves" name="test_visual_curves_missing" time="0.257" /><testcase classname="Tests.test_vram_arbiter.TestVRAMArbiterAllocation" name="test_can_allocate_with_sufficient_vram" time="0.320" /><testcase classname="Tests.test_vram_arbiter.TestVRAMArbiterAllocation" name="test_can_allocate_denies_when_insufficient" time="0.328" /><testcase classname="Tests.test_vram_arbiter.TestVRAMArbiterReserveRelease" name="test_reserve_increases_tracked_amount" time="0.294" /><testcase classname="Tests.test_vram_arbiter.TestVRAMArbiterReserveRelease" name="test_commit_updates_budget_manager" time="0.271" /><testcase classname="Tests.test_vram_arbiter.TestVRAMArbiterReserveRelease" name="test_release_decreases_tracked_amount" time="0.288" /><testcase classname="Tests.test_vram_budget_manager" name="test_vram_allocation_and_eviction" time="0.282" /><testcase classname="Tests.test_vram_budget_manager" name="test_eviction_lru" time="0.276" /><testcase classname="Tests.test_vram_telemetry.TestTelemetryRecording" name="test_first_observation_initialisiert_aggregate" time="0.275" /><testcase classname="Tests.test_vram_telemetry.TestTelemetryRecording" name="test_mehrere_beobachtungen_aggregieren_korrekt" time="0.287" /><testcase classname="Tests.test_vram_telemetry.TestTelemetryRecording" name="test_failure_observation_setzt_last_error" time="0.273" /><testcase classname="Tests.test_vram_telemetry.TestTelemetryRecording" name="test_negative_werte_werden_geclamped" time="0.265" /><testcase classname="Tests.test_vram_telemetry.TestTelemetryRecording" name="test_leerer_model_id_landet_unter_unknown" time="0.239" /><testcase classname="Tests.test_vram_telemetry.TestHistogramBuckets" name="test_durations_landen_in_passenden_buckets" time="0.242" /><testcase classname="Tests.test_vram_telemetry.TestHistogramBuckets" name="test_vram_overflow_geht_in_inf_bucket" time="0.247" /><testcase classname="Tests.test_vram_telemetry.TestHistogramBuckets" name="test_summary_enthaelt_bucket_definitionen" time="0.229" /><testcase classname="Tests.test_vram_telemetry.TestTelemetryReset" name="test_reset_einzelnes_model" time="0.270" /><testcase classname="Tests.test_vram_telemetry.TestTelemetryReset" name="test_reset_alle" time="0.237" /><testcase classname="Tests.test_vram_telemetry.TestWithGpuTaskTelemetry" name="test_externally_managed_budget_is_not_double_counted" time="0.240" /><testcase classname="Tests.test_vram_telemetry.TestWithGpuTaskTelemetry" name="test_erfolgsfall_traegt_observation_ein" time="0.236" /><testcase classname="Tests.test_vram_telemetry.TestWithGpuTaskTelemetry" name="test_fehlerfall_traegt_failure_ein" time="0.334" /><testcase classname="Tests.test_vram_telemetry.TestHealthVramEndpoint" name="test_endpoint_ohne_observations" time="0.322" /><testcase classname="Tests.test_vram_telemetry.TestHealthVramEndpoint" name="test_endpoint_zeigt_observation_nach_record" time="0.290" /><testcase classname="Tests.test_vram_telemetry.TestHealthVramEndpoint" name="test_endpoint_mit_model_id_filter" time="0.292" /><testcase classname="Tests.test_waveform_analyzer.TestWaveformAnalyzer" name="test_init" time="0.246" /><testcase classname="Tests.test_waveform_analyzer.TestWaveformAnalyzer" name="test_band_frequencies" time="0.258" /><testcase classname="Tests.test_waveform_analyzer.TestWaveformAnalyzer" name="test_empty_waveform" time="0.237" /><testcase classname="Tests.test_waveform_analyzer.TestWaveformAnalyzer" name="test_rms_envelope" time="0.259" /><testcase classname="Tests.test_waveform_analyzer.TestWaveformAnalyzer" name="test_bandpass_filter" time="0.264" /><testcase classname="Tests.test_waveform_analyzer.TestWaveformAnalyzer" name="test_time_axis" time="0.288" /><testcase classname="Tests.test_waveform_analyzer.TestWaveformAnalyzer" name="test_downsampling_never_exceeds_target_points" time="0.262" /><testcase classname="Tests.test_waveform_analyzer.TestWaveformAnalyzer" name="test_extract_3band_waveform" time="0.000"><skipped type="pytest.skip" message="Test audio file not available">C:\Users\david\Documents\Pb_studio_AMD_version\Tests\test_waveform_analyzer.py:118: Test audio file not available</skipped></testcase><testcase classname="Tests.test_waveform_analyzer.TestWaveformAnalyzer" name="test_downsampled_waveform" time="0.000"><skipped type="pytest.skip" message="Test audio file not available">C:\Users\david\Documents\Pb_studio_AMD_version\Tests\test_waveform_analyzer.py:141: Test audio file not available</skipped></testcase><testcase classname="Tests.test_waveform_analyzer.TestWaveformAnalyzer" name="test_frequency_content_analysis" time="0.000"><skipped type="pytest.skip" message="Test audio file not available">C:\Users\david\Documents\Pb_studio_AMD_version\Tests\test_waveform_analyzer.py:162: Test audio file not available</skipped></testcase><testcase classname="Tests.test_waveform_analyzer.TestWaveformCache" name="test_init" time="0.251" /><testcase classname="Tests.test_waveform_analyzer.TestWaveformCache" name="test_empty_cache" time="0.230" /><testcase classname="Tests.test_waveform_analyzer.TestWaveformCache" name="test_put_and_get" time="0.234" /><testcase classname="Tests.test_waveform_analyzer.TestWaveformCache" name="test_lru_eviction" time="0.237" /><testcase classname="Tests.test_waveform_analyzer.TestWaveformCache" name="test_remove" time="0.242" /><testcase classname="Tests.test_waveform_analyzer.TestWaveformCache" name="test_clear" time="0.253" /><testcase classname="Tests.test_waveform_analyzer.TestWaveformCache" name="test_stats" time="0.306" /><testcase classname="Tests.test_waveform_analyzer.TestWaveformCache" name="test_contains" time="0.255" /><testcase classname="Tests.test_waveform_analyzer.TestWaveformCache" name="test_size_estimation" time="0.307" /><testcase classname="Tests.test_waveform_analyzer.TestWaveformCache" name="test_hash_covers_file_tail" time="0.349" /><testcase classname="Tests.test_wpf_api_dto_contract" name="test_handwritten_analysis_dtos_include_current_openapi_fields" time="0.257" /><testcase classname="Tests.test_wpf_async_gate_lifecycle_contract" name="test_inflight_load_gates_are_not_disposed_by_viewmodel_scope_shutdown" time="0.282" /><testcase classname="Tests.test_wpf_async_gate_lifecycle_contract" name="test_anchor_dispose_invalidates_work_and_blocks_followup_reload" time="0.227" /><testcase classname="Tests.test_wpf_async_gate_lifecycle_contract" name="test_director_dispose_invalidates_work_and_blocks_followup_reload" time="0.274" /><testcase classname="Tests.test_wpf_brain_load_lifecycle_contract" name="test_brain_stats_and_learning_loads_are_generation_bound" time="0.274" /><testcase classname="Tests.test_wpf_chat_lifecycle_contract" name="test_chat_stream_is_scope_bound_and_generation_guarded" time="0.334" /><testcase classname="Tests.test_wpf_file_logging_contract" name="test_file_logger_queues_writes_off_the_calling_thread" time="0.281" /><testcase classname="Tests.test_wpf_file_logging_contract" name="test_main_window_has_no_global_click_audit_hook" time="0.277" /><testcase classname="Tests.test_wpf_learning_session_contract" name="test_learning_session_play_pause_is_a_real_toggle" time="0.273" /><testcase classname="Tests.test_wpf_model_manager_lifecycle_contract" name="test_each_model_manager_load_owns_cts_and_current_loading_state" time="0.334" /><testcase classname="Tests.test_wpf_project_cache_contract" name="test_direct_project_switch_publishes_full_lifecycle" time="0.293" /><testcase classname="Tests.test_wpf_project_cache_contract" name="test_audio_project_reset_invalidates_shared_cache" time="0.270" /><testcase classname="Tests.test_wpf_project_cache_contract" name="test_export_project_switch_clears_and_reloads_timeline_state" time="0.276" /><testcase classname="Tests.test_wpf_project_cache_contract" name="test_library_state_services_reject_late_refresh_results" time="0.372" /><testcase classname="Tests.test_wpf_project_cache_contract" name="test_video_project_reset_clears_thumbnail_identity_caches" time="0.295" /><testcase classname="Tests.test_wpf_project_cache_contract" name="test_project_lifecycle_messages_are_dispatched_to_ui_thread" time="0.271" /><testcase classname="Tests.test_wpf_project_cache_contract" name="test_failed_project_close_preserves_local_state_and_caches" time="0.359" /><testcase classname="Tests.test_wpf_project_cache_contract" name="test_project_info_refresh_uses_single_dispatched_switch_lifecycle" time="0.344" /><testcase classname="Tests.test_wpf_project_cache_contract" name="test_project_save_publishes_state_on_ui_thread" time="0.293" /><testcase classname="Tests.test_wpf_project_command_wiring" name="test_project_overview_exposes_save_and_close_for_open_projects" time="0.279" /><testcase classname="Tests.test_wpf_project_command_wiring" name="test_project_commands_are_not_duplicated_in_main_view_model" time="0.231" /><testcase classname="Tests.test_wpf_project_command_wiring" name="test_anchor_audio_reload_remains_internal_without_generated_command" time="0.268" /><testcase classname="Tests.test_wpf_project_overview_di_contract" name="test_project_overview_does_not_inject_unused_video_state" time="0.340" /><testcase classname="Tests.test_wpf_project_overview_refresh_lifecycle_contract" name="test_project_overview_coalesces_refreshes_and_rejects_stale_results" time="0.295" /><testcase classname="Tests.test_wpf_project_overview_status_contract" name="test_project_overview_uses_derived_timeline_status_and_action_state" time="0.273" /><testcase classname="Tests.test_wpf_python_bridge_gate_lifecycle_contract" name="test_bridge_dispose_keeps_gate_alive_for_inflight_start_or_stop" time="0.253" /><testcase classname="Tests.test_wpf_python_bridge_gate_lifecycle_contract" name="test_app_exit_can_dispose_provider_after_bounded_cleanup_wait" time="0.232" /><testcase classname="Tests.test_wpf_python_runtime_contract" name="test_python_bridge_accepts_only_verified_python_311" time="0.287" /><testcase classname="Tests.test_wpf_settings_debounce_contract" name="test_vram_debounce_preserves_ui_context_and_disposes_replaced_cts" time="0.228" /><testcase classname="Tests.test_wpf_settings_debounce_contract" name="test_ffmpeg_probe_is_path_bound_and_only_current_probe_clears_state" time="0.240" /><testcase classname="Tests.test_wpf_sse_connection_aggregation_contract" name="test_sse_connection_state_is_aggregated_by_stream_and_generation" time="0.270" /><testcase classname="Tests.test_wpf_sse_listener_generation_contract" name="test_sse_start_captures_one_local_cts_for_all_listener_tasks" time="0.347" /><testcase classname="Tests.test_wpf_sse_progress_contract" name="test_video_and_director_progress_are_correlated" time="0.306" /><testcase classname="Tests.test_wpf_sse_reconnect_lock_contract" name="test_sse_reconnect_dictionary_lookup_and_update_share_state_lock" time="0.283" /><testcase classname="Tests.test_wpf_terminal_history_contract" name="test_terminal_sources_share_a_bounded_replay_buffer" time="0.353" /><testcase classname="Tests.test_wpf_terminal_history_contract" name="test_terminal_view_model_replays_and_clears_shared_history" time="0.326" /><testcase classname="Tests.test_wpf_terminal_history_contract" name="test_terminal_buffer_redacts_secrets_and_absolute_paths_centrally" time="0.255" /><testcase classname="Tests.test_wpf_timeline_reset_lifecycle_contract" name="test_timeline_reset_invalidates_async_generations_and_keeps_gate_alive" time="0.290" /><testcase classname="Tests.test_wpf_video_scene_selection_contract" name="test_video_scenes_apply_only_to_current_selection_and_generation" time="0.337" /><testcase classname="Tests.test_wpf_vram_telemetry_lifecycle_contract" name="test_each_telemetry_load_owns_cts_and_only_current_load_clears_state" time="0.333" /><testcase classname="Tests.test_wpf_w9_lifecycle_contract" name="test_runtime_environment_is_applied_before_backend_start" time="0.292" /><testcase classname="Tests.test_wpf_w9_lifecycle_contract" name="test_app_exit_preserves_externally_managed_backend" time="0.294" /><testcase classname="Tests.test_wpf_w9_lifecycle_contract" name="test_audio_stems_and_pacing_use_project_generation_and_cancellation" time="0.312" /><testcase classname="Tests.test_wpf_w9_lifecycle_contract" name="test_embedding_status_flows_from_list_dto_to_view" time="0.325" /><testcase classname="Tests.test_wpf_w9_lifecycle_contract" name="test_timeline_asset_load_is_deduplicated_and_cancellable" time="0.319" /><testcase classname="Tests.test_wpf_w9_lifecycle_contract" name="test_brain_selection_and_navigation_controls_are_reachable" time="0.300" /></testsuite></testsuites>